2015-06-15 04:42:41.390 [INFO ] [.o.core.internal.CoreActivator] - openHAB runtime has been started (v1.6.2).
2015-06-15 04:42:59.430 [INFO ] [o.o.i.s.i.DiscoveryServiceImpl] - mDNS service has been started
2015-06-15 04:42:59.633 [INFO ] [o.o.i.s.i.DiscoveryServiceImpl] - Service Discovery initialization completed.
2015-06-15 04:42:59.653 [INFO ] [.io.transport.mqtt.MqttService] - MQTT Service initialization completed.
2015-06-15 04:42:59.656 [INFO ] [o.i.t.m.i.MqttBrokerConnection] - Starting MQTT broker connection 'mybroker'
2015-06-15 04:43:06.532 [INFO ] [c.internal.ModelRepositoryImpl] - Loading model 'db4o.persist'
2015-06-15 04:43:09.163 [INFO ] [c.internal.ModelRepositoryImpl] - Loading model 'rrd4j.persist'
2015-06-15 04:43:09.209 [INFO ] [c.internal.ModelRepositoryImpl] - Loading model 'logging.persist'
2015-06-15 04:43:09.284 [INFO ] [c.internal.ModelRepositoryImpl] - Loading model 'exec.persist'
2015-06-15 04:43:09.504 [INFO ] [c.internal.ModelRepositoryImpl] - Loading model 'myitems.items'
2015-06-15 04:43:20.483 [INFO ] [c.internal.ModelRepositoryImpl] - Loading model 'demo.sitemap'
2015-06-15 04:43:22.358 [INFO ] [c.internal.ModelRepositoryImpl] - Loading model 'home.sitemap'
2015-06-15 04:43:23.249 [INFO ] [c.internal.ModelRepositoryImpl] - Loading model 'demo.script'
2015-06-15 04:43:24.056 [INFO ] [penhab.io.rest.RESTApplication] - Started REST API at /rest
2015-06-15 04:43:29.768 [INFO ] [.o.u.w.i.servlet.WebAppServlet] - Started Classic UI at /openhab.app
2015-06-15 04:43:44.880 [INFO ] [c.internal.ModelRepositoryImpl] - Loading model 'home.rules'
2015-06-15 04:44:01.197 [WARN ] [.c.i.events.EventPublisherImpl] - given new state is NULL, couldn't post update for 'nobodyHome'
2015-06-15 04:44:25.286 [INFO ] [.service.AbstractActiveService] - FritzBox refresh Service has been started
2015-06-15 04:44:30.537 [ERROR] [b.b.i.BTDeviceDiscoveryService] - Error while initializing local bluetooth device.
javax.bluetooth.BluetoothStateException: BlueCove com.intel.bluetooth.BluetoothStackBlueZ|com.intel.bluetooth.BluetoothStackBlueZDBus not available
	at com.intel.bluetooth.BlueCoveImpl.loadStackClass(BlueCoveImpl.java:363) ~[na:na]
	at com.intel.bluetooth.BlueCoveImpl.detectStack(BlueCoveImpl.java:454) ~[na:na]
	at com.intel.bluetooth.BlueCoveImpl.access$500(BlueCoveImpl.java:70) ~[na:na]
	at com.intel.bluetooth.BlueCoveImpl$1.run(BlueCoveImpl.java:1085) ~[na:na]
	at java.security.AccessController.doPrivileged(Native Method) ~[na:1.7.0_79]
	at com.intel.bluetooth.BlueCoveImpl.detectStackPrivileged(BlueCoveImpl.java:1083) ~[na:na]
	at com.intel.bluetooth.BlueCoveImpl.getBluetoothStack(BlueCoveImpl.java:1076) ~[na:na]
	at javax.bluetooth.LocalDevice.getLocalDeviceInstance(LocalDevice.java:75) ~[na:na]
	at javax.bluetooth.LocalDevice.getLocalDevice(LocalDevice.java:95) ~[na:na]
	at org.openhab.binding.bluetooth.internal.BTDeviceDiscoveryService.run(BTDeviceDiscoveryService.java:113) ~[na:na]
2015-06-15 04:44:30.622 [INFO ] [.service.AbstractActiveService] - RME Refresh Service has been started
2015-06-15 04:44:31.163 [INFO ] [.service.AbstractActiveService] - HDanywhere Refresh Service has been started
2015-06-15 04:44:31.645 [INFO ] [.service.AbstractActiveService] - Oceanic Refresh Service has been started
2015-06-15 04:44:31.838 [INFO ] [t.AbstractSocketChannelBinding] - The maximum buffer will be set to the default value of 1024
2015-06-15 04:44:38.076 [INFO ] [t.AbstractSocketChannelBinding] - The interval to retry connection setups will be set to the default value of 5
2015-06-15 04:44:38.078 [INFO ] [t.AbstractSocketChannelBinding] - The cron job to reset connections will be set to the default value of 0 0 0 * * ?
2015-06-15 04:44:38.080 [INFO ] [t.AbstractSocketChannelBinding] - The setting to queue write operation until a channel gets connected will be set to the default value of true
2015-06-15 04:44:38.082 [INFO ] [t.AbstractSocketChannelBinding] - The port to listen for incoming connections will be set to the default value of 0
2015-06-15 04:44:38.101 [INFO ] [t.AbstractSocketChannelBinding] - The setting to share channels within an Item will be set to the default value of true
2015-06-15 04:44:38.104 [INFO ] [t.AbstractSocketChannelBinding] - The setting to share channels between the items with the same direction will be set to the default value of true
2015-06-15 04:44:38.107 [INFO ] [t.AbstractSocketChannelBinding] - The setting to share channels between directions will be set to the default value of true
2015-06-15 04:44:38.110 [INFO ] [t.AbstractSocketChannelBinding] - The setting to use address masks for incoming connections will be set to the default value of true
2015-06-15 04:44:38.114 [INFO ] [t.protocol.internal.TCPBinding] - The maximum time out for blocking write operations will be set to the default vaulue of 3000
2015-06-15 04:44:38.117 [INFO ] [t.protocol.internal.TCPBinding] - The blocking nature of read/write operations will be set to the default vaulue of false
2015-06-15 04:44:38.120 [INFO ] [t.protocol.internal.TCPBinding] - The preamble for all write operations will be set to the default vaulue of 
2015-06-15 04:44:38.122 [INFO ] [.service.AbstractActiveService] - TCP Refresh Service has been started
2015-06-15 04:44:38.124 [INFO ] [t.protocol.internal.TCPBinding] - The postamble for all write operations will be set to the default vaulue of 

2015-06-15 04:44:38.141 [INFO ] [t.protocol.internal.TCPBinding] - Updating states with returned values will be set to the default vaulue of true
2015-06-15 04:44:38.143 [INFO ] [t.protocol.internal.TCPBinding] - The characterset will be set to the default vaulue of ASCII
2015-06-15 04:44:38.408 [INFO ] [.service.AbstractActiveService] - Sonos Refresh Service has been started
2015-06-15 04:44:39.134 [INFO ] [.b.sonos.internal.SonosBinding] - Querying the network for any other Sonos device
2015-06-15 04:44:46.135 [INFO ] [rg.openhab.io.cv.CVApplication] - Started Cometvisu API at /services/cv
2015-06-15 04:44:52.104 [INFO ] [.b.sonos.internal.SonosBinding] - A non-Sonos device (ASUSTeK Computer Inc. RT-N14U 3.0.0.4.372) is found and will be ignored
2015-06-15 04:44:57.021 [INFO ] [.o.io.habmin.HABminApplication] - Started HABmin REST API at /services/habmin
2015-06-15 04:45:02.603 [INFO ] [.w.i.api.WithingsAuthenticator] - #########################################################################################
2015-06-15 04:45:02.605 [INFO ] [.w.i.api.WithingsAuthenticator] - # Withings Binding needs authentication.
2015-06-15 04:45:02.606 [INFO ] [.w.i.api.WithingsAuthenticator] - # Execute 'withings:startAuthentication' on OSGi console.
2015-06-15 04:45:02.608 [INFO ] [.w.i.api.WithingsAuthenticator] - #########################################################################################
2015-06-15 04:45:08.818 [INFO ] [.service.AbstractActiveService] - XBMC Refresh Service has been started
2015-06-15 04:45:09.361 [INFO ] [b.s.internal.SysteminfoBinding] - Using Sigar version 1.6.4.129
2015-06-15 04:45:09.368 [ERROR] [b.s.internal.SysteminfoBinding] - System monitor error: {}
org.hyperic.sigar.SigarException: java.lang.UnsatisfiedLinkError: org.hyperic.sigar.Sigar.getNetInterfaceList()[Ljava/lang/String;
	at org.hyperic.sigar.SigarProxyCache.invoke(SigarProxyCache.java:220) ~[sigar-1.6.4.jar:na]
	at com.sun.proxy.$Proxy79.getNetInterfaceList(Unknown Source) ~[na:na]
	at org.openhab.binding.systeminfo.internal.SysteminfoBinding.initializeSystemMonitor(SysteminfoBinding.java:400) [bundlefile:na]
	at org.openhab.binding.systeminfo.internal.SysteminfoBinding.updated(SysteminfoBinding.java:384) [bundlefile:na]
	at org.eclipse.equinox.internal.cm.ManagedServiceTracker$1.run(ManagedServiceTracker.java:183) [org.eclipse.equinox.cm_1.0.400.v20120522-1841.jar:na]
	at org.eclipse.equinox.internal.cm.SerializedTaskQueue$1.run(SerializedTaskQueue.java:36) [org.eclipse.equinox.cm_1.0.400.v20120522-1841.jar:na]
2015-06-15 04:45:09.372 [INFO ] [.service.AbstractActiveService] - Systeminfo Refresh Service has been started
2015-06-15 04:45:10.154 [INFO ] [.b.k8055.internal.k8055Binding] - No config supplied - using default values
2015-06-15 04:45:11.426 [INFO ] [.service.AbstractActiveService] - Anel NET-PwrCtrl Service has been started
2015-06-15 04:45:11.685 [INFO ] [.b.s.internal.SamsungAcBinding] - active
2015-06-15 04:45:16.956 [INFO ] [.service.AbstractActiveService] - Wemo Refresh Service has been started
2015-06-15 04:45:17.244 [INFO ] [.service.AbstractActiveService] - IRtrans Refresh Service has been started
2015-06-15 04:45:19.101 [INFO ] [o.b.p.internal.PifaceActivator] - Piface binding has been started.
2015-06-15 04:45:22.166 [INFO ] [.service.AbstractActiveService] - Exec Refresh Service has been started
2015-06-15 04:45:23.574 [INFO ] [insteonplm.InsteonPLMActivator] - Insteon PLM binding has been started.
2015-06-15 04:45:25.749 [ERROR] [.jpa.internal.JpaConfiguration] - Got a null properties object!
2015-06-15 04:45:32.884 [WARN ] [i.internal.GenericItemProvider] - Attempted to register a second BindingConfigReader of type 'zwave'. The primaraly reader will remain active!
2015-06-15 04:45:37.972 [INFO ] [.service.AbstractActiveService] - VDR Monitor Service has been started
2015-06-15 04:45:49.614 [INFO ] [.service.AbstractActiveService] - SNMP Refresh Service has been started
2015-06-15 04:45:50.238 [INFO ] [.o.i.t.xpl.XplTransportService] - xPL Manager source address set to clinique-openhab.openhab
2015-06-15 04:45:50.311 [INFO ] [.o.i.t.xpl.XplTransportService] - xPL transport has been started
2015-06-15 04:46:14.789 [INFO ] [.b.t.internal.TellstickBinding] - Activate Thread[Component Resolve Thread (Bundle 98),10,main]
2015-06-15 04:46:16.633 [INFO ] [.service.AbstractActiveService] - HTTP Refresh Service has been started
2015-06-15 04:46:29.581 [INFO ] [.b.knx.internal.bus.KNXBinding] - Calimero library version 2.2.0-alpha
2015-06-15 05:29:17.552 [INFO ] [g.openhab.io.net.exec.ExecUtil] - executed commandLine '/opt/openhab/configurations/scripts/send_tg.sh "В помещении дым!"'
2015-06-15 05:43:33.787 [INFO ] [c.internal.ModelRepositoryImpl] - Refreshing model 'myitems.items'
2015-06-15 05:43:33.889 [ERROR] [i.internal.GenericItemProvider] - Binding configuration of type 'mqtt' of item ‘nobodyHome‘ could not be parsed correctly.
org.openhab.model.item.binding.BindingConfigParseException: Configuration 'mybroker:/server/status/nobodyHome:state:default' is not a valid outbound configuration: Configuration requires 5 parameters separated by ':'
	at org.openhab.binding.mqtt.internal.MqttMessagePublisher.<init>(MqttMessagePublisher.java:91) ~[na:na]
	at org.openhab.binding.mqtt.internal.MqttItemConfig.<init>(MqttItemConfig.java:63) ~[na:na]
	at org.openhab.binding.mqtt.internal.MqttGenericBindingProvider.processBindingConfiguration(MqttGenericBindingProvider.java:59) ~[na:na]
	at org.openhab.model.item.internal.GenericItemProvider.internalDispatchBindings(GenericItemProvider.java:341) [org.openhab.model.item_1.6.2.jar:na]
	at org.openhab.model.item.internal.GenericItemProvider.internalDispatchBindings(GenericItemProvider.java:317) [org.openhab.model.item_1.6.2.jar:na]
	at org.openhab.model.item.internal.GenericItemProvider.processBindingConfigsFromModel(GenericItemProvider.java:171) [org.openhab.model.item_1.6.2.jar:na]
	at org.openhab.model.item.internal.GenericItemProvider.modelChanged(GenericItemProvider.java:379) [org.openhab.model.item_1.6.2.jar:na]
	at org.openhab.model.core.internal.ModelRepositoryImpl.notifyListeners(ModelRepositoryImpl.java:158) [org.openhab.model.core_1.6.2.jar:na]
	at org.openhab.model.core.internal.ModelRepositoryImpl.addOrRefreshModel(ModelRepositoryImpl.java:99) [org.openhab.model.core_1.6.2.jar:na]
	at org.openhab.model.core.internal.folder.FolderObserver.checkFolder(FolderObserver.java:142) [org.openhab.model.core_1.6.2.jar:na]
	at org.openhab.model.core.internal.folder.FolderObserver.run(FolderObserver.java:99) [org.openhab.model.core_1.6.2.jar:na]
2015-06-15 06:16:46.785 [INFO ] [c.internal.ModelRepositoryImpl] - Refreshing model 'myitems.items'
2015-06-15 08:19:40.567 [WARN ] [e.jetty.servlet.ServletHandler] - /openhab.app
org.openhab.ui.webapp.render.RenderException: Sitemap 'test' could not be found
	at org.openhab.ui.webapp.internal.servlet.WebAppServlet.service(WebAppServlet.java:114) ~[na:na]
	at org.eclipse.equinox.http.servlet.internal.ServletRegistration.service(ServletRegistration.java:61) ~[na:na]
	at org.eclipse.equinox.http.servlet.internal.ProxyServlet.processAlias(ProxyServlet.java:128) ~[na:na]
	at org.eclipse.equinox.http.servlet.internal.ProxyServlet.service(ProxyServlet.java:60) ~[na:na]
	at javax.servlet.http.HttpServlet.service(HttpServlet.java:848) ~[javax.servlet_3.0.0.v201112011016.jar:na]
	at org.eclipse.jetty.servlet.ServletHolder.handle(ServletHolder.java:598) ~[org.eclipse.jetty.servlet_8.1.3.v20120522.jar:8.1.3.v20120522]
	at org.eclipse.jetty.servlet.ServletHandler.doHandle(ServletHandler.java:486) [org.eclipse.jetty.servlet_8.1.3.v20120522.jar:8.1.3.v20120522]
	at org.eclipse.jetty.server.session.SessionHandler.doHandle(SessionHandler.java:231) [org.eclipse.jetty.server_8.1.3.v20120522.jar:8.1.3.v20120522]
	at org.eclipse.jetty.server.handler.ContextHandler.doHandle(ContextHandler.java:1065) [org.eclipse.jetty.server_8.1.3.v20120522.jar:8.1.3.v20120522]
	at org.eclipse.jetty.servlet.ServletHandler.doScope(ServletHandler.java:413) [org.eclipse.jetty.servlet_8.1.3.v20120522.jar:8.1.3.v20120522]
	at org.eclipse.jetty.server.session.SessionHandler.doScope(SessionHandler.java:192) [org.eclipse.jetty.server_8.1.3.v20120522.jar:8.1.3.v20120522]
	at org.eclipse.jetty.server.handler.ContextHandler.doScope(ContextHandler.java:999) [org.eclipse.jetty.server_8.1.3.v20120522.jar:8.1.3.v20120522]
	at org.eclipse.jetty.server.handler.ScopedHandler.handle(ScopedHandler.java:117) [org.eclipse.jetty.server_8.1.3.v20120522.jar:8.1.3.v20120522]
	at org.eclipse.jetty.server.handler.ContextHandlerCollection.handle(ContextHandlerCollection.java:250) [org.eclipse.jetty.server_8.1.3.v20120522.jar:8.1.3.v20120522]
	at org.eclipse.jetty.server.handler.HandlerCollection.handle(HandlerCollection.java:149) [org.eclipse.jetty.server_8.1.3.v20120522.jar:8.1.3.v20120522]
	at org.eclipse.jetty.server.handler.HandlerWrapper.handle(HandlerWrapper.java:111) [org.eclipse.jetty.server_8.1.3.v20120522.jar:8.1.3.v20120522]
	at org.eclipse.jetty.server.Server.handle(Server.java:350) [org.eclipse.jetty.server_8.1.3.v20120522.jar:8.1.3.v20120522]
	at org.eclipse.jetty.server.AbstractHttpConnection.handleRequest(AbstractHttpConnection.java:454) [org.eclipse.jetty.server_8.1.3.v20120522.jar:8.1.3.v20120522]
	at org.eclipse.jetty.server.AbstractHttpConnection.headerComplete(AbstractHttpConnection.java:890) [org.eclipse.jetty.server_8.1.3.v20120522.jar:8.1.3.v20120522]
	at org.eclipse.jetty.server.AbstractHttpConnection$RequestHandler.headerComplete(AbstractHttpConnection.java:944) [org.eclipse.jetty.server_8.1.3.v20120522.jar:8.1.3.v20120522]
	at org.eclipse.jetty.http.HttpParser.parseNext(HttpParser.java:630) [org.eclipse.jetty.http_8.1.3.v20120522.jar:8.1.3.v20120522]
	at org.eclipse.jetty.http.HttpParser.parseAvailable(HttpParser.java:230) [org.eclipse.jetty.http_8.1.3.v20120522.jar:8.1.3.v20120522]
	at org.eclipse.jetty.server.AsyncHttpConnection.handle(AsyncHttpConnection.java:77) [org.eclipse.jetty.server_8.1.3.v20120522.jar:8.1.3.v20120522]
	at org.eclipse.jetty.io.nio.SelectChannelEndPoint.handle(SelectChannelEndPoint.java:606) [org.eclipse.jetty.io_8.1.3.v20120522.jar:8.1.3.v20120522]
	at org.eclipse.jetty.io.nio.SelectChannelEndPoint$1.run(SelectChannelEndPoint.java:46) [org.eclipse.jetty.io_8.1.3.v20120522.jar:8.1.3.v20120522]
	at org.eclipse.jetty.util.thread.QueuedThreadPool.runJob(QueuedThreadPool.java:603) [org.eclipse.jetty.util_8.1.3.v20120522.jar:8.1.3.v20120522]
	at org.eclipse.jetty.util.thread.QueuedThreadPool$3.run(QueuedThreadPool.java:538) [org.eclipse.jetty.util_8.1.3.v20120522.jar:8.1.3.v20120522]
	at java.lang.Thread.run(Thread.java:745) [na:1.7.0_79]
2015-06-15 10:32:13.557 [INFO ] [penhab.io.rest.RESTApplication] - Stopped REST API
2015-06-15 10:32:17.603 [INFO ] [.o.u.w.i.servlet.WebAppServlet] - Stopped Classic UI
2015-06-15 10:32:17.900 [INFO ] [rg.openhab.io.cv.CVApplication] - Stopped CometVisu API
2015-06-15 10:32:21.922 [INFO ] [.o.io.habmin.HABminApplication] - Stopped HABmin REST API
2015-06-16 05:17:57.637 [INFO ] [.o.core.internal.CoreActivator] - openHAB runtime has been started (v1.6.2).
2015-06-16 05:18:09.281 [INFO ] [o.o.i.s.i.DiscoveryServiceImpl] - mDNS service has been started
2015-06-16 05:18:09.496 [INFO ] [o.o.i.s.i.DiscoveryServiceImpl] - Service Discovery initialization completed.
2015-06-16 05:18:13.756 [INFO ] [.io.transport.mqtt.MqttService] - MQTT Service initialization completed.
2015-06-16 05:18:13.759 [INFO ] [o.i.t.m.i.MqttBrokerConnection] - Starting MQTT broker connection 'mybroker'
2015-06-16 05:18:14.696 [INFO ] [c.internal.ModelRepositoryImpl] - Loading model 'db4o.persist'
2015-06-16 05:18:15.408 [INFO ] [c.internal.ModelRepositoryImpl] - Loading model 'rrd4j.persist'
2015-06-16 05:18:15.456 [INFO ] [c.internal.ModelRepositoryImpl] - Loading model 'logging.persist'
2015-06-16 05:18:15.539 [INFO ] [c.internal.ModelRepositoryImpl] - Loading model 'exec.persist'
2015-06-16 05:18:15.759 [INFO ] [c.internal.ModelRepositoryImpl] - Loading model 'myitems.items'
2015-06-16 05:18:36.758 [INFO ] [c.internal.ModelRepositoryImpl] - Loading model 'demo.sitemap'
2015-06-16 05:18:37.464 [INFO ] [c.internal.ModelRepositoryImpl] - Loading model 'home.sitemap'
2015-06-16 05:18:38.368 [INFO ] [c.internal.ModelRepositoryImpl] - Loading model 'demo.script'
2015-06-16 05:18:41.228 [INFO ] [penhab.io.rest.RESTApplication] - Started REST API at /rest
2015-06-16 05:18:46.916 [INFO ] [.o.u.w.i.servlet.WebAppServlet] - Started Classic UI at /openhab.app
2015-06-16 05:19:00.445 [INFO ] [c.internal.ModelRepositoryImpl] - Loading model 'home.rules'
2015-06-16 05:19:24.054 [WARN ] [.c.i.events.EventPublisherImpl] - given new state is NULL, couldn't post update for 'nobodyHome'
2015-06-16 05:19:57.816 [ERROR] [b.b.i.BTDeviceDiscoveryService] - Error while initializing local bluetooth device.
javax.bluetooth.BluetoothStateException: BlueCove com.intel.bluetooth.BluetoothStackBlueZ|com.intel.bluetooth.BluetoothStackBlueZDBus not available
	at com.intel.bluetooth.BlueCoveImpl.loadStackClass(BlueCoveImpl.java:363) ~[na:na]
	at com.intel.bluetooth.BlueCoveImpl.detectStack(BlueCoveImpl.java:454) ~[na:na]
	at com.intel.bluetooth.BlueCoveImpl.access$500(BlueCoveImpl.java:70) ~[na:na]
	at com.intel.bluetooth.BlueCoveImpl$1.run(BlueCoveImpl.java:1085) ~[na:na]
	at java.security.AccessController.doPrivileged(Native Method) ~[na:1.7.0_79]
	at com.intel.bluetooth.BlueCoveImpl.detectStackPrivileged(BlueCoveImpl.java:1083) ~[na:na]
	at com.intel.bluetooth.BlueCoveImpl.getBluetoothStack(BlueCoveImpl.java:1076) ~[na:na]
	at javax.bluetooth.LocalDevice.getLocalDeviceInstance(LocalDevice.java:75) ~[na:na]
	at javax.bluetooth.LocalDevice.getLocalDevice(LocalDevice.java:95) ~[na:na]
	at org.openhab.binding.bluetooth.internal.BTDeviceDiscoveryService.run(BTDeviceDiscoveryService.java:113) ~[na:na]
2015-06-16 05:19:57.819 [INFO ] [.service.AbstractActiveService] - RME Refresh Service has been started
2015-06-16 05:19:58.537 [INFO ] [t.AbstractSocketChannelBinding] - The maximum buffer will be set to the default value of 1024
2015-06-16 05:19:58.540 [INFO ] [t.AbstractSocketChannelBinding] - The interval to retry connection setups will be set to the default value of 5
2015-06-16 05:19:58.542 [INFO ] [t.AbstractSocketChannelBinding] - The cron job to reset connections will be set to the default value of 0 0 0 * * ?
2015-06-16 05:19:58.545 [INFO ] [t.AbstractSocketChannelBinding] - The setting to queue write operation until a channel gets connected will be set to the default value of true
2015-06-16 05:19:58.548 [INFO ] [t.AbstractSocketChannelBinding] - The port to listen for incoming connections will be set to the default value of 0
2015-06-16 05:19:58.551 [INFO ] [t.AbstractSocketChannelBinding] - The setting to share channels within an Item will be set to the default value of true
2015-06-16 05:19:58.553 [INFO ] [t.AbstractSocketChannelBinding] - The setting to share channels between the items with the same direction will be set to the default value of true
2015-06-16 05:19:58.556 [INFO ] [t.AbstractSocketChannelBinding] - The setting to share channels between directions will be set to the default value of true
2015-06-16 05:19:58.558 [INFO ] [t.AbstractSocketChannelBinding] - The setting to use address masks for incoming connections will be set to the default value of true
2015-06-16 05:19:58.561 [INFO ] [t.protocol.internal.TCPBinding] - The maximum time out for blocking write operations will be set to the default vaulue of 3000
2015-06-16 05:19:58.564 [INFO ] [t.protocol.internal.TCPBinding] - The blocking nature of read/write operations will be set to the default vaulue of false
2015-06-16 05:19:58.566 [INFO ] [t.protocol.internal.TCPBinding] - The preamble for all write operations will be set to the default vaulue of 
2015-06-16 05:19:58.568 [INFO ] [t.protocol.internal.TCPBinding] - The postamble for all write operations will be set to the default vaulue of 

2015-06-16 05:19:58.569 [INFO ] [.service.AbstractActiveService] - TCP Refresh Service has been started
2015-06-16 05:19:58.574 [INFO ] [t.protocol.internal.TCPBinding] - Updating states with returned values will be set to the default vaulue of true
2015-06-16 05:19:58.577 [INFO ] [t.protocol.internal.TCPBinding] - The characterset will be set to the default vaulue of ASCII
2015-06-16 05:20:05.832 [INFO ] [rg.openhab.io.cv.CVApplication] - Started Cometvisu API at /services/cv
2015-06-16 05:20:22.481 [INFO ] [.service.AbstractActiveService] - Sonos Refresh Service has been started
2015-06-16 05:20:22.822 [INFO ] [.service.AbstractActiveService] - Oceanic Refresh Service has been started
2015-06-16 05:20:23.072 [INFO ] [.service.AbstractActiveService] - FritzBox refresh Service has been started
2015-06-16 05:20:23.189 [INFO ] [.b.sonos.internal.SonosBinding] - Querying the network for any other Sonos device
2015-06-16 05:20:23.512 [INFO ] [.service.AbstractActiveService] - HDanywhere Refresh Service has been started
2015-06-16 05:20:29.968 [INFO ] [.o.io.habmin.HABminApplication] - Started HABmin REST API at /services/habmin
2015-06-16 05:20:59.804 [WARN ] [i.internal.GenericItemProvider] - Attempted to register a second BindingConfigReader of type 'zwave'. The primaraly reader will remain active!
2015-06-16 05:21:05.246 [INFO ] [.service.AbstractActiveService] - XBMC Refresh Service has been started
2015-06-16 05:21:08.230 [INFO ] [.service.AbstractActiveService] - HTTP Refresh Service has been started
2015-06-16 05:21:11.615 [INFO ] [.b.t.internal.TellstickBinding] - Activate Thread[Component Resolve Thread (Bundle 98),10,main]
2015-06-16 05:21:12.375 [INFO ] [.service.AbstractActiveService] - Exec Refresh Service has been started
2015-06-16 05:21:12.689 [INFO ] [.w.i.api.WithingsAuthenticator] - #########################################################################################
2015-06-16 05:21:12.691 [INFO ] [.w.i.api.WithingsAuthenticator] - # Withings Binding needs authentication.
2015-06-16 05:21:12.692 [INFO ] [.w.i.api.WithingsAuthenticator] - # Execute 'withings:startAuthentication' on OSGi console.
2015-06-16 05:21:12.694 [INFO ] [.w.i.api.WithingsAuthenticator] - #########################################################################################
2015-06-16 05:21:13.315 [INFO ] [.service.AbstractActiveService] - VDR Monitor Service has been started
2015-06-16 05:21:14.839 [INFO ] [.b.sonos.internal.SonosBinding] - A non-Sonos device (ASUSTeK Computer Inc. RT-N14U 3.0.0.4.372) is found and will be ignored
2015-06-16 05:21:19.999 [INFO ] [.b.knx.internal.bus.KNXBinding] - Calimero library version 2.2.0-alpha
2015-06-16 05:21:21.724 [INFO ] [insteonplm.InsteonPLMActivator] - Insteon PLM binding has been started.
2015-06-16 05:21:33.441 [INFO ] [.service.AbstractActiveService] - SNMP Refresh Service has been started
2015-06-16 05:21:34.158 [INFO ] [.o.i.t.xpl.XplTransportService] - xPL Manager source address set to clinique-openhab.openhab
2015-06-16 05:21:34.235 [INFO ] [.o.i.t.xpl.XplTransportService] - xPL transport has been started
2015-06-16 05:21:44.604 [INFO ] [o.b.p.internal.PifaceActivator] - Piface binding has been started.
2015-06-16 05:22:02.571 [INFO ] [.b.s.internal.SamsungAcBinding] - active
2015-06-16 05:33:38.735 [INFO ] [org.openhab.model.script.pre  ] - pres is working
2015-06-16 05:35:09.254 [WARN ] [e.jetty.servlet.ServletHandler] - /openhab.app
org.openhab.ui.webapp.render.RenderException: Sitemap 'test' could not be found
	at org.openhab.ui.webapp.internal.servlet.WebAppServlet.service(WebAppServlet.java:114) ~[na:na]
	at org.eclipse.equinox.http.servlet.internal.ServletRegistration.service(ServletRegistration.java:61) ~[na:na]
	at org.eclipse.equinox.http.servlet.internal.ProxyServlet.processAlias(ProxyServlet.java:128) ~[na:na]
	at org.eclipse.equinox.http.servlet.internal.ProxyServlet.service(ProxyServlet.java:60) ~[na:na]
	at javax.servlet.http.HttpServlet.service(HttpServlet.java:848) ~[javax.servlet_3.0.0.v201112011016.jar:na]
	at org.eclipse.jetty.servlet.ServletHolder.handle(ServletHolder.java:598) ~[org.eclipse.jetty.servlet_8.1.3.v20120522.jar:8.1.3.v20120522]
	at org.eclipse.jetty.servlet.ServletHandler.doHandle(ServletHandler.java:486) [org.eclipse.jetty.servlet_8.1.3.v20120522.jar:8.1.3.v20120522]
	at org.eclipse.jetty.server.session.SessionHandler.doHandle(SessionHandler.java:231) [org.eclipse.jetty.server_8.1.3.v20120522.jar:8.1.3.v20120522]
	at org.eclipse.jetty.server.handler.ContextHandler.doHandle(ContextHandler.java:1065) [org.eclipse.jetty.server_8.1.3.v20120522.jar:8.1.3.v20120522]
	at org.eclipse.jetty.servlet.ServletHandler.doScope(ServletHandler.java:413) [org.eclipse.jetty.servlet_8.1.3.v20120522.jar:8.1.3.v20120522]
	at org.eclipse.jetty.server.session.SessionHandler.doScope(SessionHandler.java:192) [org.eclipse.jetty.server_8.1.3.v20120522.jar:8.1.3.v20120522]
	at org.eclipse.jetty.server.handler.ContextHandler.doScope(ContextHandler.java:999) [org.eclipse.jetty.server_8.1.3.v20120522.jar:8.1.3.v20120522]
	at org.eclipse.jetty.server.handler.ScopedHandler.handle(ScopedHandler.java:117) [org.eclipse.jetty.server_8.1.3.v20120522.jar:8.1.3.v20120522]
	at org.eclipse.jetty.server.handler.ContextHandlerCollection.handle(ContextHandlerCollection.java:250) [org.eclipse.jetty.server_8.1.3.v20120522.jar:8.1.3.v20120522]
	at org.eclipse.jetty.server.handler.HandlerCollection.handle(HandlerCollection.java:149) [org.eclipse.jetty.server_8.1.3.v20120522.jar:8.1.3.v20120522]
	at org.eclipse.jetty.server.handler.HandlerWrapper.handle(HandlerWrapper.java:111) [org.eclipse.jetty.server_8.1.3.v20120522.jar:8.1.3.v20120522]
	at org.eclipse.jetty.server.Server.handle(Server.java:350) [org.eclipse.jetty.server_8.1.3.v20120522.jar:8.1.3.v20120522]
	at org.eclipse.jetty.server.AbstractHttpConnection.handleRequest(AbstractHttpConnection.java:454) [org.eclipse.jetty.server_8.1.3.v20120522.jar:8.1.3.v20120522]
	at org.eclipse.jetty.server.AbstractHttpConnection.headerComplete(AbstractHttpConnection.java:890) [org.eclipse.jetty.server_8.1.3.v20120522.jar:8.1.3.v20120522]
	at org.eclipse.jetty.server.AbstractHttpConnection$RequestHandler.headerComplete(AbstractHttpConnection.java:944) [org.eclipse.jetty.server_8.1.3.v20120522.jar:8.1.3.v20120522]
	at org.eclipse.jetty.http.HttpParser.parseNext(HttpParser.java:630) [org.eclipse.jetty.http_8.1.3.v20120522.jar:8.1.3.v20120522]
	at org.eclipse.jetty.http.HttpParser.parseAvailable(HttpParser.java:230) [org.eclipse.jetty.http_8.1.3.v20120522.jar:8.1.3.v20120522]
	at org.eclipse.jetty.server.AsyncHttpConnection.handle(AsyncHttpConnection.java:77) [org.eclipse.jetty.server_8.1.3.v20120522.jar:8.1.3.v20120522]
	at org.eclipse.jetty.io.nio.SelectChannelEndPoint.handle(SelectChannelEndPoint.java:606) [org.eclipse.jetty.io_8.1.3.v20120522.jar:8.1.3.v20120522]
	at org.eclipse.jetty.io.nio.SelectChannelEndPoint$1.run(SelectChannelEndPoint.java:46) [org.eclipse.jetty.io_8.1.3.v20120522.jar:8.1.3.v20120522]
	at org.eclipse.jetty.util.thread.QueuedThreadPool.runJob(QueuedThreadPool.java:603) [org.eclipse.jetty.util_8.1.3.v20120522.jar:8.1.3.v20120522]
	at org.eclipse.jetty.util.thread.QueuedThreadPool$3.run(QueuedThreadPool.java:538) [org.eclipse.jetty.util_8.1.3.v20120522.jar:8.1.3.v20120522]
	at java.lang.Thread.run(Thread.java:745) [na:1.7.0_79]
2015-06-16 06:39:16.607 [INFO ] [penhab.io.rest.RESTApplication] - Stopped REST API
2015-06-16 06:39:20.651 [INFO ] [.o.u.w.i.servlet.WebAppServlet] - Stopped Classic UI
2015-06-16 06:39:21.545 [INFO ] [rg.openhab.io.cv.CVApplication] - Stopped CometVisu API
2015-06-16 06:39:25.567 [INFO ] [.o.io.habmin.HABminApplication] - Stopped HABmin REST API
2015-06-16 22:34:12.693 [INFO ] [.o.core.internal.CoreActivator] - openHAB runtime has been started (v1.6.2).
2015-06-16 22:34:28.121 [INFO ] [o.o.i.s.i.DiscoveryServiceImpl] - mDNS service has been started
2015-06-16 22:34:28.334 [INFO ] [o.o.i.s.i.DiscoveryServiceImpl] - Service Discovery initialization completed.
2015-06-16 22:34:28.355 [INFO ] [.io.transport.mqtt.MqttService] - MQTT Service initialization completed.
2015-06-16 22:34:28.359 [INFO ] [o.i.t.m.i.MqttBrokerConnection] - Starting MQTT broker connection 'mybroker'
2015-06-16 22:34:40.219 [INFO ] [c.internal.ModelRepositoryImpl] - Loading model 'db4o.persist'
2015-06-16 22:34:40.929 [INFO ] [c.internal.ModelRepositoryImpl] - Loading model 'rrd4j.persist'
2015-06-16 22:34:40.984 [INFO ] [c.internal.ModelRepositoryImpl] - Loading model 'logging.persist'
2015-06-16 22:34:41.064 [INFO ] [c.internal.ModelRepositoryImpl] - Loading model 'exec.persist'
2015-06-16 22:34:41.285 [INFO ] [c.internal.ModelRepositoryImpl] - Loading model 'myitems.items'
2015-06-16 22:34:52.685 [INFO ] [c.internal.ModelRepositoryImpl] - Loading model 'demo.sitemap'
2015-06-16 22:34:56.638 [INFO ] [c.internal.ModelRepositoryImpl] - Loading model 'home.sitemap'
2015-06-16 22:34:57.618 [INFO ] [c.internal.ModelRepositoryImpl] - Loading model 'demo.script'
2015-06-16 22:35:04.665 [INFO ] [penhab.io.rest.RESTApplication] - Started REST API at /rest
2015-06-16 22:35:10.264 [INFO ] [.o.u.w.i.servlet.WebAppServlet] - Started Classic UI at /openhab.app
2015-06-16 22:35:20.111 [INFO ] [c.internal.ModelRepositoryImpl] - Loading model 'home.rules'
2015-06-16 22:35:33.266 [WARN ] [.c.i.events.EventPublisherImpl] - given new state is NULL, couldn't post update for 'nobodyHome'
2015-06-16 22:36:18.594 [INFO ] [.service.AbstractActiveService] - RME Refresh Service has been started
2015-06-16 22:36:18.604 [ERROR] [b.b.i.BTDeviceDiscoveryService] - Error while initializing local bluetooth device.
javax.bluetooth.BluetoothStateException: BlueCove com.intel.bluetooth.BluetoothStackBlueZ|com.intel.bluetooth.BluetoothStackBlueZDBus not available
	at com.intel.bluetooth.BlueCoveImpl.loadStackClass(BlueCoveImpl.java:363) ~[na:na]
	at com.intel.bluetooth.BlueCoveImpl.detectStack(BlueCoveImpl.java:454) ~[na:na]
	at com.intel.bluetooth.BlueCoveImpl.access$500(BlueCoveImpl.java:70) ~[na:na]
	at com.intel.bluetooth.BlueCoveImpl$1.run(BlueCoveImpl.java:1085) ~[na:na]
	at java.security.AccessController.doPrivileged(Native Method) ~[na:1.7.0_79]
	at com.intel.bluetooth.BlueCoveImpl.detectStackPrivileged(BlueCoveImpl.java:1083) ~[na:na]
	at com.intel.bluetooth.BlueCoveImpl.getBluetoothStack(BlueCoveImpl.java:1076) ~[na:na]
	at javax.bluetooth.LocalDevice.getLocalDeviceInstance(LocalDevice.java:75) ~[na:na]
	at javax.bluetooth.LocalDevice.getLocalDevice(LocalDevice.java:95) ~[na:na]
	at org.openhab.binding.bluetooth.internal.BTDeviceDiscoveryService.run(BTDeviceDiscoveryService.java:113) ~[na:na]
2015-06-16 22:36:19.887 [INFO ] [t.AbstractSocketChannelBinding] - The maximum buffer will be set to the default value of 1024
2015-06-16 22:36:19.891 [INFO ] [t.AbstractSocketChannelBinding] - The interval to retry connection setups will be set to the default value of 5
2015-06-16 22:36:19.893 [INFO ] [t.AbstractSocketChannelBinding] - The cron job to reset connections will be set to the default value of 0 0 0 * * ?
2015-06-16 22:36:19.896 [INFO ] [t.AbstractSocketChannelBinding] - The setting to queue write operation until a channel gets connected will be set to the default value of true
2015-06-16 22:36:19.899 [INFO ] [t.AbstractSocketChannelBinding] - The port to listen for incoming connections will be set to the default value of 0
2015-06-16 22:36:19.902 [INFO ] [t.AbstractSocketChannelBinding] - The setting to share channels within an Item will be set to the default value of true
2015-06-16 22:36:19.905 [INFO ] [t.AbstractSocketChannelBinding] - The setting to share channels between the items with the same direction will be set to the default value of true
2015-06-16 22:36:19.907 [INFO ] [t.AbstractSocketChannelBinding] - The setting to share channels between directions will be set to the default value of true
2015-06-16 22:36:19.910 [INFO ] [t.AbstractSocketChannelBinding] - The setting to use address masks for incoming connections will be set to the default value of true
2015-06-16 22:36:19.914 [INFO ] [t.protocol.internal.TCPBinding] - The maximum time out for blocking write operations will be set to the default vaulue of 3000
2015-06-16 22:36:19.916 [INFO ] [t.protocol.internal.TCPBinding] - The blocking nature of read/write operations will be set to the default vaulue of false
2015-06-16 22:36:19.917 [INFO ] [t.protocol.internal.TCPBinding] - The preamble for all write operations will be set to the default vaulue of 
2015-06-16 22:36:19.919 [INFO ] [t.protocol.internal.TCPBinding] - The postamble for all write operations will be set to the default vaulue of 

2015-06-16 22:36:19.921 [INFO ] [t.protocol.internal.TCPBinding] - Updating states with returned values will be set to the default vaulue of true
2015-06-16 22:36:19.922 [INFO ] [t.protocol.internal.TCPBinding] - The characterset will be set to the default vaulue of ASCII
2015-06-16 22:36:19.924 [INFO ] [.service.AbstractActiveService] - TCP Refresh Service has been started
2015-06-16 22:36:25.532 [INFO ] [rg.openhab.io.cv.CVApplication] - Started Cometvisu API at /services/cv
2015-06-16 22:36:31.429 [INFO ] [.service.AbstractActiveService] - Sonos Refresh Service has been started
2015-06-16 22:36:31.634 [INFO ] [.service.AbstractActiveService] - Oceanic Refresh Service has been started
2015-06-16 22:36:31.824 [INFO ] [.service.AbstractActiveService] - HDanywhere Refresh Service has been started
2015-06-16 22:36:32.207 [INFO ] [.b.sonos.internal.SonosBinding] - Querying the network for any other Sonos device
2015-06-16 22:36:37.986 [INFO ] [.o.io.habmin.HABminApplication] - Started HABmin REST API at /services/habmin
2015-06-16 22:36:47.096 [INFO ] [.service.AbstractActiveService] - FritzBox refresh Service has been started
2015-06-16 22:37:00.014 [INFO ] [.b.sonos.internal.SonosBinding] - A non-Sonos device (Zona, Inc. Zona Media Server 0.2) is found and will be ignored
2015-06-16 22:37:01.051 [INFO ] [.b.sonos.internal.SonosBinding] - A non-Sonos device (Microsoft Corporation Windows Media Player Sharing 12.0) is found and will be ignored
2015-06-16 22:37:03.430 [INFO ] [c.internal.ModelRepositoryImpl] - Refreshing model 'myitems.items'
2015-06-16 22:37:05.208 [INFO ] [.service.AbstractActiveService] - Anel NET-PwrCtrl Service has been started
2015-06-16 22:37:09.632 [INFO ] [.b.k8055.internal.k8055Binding] - No config supplied - using default values
2015-06-16 22:37:09.882 [INFO ] [insteonplm.InsteonPLMActivator] - Insteon PLM binding has been started.
2015-06-16 22:37:11.323 [INFO ] [.service.AbstractActiveService] - HTTP Refresh Service has been started
2015-06-16 22:37:23.265 [WARN ] [e.jetty.servlet.ServletHandler] - /openhab.app
org.openhab.ui.webapp.render.RenderException: Sitemap 'test' could not be found
	at org.openhab.ui.webapp.internal.servlet.WebAppServlet.service(WebAppServlet.java:114) ~[na:na]
	at org.eclipse.equinox.http.servlet.internal.ServletRegistration.service(ServletRegistration.java:61) ~[na:na]
	at org.eclipse.equinox.http.servlet.internal.ProxyServlet.processAlias(ProxyServlet.java:128) ~[na:na]
	at org.eclipse.equinox.http.servlet.internal.ProxyServlet.service(ProxyServlet.java:60) ~[na:na]
	at javax.servlet.http.HttpServlet.service(HttpServlet.java:848) ~[javax.servlet_3.0.0.v201112011016.jar:na]
	at org.eclipse.jetty.servlet.ServletHolder.handle(ServletHolder.java:598) ~[org.eclipse.jetty.servlet_8.1.3.v20120522.jar:8.1.3.v20120522]
	at org.eclipse.jetty.servlet.ServletHandler.doHandle(ServletHandler.java:486) [org.eclipse.jetty.servlet_8.1.3.v20120522.jar:8.1.3.v20120522]
	at org.eclipse.jetty.server.session.SessionHandler.doHandle(SessionHandler.java:231) [org.eclipse.jetty.server_8.1.3.v20120522.jar:8.1.3.v20120522]
	at org.eclipse.jetty.server.handler.ContextHandler.doHandle(ContextHandler.java:1065) [org.eclipse.jetty.server_8.1.3.v20120522.jar:8.1.3.v20120522]
	at org.eclipse.jetty.servlet.ServletHandler.doScope(ServletHandler.java:413) [org.eclipse.jetty.servlet_8.1.3.v20120522.jar:8.1.3.v20120522]
	at org.eclipse.jetty.server.session.SessionHandler.doScope(SessionHandler.java:192) [org.eclipse.jetty.server_8.1.3.v20120522.jar:8.1.3.v20120522]
	at org.eclipse.jetty.server.handler.ContextHandler.doScope(ContextHandler.java:999) [org.eclipse.jetty.server_8.1.3.v20120522.jar:8.1.3.v20120522]
	at org.eclipse.jetty.server.handler.ScopedHandler.handle(ScopedHandler.java:117) [org.eclipse.jetty.server_8.1.3.v20120522.jar:8.1.3.v20120522]
	at org.eclipse.jetty.server.handler.ContextHandlerCollection.handle(ContextHandlerCollection.java:250) [org.eclipse.jetty.server_8.1.3.v20120522.jar:8.1.3.v20120522]
	at org.eclipse.jetty.server.handler.HandlerCollection.handle(HandlerCollection.java:149) [org.eclipse.jetty.server_8.1.3.v20120522.jar:8.1.3.v20120522]
	at org.eclipse.jetty.server.handler.HandlerWrapper.handle(HandlerWrapper.java:111) [org.eclipse.jetty.server_8.1.3.v20120522.jar:8.1.3.v20120522]
	at org.eclipse.jetty.server.Server.handle(Server.java:350) [org.eclipse.jetty.server_8.1.3.v20120522.jar:8.1.3.v20120522]
	at org.eclipse.jetty.server.AbstractHttpConnection.handleRequest(AbstractHttpConnection.java:454) [org.eclipse.jetty.server_8.1.3.v20120522.jar:8.1.3.v20120522]
	at org.eclipse.jetty.server.AbstractHttpConnection.headerComplete(AbstractHttpConnection.java:890) [org.eclipse.jetty.server_8.1.3.v20120522.jar:8.1.3.v20120522]
	at org.eclipse.jetty.server.AbstractHttpConnection$RequestHandler.headerComplete(AbstractHttpConnection.java:944) [org.eclipse.jetty.server_8.1.3.v20120522.jar:8.1.3.v20120522]
	at org.eclipse.jetty.http.HttpParser.parseNext(HttpParser.java:630) [org.eclipse.jetty.http_8.1.3.v20120522.jar:8.1.3.v20120522]
	at org.eclipse.jetty.http.HttpParser.parseAvailable(HttpParser.java:230) [org.eclipse.jetty.http_8.1.3.v20120522.jar:8.1.3.v20120522]
	at org.eclipse.jetty.server.AsyncHttpConnection.handle(AsyncHttpConnection.java:77) [org.eclipse.jetty.server_8.1.3.v20120522.jar:8.1.3.v20120522]
	at org.eclipse.jetty.io.nio.SelectChannelEndPoint.handle(SelectChannelEndPoint.java:606) [org.eclipse.jetty.io_8.1.3.v20120522.jar:8.1.3.v20120522]
	at org.eclipse.jetty.io.nio.SelectChannelEndPoint$1.run(SelectChannelEndPoint.java:46) [org.eclipse.jetty.io_8.1.3.v20120522.jar:8.1.3.v20120522]
	at org.eclipse.jetty.util.thread.QueuedThreadPool.runJob(QueuedThreadPool.java:603) [org.eclipse.jetty.util_8.1.3.v20120522.jar:8.1.3.v20120522]
	at org.eclipse.jetty.util.thread.QueuedThreadPool$3.run(QueuedThreadPool.java:538) [org.eclipse.jetty.util_8.1.3.v20120522.jar:8.1.3.v20120522]
	at java.lang.Thread.run(Thread.java:745) [na:1.7.0_79]
2015-06-16 22:37:23.912 [INFO ] [.b.t.internal.TellstickBinding] - Activate Thread[Component Resolve Thread (Bundle 98),10,main]
2015-06-16 22:37:25.939 [INFO ] [.b.t.internal.TellstickBinding] - Called with config null
2015-06-16 22:37:25.946 [INFO ] [.b.t.internal.TellstickBinding] - Loading telldus-core from system default paths
2015-06-16 22:37:25.949 [WARN ] [.b.t.internal.TellstickBinding] - Will do a reinit of listeners, no message received for 600 seconds
2015-06-16 22:37:25.956 [INFO ] [.b.t.internal.TellstickBinding] - Listeners removed
2015-06-16 22:37:25.964 [ERROR] [ellstickGenericBindingProvider] - Failed to remove telldus core listeners
java.lang.NullPointerException: null
	at org.openhab.binding.tellstick.internal.TellstickGenericBindingProvider.resetTellstickListener(TellstickGenericBindingProvider.java:152) ~[bundlefile:na]
	at org.openhab.binding.tellstick.internal.TellstickBinding.resetTelldusProvider(TellstickBinding.java:98) [bundlefile:na]
	at org.openhab.binding.tellstick.internal.TellstickBinding.resetTellstick(TellstickBinding.java:366) [bundlefile:na]
	at org.openhab.binding.tellstick.internal.TellstickBinding.updated(TellstickBinding.java:164) [bundlefile:na]
	at org.eclipse.equinox.internal.cm.ManagedServiceTracker$1.run(ManagedServiceTracker.java:183) [org.eclipse.equinox.cm_1.0.400.v20120522-1841.jar:na]
	at org.eclipse.equinox.internal.cm.SerializedTaskQueue$1.run(SerializedTaskQueue.java:36) [org.eclipse.equinox.cm_1.0.400.v20120522-1841.jar:na]
2015-06-16 22:37:26.285 [INFO ] [.service.AbstractActiveService] - IRtrans Refresh Service has been started
2015-06-16 22:37:27.396 [INFO ] [.o.i.t.xpl.XplTransportService] - xPL Manager source address set to clinique-openhab.openhab
2015-06-16 22:37:27.470 [INFO ] [.o.i.t.xpl.XplTransportService] - xPL transport has been started
2015-06-16 22:37:27.474 [INFO ] [.o.i.t.xpl.XplTransportService] - xPL transport configuration
2015-06-16 22:37:27.936 [ERROR] [i.internal.GenericItemProvider] - Binding configuration of type 'mqtt' of item ‘nobodyHome‘ could not be parsed correctly.
org.openhab.model.item.binding.BindingConfigParseException: Configuration 'mybroker:/server/status/nobodyHome:state:default' is not a valid outbound configuration: Configuration requires 5 parameters separated by ':'
	at org.openhab.binding.mqtt.internal.MqttMessagePublisher.<init>(MqttMessagePublisher.java:91) ~[na:na]
	at org.openhab.binding.mqtt.internal.MqttItemConfig.<init>(MqttItemConfig.java:63) ~[na:na]
	at org.openhab.binding.mqtt.internal.MqttGenericBindingProvider.processBindingConfiguration(MqttGenericBindingProvider.java:59) ~[na:na]
	at org.openhab.model.item.internal.GenericItemProvider.internalDispatchBindings(GenericItemProvider.java:341) [org.openhab.model.item_1.6.2.jar:na]
	at org.openhab.model.item.internal.GenericItemProvider.dispatchBindingsPerType(GenericItemProvider.java:302) [org.openhab.model.item_1.6.2.jar:na]
	at org.openhab.model.item.internal.GenericItemProvider.addBindingConfigReader(GenericItemProvider.java:106) [org.openhab.model.item_1.6.2.jar:na]
	at sun.reflect.GeneratedMethodAccessor26.invoke(Unknown Source) ~[na:na]
	at sun.reflect.DelegatingMethodAccessorImpl.invoke(DelegatingMethodAccessorImpl.java:43) ~[na:1.7.0_79]
	at java.lang.reflect.Method.invoke(Method.java:606) ~[na:1.7.0_79]
	at org.eclipse.equinox.internal.ds.model.ComponentReference.bind(ComponentReference.java:376) [org.eclipse.equinox.ds_1.4.1.v20120926-201320.jar:na]
	at org.eclipse.equinox.internal.ds.model.ServiceComponentProp.bindReference(ServiceComponentProp.java:444) [org.eclipse.equinox.ds_1.4.1.v20120926-201320.jar:na]
	at org.eclipse.equinox.internal.ds.InstanceProcess.dynamicBind(InstanceProcess.java:416) [org.eclipse.equinox.ds_1.4.1.v20120926-201320.jar:na]
	at org.eclipse.equinox.internal.ds.Resolver.getEligible(Resolver.java:334) [org.eclipse.equinox.ds_1.4.1.v20120926-201320.jar:na]
	at org.eclipse.equinox.internal.ds.SCRManager.serviceChanged(SCRManager.java:222) [org.eclipse.equinox.ds_1.4.1.v20120926-201320.jar:na]
	at org.eclipse.osgi.internal.serviceregistry.FilteredServiceListener.serviceChanged(FilteredServiceListener.java:107) [org.eclipse.osgi_3.8.2.v20130124-134944.jar:na]
	at org.eclipse.osgi.framework.internal.core.BundleContextImpl.dispatchEvent(BundleContextImpl.java:861) [org.eclipse.osgi_3.8.2.v20130124-134944.jar:na]
	at org.eclipse.osgi.framework.eventmgr.EventManager.dispatchEvent(EventManager.java:230) [org.eclipse.osgi_3.8.2.v20130124-134944.jar:na]
	at org.eclipse.osgi.framework.eventmgr.ListenerQueue.dispatchEventSynchronous(ListenerQueue.java:148) [org.eclipse.osgi_3.8.2.v20130124-134944.jar:na]
	at org.eclipse.osgi.internal.serviceregistry.ServiceRegistry.publishServiceEventPrivileged(ServiceRegistry.java:819) [org.eclipse.osgi_3.8.2.v20130124-134944.jar:na]
	at org.eclipse.osgi.internal.serviceregistry.ServiceRegistry.publishServiceEvent(ServiceRegistry.java:771) [org.eclipse.osgi_3.8.2.v20130124-134944.jar:na]
	at org.eclipse.osgi.internal.serviceregistry.ServiceRegistrationImpl.register(ServiceRegistrationImpl.java:130) [org.eclipse.osgi_3.8.2.v20130124-134944.jar:na]
	at org.eclipse.osgi.internal.serviceregistry.ServiceRegistry.registerService(ServiceRegistry.java:214) [org.eclipse.osgi_3.8.2.v20130124-134944.jar:na]
	at org.eclipse.osgi.framework.internal.core.BundleContextImpl.registerService(BundleContextImpl.java:433) [org.eclipse.osgi_3.8.2.v20130124-134944.jar:na]
	at org.eclipse.equinox.internal.ds.InstanceProcess.registerService(InstanceProcess.java:536) [org.eclipse.equinox.ds_1.4.1.v20120926-201320.jar:na]
	at org.eclipse.equinox.internal.ds.InstanceProcess.buildComponents(InstanceProcess.java:213) [org.eclipse.equinox.ds_1.4.1.v20120926-201320.jar:na]
	at org.eclipse.equinox.internal.ds.Resolver.buildNewlySatisfied(Resolver.java:473) [org.eclipse.equinox.ds_1.4.1.v20120926-201320.jar:na]
	at org.eclipse.equinox.internal.ds.Resolver.enableComponents(Resolver.java:217) [org.eclipse.equinox.ds_1.4.1.v20120926-201320.jar:na]
	at org.eclipse.equinox.internal.ds.SCRManager.performWork(SCRManager.java:816) [org.eclipse.equinox.ds_1.4.1.v20120926-201320.jar:na]
	at org.eclipse.equinox.internal.ds.SCRManager$QueuedJob.dispatch(SCRManager.java:783) [org.eclipse.equinox.ds_1.4.1.v20120926-201320.jar:na]
	at org.eclipse.equinox.internal.ds.WorkThread.run(WorkThread.java:89) [org.eclipse.equinox.ds_1.4.1.v20120926-201320.jar:na]
	at org.eclipse.equinox.internal.util.impl.tpt.threadpool.Executor.run(Executor.java:70) [org.eclipse.equinox.util_1.0.400.v20120917-192807.jar:na]
2015-06-16 22:37:35.794 [INFO ] [o.b.p.internal.PifaceActivator] - Piface binding has been started.
2015-06-16 22:37:39.943 [INFO ] [.service.AbstractActiveService] - Exec Refresh Service has been started
2015-06-16 22:37:40.704 [INFO ] [.service.AbstractActiveService] - VDR Monitor Service has been started
2015-06-16 22:37:41.543 [INFO ] [.b.s.internal.SamsungAcBinding] - active
2015-06-16 22:37:47.106 [INFO ] [.w.i.api.WithingsAuthenticator] - #########################################################################################
2015-06-16 22:37:47.108 [INFO ] [.w.i.api.WithingsAuthenticator] - # Withings Binding needs authentication.
2015-06-16 22:37:47.110 [INFO ] [.w.i.api.WithingsAuthenticator] - # Execute 'withings:startAuthentication' on OSGi console.
2015-06-16 22:37:47.111 [INFO ] [.w.i.api.WithingsAuthenticator] - #########################################################################################
2015-06-16 22:37:51.056 [INFO ] [.service.AbstractActiveService] - SNMP Refresh Service has been started
2015-06-16 22:37:51.905 [INFO ] [.service.AbstractActiveService] - NTP Refresh Service has been started
2015-06-16 22:37:56.572 [WARN ] [io.squeezeserver.SqueezeServer] - Empty or null configuration. Ignoring.
2015-06-16 22:38:14.916 [WARN ] [i.internal.GenericItemProvider] - Attempted to register a second BindingConfigReader of type 'zwave'. The primaraly reader will remain active!
2015-06-16 22:38:16.211 [INFO ] [.service.AbstractActiveService] - NetworkHealth Refresh Service has been started
2015-06-16 22:38:17.186 [INFO ] [.b.knx.internal.bus.KNXBinding] - Calimero library version 2.2.0-alpha
2015-06-16 22:38:17.202 [INFO ] [b.k.i.connection.KNXConnection] - KNXBinding configuration is not present. Please check your configuration file or if not needed remove the KNX addon.
2015-06-16 22:38:23.914 [INFO ] [.service.AbstractActiveService] - Wemo Refresh Service has been started
2015-06-16 22:38:25.928 [ERROR] [.o.b.e.internal.EHealthBinding] - Error connecting to serial port 'null'
org.openhab.binding.ehealth.internal.EHealthException: Serial port 'null' could not be found. Available ports are:
/dev/ttyS3
/dev/ttyS2
/dev/ttyS1
/dev/ttyS0

	at org.openhab.binding.ehealth.protocol.SerialConnector.connect(SerialConnector.java:124) ~[na:na]
	at org.openhab.binding.ehealth.internal.EHealthBinding.updated(EHealthBinding.java:136) ~[na:na]
	at org.eclipse.equinox.internal.cm.ManagedServiceTracker$1.run(ManagedServiceTracker.java:183) [org.eclipse.equinox.cm_1.0.400.v20120522-1841.jar:na]
	at org.eclipse.equinox.internal.cm.SerializedTaskQueue$1.run(SerializedTaskQueue.java:36) [org.eclipse.equinox.cm_1.0.400.v20120522-1841.jar:na]
2015-06-16 22:38:46.534 [INFO ] [.service.AbstractActiveService] - XBMC Refresh Service has been started
2015-06-16 22:39:31.604 [INFO ] [.b.sonos.internal.SonosBinding] - A non-Sonos device (Microsoft Corporation Windows Media Player Sharing 12.0) is found and will be ignored
2015-06-16 22:41:57.662 [INFO ] [.b.sonos.internal.SonosBinding] - A non-Sonos device (Microsoft Corporation Windows Media Player Sharing 12.0) is found and will be ignored
2015-06-16 22:42:02.172 [INFO ] [.b.sonos.internal.SonosBinding] - A non-Sonos device (AXIS M5014) is found and will be ignored
2015-06-16 22:42:39.807 [INFO ] [.b.sonos.internal.SonosBinding] - A non-Sonos device (AXIS M5014) is found and will be ignored
2015-06-16 22:43:09.318 [WARN ] [.c.p.RetrieveRemoteDescriptors] - Device descriptor retrieval failed, no response: http://192.168.11.123:2869/upnphost/udhisapi.dll?content=uuid:2a7dc01c-5958-4fd2-8344-e4983b3eeda5
2015-06-16 22:43:14.761 [WARN ] [.c.p.RetrieveRemoteDescriptors] - Device descriptor retrieval failed, no response: http://192.168.11.123:2869/upnphost/udhisapi.dll?content=uuid:2a7dc01c-5958-4fd2-8344-e4983b3eeda5
2015-06-16 22:47:40.579 [INFO ] [.b.sonos.internal.SonosBinding] - A non-Sonos device (Intel Corporation Sample Auto-Generated Device X1) is found and will be ignored
2015-06-16 22:50:33.325 [WARN ] [.c.p.RetrieveRemoteDescriptors] - Device descriptor retrieval failed, no response: http://192.168.11.123:2869/upnphost/udhisapi.dll?content=uuid:2a7dc01c-5958-4fd2-8344-e4983b3eeda5
2015-06-16 22:50:38.763 [WARN ] [.c.p.RetrieveRemoteDescriptors] - Device descriptor retrieval failed, no response: http://192.168.11.123:2869/upnphost/udhisapi.dll?content=uuid:2a7dc01c-5958-4fd2-8344-e4983b3eeda5
2015-06-16 22:57:58.014 [WARN ] [.c.p.RetrieveRemoteDescriptors] - Device descriptor retrieval failed, no response: http://192.168.11.123:2869/upnphost/udhisapi.dll?content=uuid:2a7dc01c-5958-4fd2-8344-e4983b3eeda5
2015-06-16 22:58:03.331 [WARN ] [.c.p.RetrieveRemoteDescriptors] - Device descriptor retrieval failed, no response: http://192.168.11.123:2869/upnphost/udhisapi.dll?content=uuid:2a7dc01c-5958-4fd2-8344-e4983b3eeda5
2015-06-16 23:05:21.335 [WARN ] [.c.p.RetrieveRemoteDescriptors] - Device descriptor retrieval failed, no response: http://192.168.11.123:2869/upnphost/udhisapi.dll?content=uuid:2a7dc01c-5958-4fd2-8344-e4983b3eeda5
2015-06-16 23:05:26.772 [WARN ] [.c.p.RetrieveRemoteDescriptors] - Device descriptor retrieval failed, no response: http://192.168.11.123:2869/upnphost/udhisapi.dll?content=uuid:2a7dc01c-5958-4fd2-8344-e4983b3eeda5
2015-06-16 23:07:44.798 [INFO ] [.b.sonos.internal.SonosBinding] - A non-Sonos device (Microsoft Corporation Windows Media Player 12) is found and will be ignored
2015-06-16 23:12:45.342 [WARN ] [.c.p.RetrieveRemoteDescriptors] - Device descriptor retrieval failed, no response: http://192.168.11.123:2869/upnphost/udhisapi.dll?content=uuid:2a7dc01c-5958-4fd2-8344-e4983b3eeda5
2015-06-16 23:12:50.777 [WARN ] [.c.p.RetrieveRemoteDescriptors] - Device descriptor retrieval failed, no response: http://192.168.11.123:2869/upnphost/udhisapi.dll?content=uuid:2a7dc01c-5958-4fd2-8344-e4983b3eeda5
2015-06-18 06:12:29.265 [INFO ] [.o.core.internal.CoreActivator] - openHAB runtime has been started (v1.6.2).
2015-06-18 06:12:44.505 [INFO ] [o.o.i.s.i.DiscoveryServiceImpl] - mDNS service has been started
2015-06-18 06:12:45.004 [INFO ] [o.o.i.s.i.DiscoveryServiceImpl] - Service Discovery initialization completed.
2015-06-18 06:12:45.039 [INFO ] [.io.transport.mqtt.MqttService] - MQTT Service initialization completed.
2015-06-18 06:12:45.042 [INFO ] [o.i.t.m.i.MqttBrokerConnection] - Starting MQTT broker connection 'mybroker'
2015-06-18 06:12:45.855 [INFO ] [c.internal.ModelRepositoryImpl] - Loading model 'db4o.persist'
2015-06-18 06:12:47.275 [INFO ] [c.internal.ModelRepositoryImpl] - Loading model 'rrd4j.persist'
2015-06-18 06:12:47.341 [INFO ] [c.internal.ModelRepositoryImpl] - Loading model 'logging.persist'
2015-06-18 06:12:47.491 [INFO ] [c.internal.ModelRepositoryImpl] - Loading model 'exec.persist'
2015-06-18 06:12:47.914 [INFO ] [c.internal.ModelRepositoryImpl] - Loading model 'myitems.items'
2015-06-18 06:13:19.072 [INFO ] [c.internal.ModelRepositoryImpl] - Loading model 'demo.sitemap'
2015-06-18 06:13:19.763 [INFO ] [c.internal.ModelRepositoryImpl] - Loading model 'home.sitemap'
2015-06-18 06:13:19.908 [INFO ] [penhab.io.rest.RESTApplication] - Started REST API at /rest
2015-06-18 06:13:20.521 [INFO ] [c.internal.ModelRepositoryImpl] - Loading model 'demo.script'
2015-06-18 06:13:26.215 [INFO ] [.o.u.w.i.servlet.WebAppServlet] - Started Classic UI at /openhab.app
2015-06-18 06:13:33.006 [INFO ] [c.internal.ModelRepositoryImpl] - Loading model 'home.rules'
2015-06-18 06:13:44.599 [WARN ] [.c.i.events.EventPublisherImpl] - given new state is NULL, couldn't post update for 'nobodyHome'
2015-06-18 06:14:50.949 [ERROR] [b.b.i.BTDeviceDiscoveryService] - Error while initializing local bluetooth device.
javax.bluetooth.BluetoothStateException: BlueCove com.intel.bluetooth.BluetoothStackBlueZ|com.intel.bluetooth.BluetoothStackBlueZDBus not available
	at com.intel.bluetooth.BlueCoveImpl.loadStackClass(BlueCoveImpl.java:363) ~[na:na]
	at com.intel.bluetooth.BlueCoveImpl.detectStack(BlueCoveImpl.java:454) ~[na:na]
	at com.intel.bluetooth.BlueCoveImpl.access$500(BlueCoveImpl.java:70) ~[na:na]
	at com.intel.bluetooth.BlueCoveImpl$1.run(BlueCoveImpl.java:1085) ~[na:na]
	at java.security.AccessController.doPrivileged(Native Method) ~[na:1.7.0_79]
	at com.intel.bluetooth.BlueCoveImpl.detectStackPrivileged(BlueCoveImpl.java:1083) ~[na:na]
	at com.intel.bluetooth.BlueCoveImpl.getBluetoothStack(BlueCoveImpl.java:1076) ~[na:na]
	at javax.bluetooth.LocalDevice.getLocalDeviceInstance(LocalDevice.java:75) ~[na:na]
	at javax.bluetooth.LocalDevice.getLocalDevice(LocalDevice.java:95) ~[na:na]
	at org.openhab.binding.bluetooth.internal.BTDeviceDiscoveryService.run(BTDeviceDiscoveryService.java:113) ~[na:na]
2015-06-18 06:14:50.954 [INFO ] [.service.AbstractActiveService] - RME Refresh Service has been started
2015-06-18 06:14:51.640 [INFO ] [t.AbstractSocketChannelBinding] - The maximum buffer will be set to the default value of 1024
2015-06-18 06:14:51.644 [INFO ] [t.AbstractSocketChannelBinding] - The interval to retry connection setups will be set to the default value of 5
2015-06-18 06:14:51.647 [INFO ] [t.AbstractSocketChannelBinding] - The cron job to reset connections will be set to the default value of 0 0 0 * * ?
2015-06-18 06:14:51.649 [INFO ] [t.AbstractSocketChannelBinding] - The setting to queue write operation until a channel gets connected will be set to the default value of true
2015-06-18 06:14:51.652 [INFO ] [t.AbstractSocketChannelBinding] - The port to listen for incoming connections will be set to the default value of 0
2015-06-18 06:14:51.655 [INFO ] [t.AbstractSocketChannelBinding] - The setting to share channels within an Item will be set to the default value of true
2015-06-18 06:14:51.658 [INFO ] [t.AbstractSocketChannelBinding] - The setting to share channels between the items with the same direction will be set to the default value of true
2015-06-18 06:14:51.660 [INFO ] [t.AbstractSocketChannelBinding] - The setting to share channels between directions will be set to the default value of true
2015-06-18 06:14:51.663 [INFO ] [t.AbstractSocketChannelBinding] - The setting to use address masks for incoming connections will be set to the default value of true
2015-06-18 06:14:51.667 [INFO ] [t.protocol.internal.TCPBinding] - The maximum time out for blocking write operations will be set to the default vaulue of 3000
2015-06-18 06:14:51.671 [INFO ] [t.protocol.internal.TCPBinding] - The blocking nature of read/write operations will be set to the default vaulue of false
2015-06-18 06:14:51.674 [INFO ] [t.protocol.internal.TCPBinding] - The preamble for all write operations will be set to the default vaulue of 
2015-06-18 06:14:51.677 [INFO ] [.service.AbstractActiveService] - TCP Refresh Service has been started
2015-06-18 06:14:51.681 [INFO ] [t.protocol.internal.TCPBinding] - The postamble for all write operations will be set to the default vaulue of 

2015-06-18 06:14:51.688 [INFO ] [t.protocol.internal.TCPBinding] - Updating states with returned values will be set to the default vaulue of true
2015-06-18 06:14:51.691 [INFO ] [t.protocol.internal.TCPBinding] - The characterset will be set to the default vaulue of ASCII
2015-06-18 06:14:57.332 [INFO ] [rg.openhab.io.cv.CVApplication] - Started Cometvisu API at /services/cv
2015-06-18 06:15:03.376 [INFO ] [.service.AbstractActiveService] - Sonos Refresh Service has been started
2015-06-18 06:15:03.594 [INFO ] [.service.AbstractActiveService] - Oceanic Refresh Service has been started
2015-06-18 06:15:03.786 [INFO ] [.service.AbstractActiveService] - HDanywhere Refresh Service has been started
2015-06-18 06:15:04.106 [INFO ] [.b.sonos.internal.SonosBinding] - Querying the network for any other Sonos device
2015-06-18 06:15:09.859 [INFO ] [.o.io.habmin.HABminApplication] - Started HABmin REST API at /services/habmin
2015-06-18 06:15:30.006 [INFO ] [.service.AbstractActiveService] - FritzBox refresh Service has been started
2015-06-18 06:15:42.280 [WARN ] [io.squeezeserver.SqueezeServer] - Empty or null configuration. Ignoring.
2015-06-18 06:15:43.004 [INFO ] [.service.AbstractActiveService] - HTTP Refresh Service has been started
2015-06-18 06:15:48.454 [INFO ] [.service.AbstractActiveService] - Wemo Refresh Service has been started
2015-06-18 06:15:48.467 [INFO ] [insteonplm.InsteonPLMActivator] - Insteon PLM binding has been started.
2015-06-18 06:15:50.210 [ERROR] [.o.b.e.internal.EHealthBinding] - Error connecting to serial port 'null'
org.openhab.binding.ehealth.internal.EHealthException: Serial port 'null' could not be found. Available ports are:
/dev/ttyS3
/dev/ttyS2
/dev/ttyS1
/dev/ttyS0

	at org.openhab.binding.ehealth.protocol.SerialConnector.connect(SerialConnector.java:124) ~[na:na]
	at org.openhab.binding.ehealth.internal.EHealthBinding.updated(EHealthBinding.java:136) ~[na:na]
	at org.eclipse.equinox.internal.cm.ManagedServiceTracker$1.run(ManagedServiceTracker.java:183) [org.eclipse.equinox.cm_1.0.400.v20120522-1841.jar:na]
	at org.eclipse.equinox.internal.cm.SerializedTaskQueue$1.run(SerializedTaskQueue.java:36) [org.eclipse.equinox.cm_1.0.400.v20120522-1841.jar:na]
2015-06-18 06:15:50.356 [INFO ] [.w.i.api.WithingsAuthenticator] - #########################################################################################
2015-06-18 06:15:50.358 [INFO ] [.w.i.api.WithingsAuthenticator] - # Withings Binding needs authentication.
2015-06-18 06:15:50.359 [INFO ] [.w.i.api.WithingsAuthenticator] - # Execute 'withings:startAuthentication' on OSGi console.
2015-06-18 06:15:50.361 [INFO ] [.w.i.api.WithingsAuthenticator] - #########################################################################################
2015-06-18 06:15:50.743 [INFO ] [.service.AbstractActiveService] - VDR Monitor Service has been started
2015-06-18 06:15:51.213 [INFO ] [.service.AbstractActiveService] - IRtrans Refresh Service has been started
2015-06-18 06:15:52.600 [ERROR] [i.internal.GenericItemProvider] - Binding configuration of type 'mqtt' of item ‘nobodyHome‘ could not be parsed correctly.
org.openhab.model.item.binding.BindingConfigParseException: Configuration 'mybroker:/server/status/nobodyHome:state:default' is not a valid outbound configuration: Configuration requires 5 parameters separated by ':'
	at org.openhab.binding.mqtt.internal.MqttMessagePublisher.<init>(MqttMessagePublisher.java:91) ~[na:na]
	at org.openhab.binding.mqtt.internal.MqttItemConfig.<init>(MqttItemConfig.java:63) ~[na:na]
	at org.openhab.binding.mqtt.internal.MqttGenericBindingProvider.processBindingConfiguration(MqttGenericBindingProvider.java:59) ~[na:na]
	at org.openhab.model.item.internal.GenericItemProvider.internalDispatchBindings(GenericItemProvider.java:341) [org.openhab.model.item_1.6.2.jar:na]
	at org.openhab.model.item.internal.GenericItemProvider.dispatchBindingsPerType(GenericItemProvider.java:302) [org.openhab.model.item_1.6.2.jar:na]
	at org.openhab.model.item.internal.GenericItemProvider.addBindingConfigReader(GenericItemProvider.java:106) [org.openhab.model.item_1.6.2.jar:na]
	at sun.reflect.GeneratedMethodAccessor43.invoke(Unknown Source) ~[na:na]
	at sun.reflect.DelegatingMethodAccessorImpl.invoke(DelegatingMethodAccessorImpl.java:43) ~[na:1.7.0_79]
	at java.lang.reflect.Method.invoke(Method.java:606) ~[na:1.7.0_79]
	at org.eclipse.equinox.internal.ds.model.ComponentReference.bind(ComponentReference.java:376) [org.eclipse.equinox.ds_1.4.1.v20120926-201320.jar:na]
	at org.eclipse.equinox.internal.ds.model.ServiceComponentProp.bindReference(ServiceComponentProp.java:444) [org.eclipse.equinox.ds_1.4.1.v20120926-201320.jar:na]
	at org.eclipse.equinox.internal.ds.InstanceProcess.dynamicBind(InstanceProcess.java:416) [org.eclipse.equinox.ds_1.4.1.v20120926-201320.jar:na]
	at org.eclipse.equinox.internal.ds.Resolver.getEligible(Resolver.java:334) [org.eclipse.equinox.ds_1.4.1.v20120926-201320.jar:na]
	at org.eclipse.equinox.internal.ds.SCRManager.serviceChanged(SCRManager.java:222) [org.eclipse.equinox.ds_1.4.1.v20120926-201320.jar:na]
	at org.eclipse.osgi.internal.serviceregistry.FilteredServiceListener.serviceChanged(FilteredServiceListener.java:107) [org.eclipse.osgi_3.8.2.v20130124-134944.jar:na]
	at org.eclipse.osgi.framework.internal.core.BundleContextImpl.dispatchEvent(BundleContextImpl.java:861) [org.eclipse.osgi_3.8.2.v20130124-134944.jar:na]
	at org.eclipse.osgi.framework.eventmgr.EventManager.dispatchEvent(EventManager.java:230) [org.eclipse.osgi_3.8.2.v20130124-134944.jar:na]
	at org.eclipse.osgi.framework.eventmgr.ListenerQueue.dispatchEventSynchronous(ListenerQueue.java:148) [org.eclipse.osgi_3.8.2.v20130124-134944.jar:na]
	at org.eclipse.osgi.internal.serviceregistry.ServiceRegistry.publishServiceEventPrivileged(ServiceRegistry.java:819) [org.eclipse.osgi_3.8.2.v20130124-134944.jar:na]
	at org.eclipse.osgi.internal.serviceregistry.ServiceRegistry.publishServiceEvent(ServiceRegistry.java:771) [org.eclipse.osgi_3.8.2.v20130124-134944.jar:na]
	at org.eclipse.osgi.internal.serviceregistry.ServiceRegistrationImpl.register(ServiceRegistrationImpl.java:130) [org.eclipse.osgi_3.8.2.v20130124-134944.jar:na]
	at org.eclipse.osgi.internal.serviceregistry.ServiceRegistry.registerService(ServiceRegistry.java:214) [org.eclipse.osgi_3.8.2.v20130124-134944.jar:na]
	at org.eclipse.osgi.framework.internal.core.BundleContextImpl.registerService(BundleContextImpl.java:433) [org.eclipse.osgi_3.8.2.v20130124-134944.jar:na]
	at org.eclipse.equinox.internal.ds.InstanceProcess.registerService(InstanceProcess.java:536) [org.eclipse.equinox.ds_1.4.1.v20120926-201320.jar:na]
	at org.eclipse.equinox.internal.ds.InstanceProcess.buildComponents(InstanceProcess.java:213) [org.eclipse.equinox.ds_1.4.1.v20120926-201320.jar:na]
	at org.eclipse.equinox.internal.ds.Resolver.buildNewlySatisfied(Resolver.java:473) [org.eclipse.equinox.ds_1.4.1.v20120926-201320.jar:na]
	at org.eclipse.equinox.internal.ds.Resolver.enableComponents(Resolver.java:217) [org.eclipse.equinox.ds_1.4.1.v20120926-201320.jar:na]
	at org.eclipse.equinox.internal.ds.SCRManager.performWork(SCRManager.java:816) [org.eclipse.equinox.ds_1.4.1.v20120926-201320.jar:na]
	at org.eclipse.equinox.internal.ds.SCRManager$QueuedJob.dispatch(SCRManager.java:783) [org.eclipse.equinox.ds_1.4.1.v20120926-201320.jar:na]
	at org.eclipse.equinox.internal.ds.WorkThread.run(WorkThread.java:89) [org.eclipse.equinox.ds_1.4.1.v20120926-201320.jar:na]
	at org.eclipse.equinox.internal.util.impl.tpt.threadpool.Executor.run(Executor.java:70) [org.eclipse.equinox.util_1.0.400.v20120917-192807.jar:na]
2015-06-18 06:15:53.266 [INFO ] [.b.k8055.internal.k8055Binding] - No config supplied - using default values
2015-06-18 06:15:54.831 [INFO ] [b.s.internal.SysteminfoBinding] - Using Sigar version 1.6.4.129
2015-06-18 06:15:54.860 [ERROR] [b.s.internal.SysteminfoBinding] - System monitor error: {}
org.hyperic.sigar.SigarException: java.lang.UnsatisfiedLinkError: org.hyperic.sigar.Sigar.getNetInterfaceList()[Ljava/lang/String;
	at org.hyperic.sigar.SigarProxyCache.invoke(SigarProxyCache.java:220) ~[sigar-1.6.4.jar:na]
	at com.sun.proxy.$Proxy84.getNetInterfaceList(Unknown Source) ~[na:na]
	at org.openhab.binding.systeminfo.internal.SysteminfoBinding.initializeSystemMonitor(SysteminfoBinding.java:400) [bundlefile:na]
	at org.openhab.binding.systeminfo.internal.SysteminfoBinding.updated(SysteminfoBinding.java:384) [bundlefile:na]
	at org.eclipse.equinox.internal.cm.ManagedServiceTracker$1.run(ManagedServiceTracker.java:183) [org.eclipse.equinox.cm_1.0.400.v20120522-1841.jar:na]
	at org.eclipse.equinox.internal.cm.SerializedTaskQueue$1.run(SerializedTaskQueue.java:36) [org.eclipse.equinox.cm_1.0.400.v20120522-1841.jar:na]
2015-06-18 06:15:54.871 [INFO ] [.service.AbstractActiveService] - Systeminfo Refresh Service has been started
2015-06-18 06:15:57.028 [INFO ] [.service.AbstractActiveService] - Exec Refresh Service has been started
2015-06-18 06:15:57.038 [INFO ] [.b.sonos.internal.SonosBinding] - A non-Sonos device (ASUSTeK Computer Inc. RT-N14U 3.0.0.4.372) is found and will be ignored
2015-06-18 06:16:08.054 [ERROR] [.jpa.internal.JpaConfiguration] - Got a null properties object!
2015-06-18 06:16:10.271 [INFO ] [.service.AbstractActiveService] - SNMP Refresh Service has been started
2015-06-18 06:16:11.747 [WARN ] [o.b.i.i.Iec6205621MeterBinding] - Empty or null configuration. Ignoring.
2015-06-18 06:16:12.363 [INFO ] [o.b.p.internal.PifaceActivator] - Piface binding has been started.
2015-06-18 06:16:33.556 [INFO ] [.b.s.internal.SamsungAcBinding] - active
2015-06-18 06:16:44.275 [INFO ] [.b.t.internal.TellstickBinding] - Activate Thread[Component Resolve Thread (Bundle 98),10,main]
2015-06-18 06:16:44.716 [WARN ] [i.internal.GenericItemProvider] - Attempted to register a second BindingConfigReader of type 'zwave'. The primaraly reader will remain active!
2015-06-18 06:17:05.809 [INFO ] [.o.i.t.xpl.XplTransportService] - xPL Manager source address set to clinique-openhab.openhab
2015-06-18 06:17:05.889 [INFO ] [.o.i.t.xpl.XplTransportService] - xPL transport has been started
2015-06-18 06:17:06.839 [INFO ] [.service.AbstractActiveService] - XBMC Refresh Service has been started
2015-06-18 06:17:30.582 [INFO ] [.b.knx.internal.bus.KNXBinding] - Calimero library version 2.2.0-alpha
2015-06-18 06:19:16.546 [WARN ] [e.jetty.servlet.ServletHandler] - /openhab.app
org.openhab.ui.webapp.render.RenderException: Sitemap 'test' could not be found
	at org.openhab.ui.webapp.internal.servlet.WebAppServlet.service(WebAppServlet.java:114) ~[na:na]
	at org.eclipse.equinox.http.servlet.internal.ServletRegistration.service(ServletRegistration.java:61) ~[na:na]
	at org.eclipse.equinox.http.servlet.internal.ProxyServlet.processAlias(ProxyServlet.java:128) ~[na:na]
	at org.eclipse.equinox.http.servlet.internal.ProxyServlet.service(ProxyServlet.java:60) ~[na:na]
	at javax.servlet.http.HttpServlet.service(HttpServlet.java:848) ~[javax.servlet_3.0.0.v201112011016.jar:na]
	at org.eclipse.jetty.servlet.ServletHolder.handle(ServletHolder.java:598) ~[org.eclipse.jetty.servlet_8.1.3.v20120522.jar:8.1.3.v20120522]
	at org.eclipse.jetty.servlet.ServletHandler.doHandle(ServletHandler.java:486) [org.eclipse.jetty.servlet_8.1.3.v20120522.jar:8.1.3.v20120522]
	at org.eclipse.jetty.server.session.SessionHandler.doHandle(SessionHandler.java:231) [org.eclipse.jetty.server_8.1.3.v20120522.jar:8.1.3.v20120522]
	at org.eclipse.jetty.server.handler.ContextHandler.doHandle(ContextHandler.java:1065) [org.eclipse.jetty.server_8.1.3.v20120522.jar:8.1.3.v20120522]
	at org.eclipse.jetty.servlet.ServletHandler.doScope(ServletHandler.java:413) [org.eclipse.jetty.servlet_8.1.3.v20120522.jar:8.1.3.v20120522]
	at org.eclipse.jetty.server.session.SessionHandler.doScope(SessionHandler.java:192) [org.eclipse.jetty.server_8.1.3.v20120522.jar:8.1.3.v20120522]
	at org.eclipse.jetty.server.handler.ContextHandler.doScope(ContextHandler.java:999) [org.eclipse.jetty.server_8.1.3.v20120522.jar:8.1.3.v20120522]
	at org.eclipse.jetty.server.handler.ScopedHandler.handle(ScopedHandler.java:117) [org.eclipse.jetty.server_8.1.3.v20120522.jar:8.1.3.v20120522]
	at org.eclipse.jetty.server.handler.ContextHandlerCollection.handle(ContextHandlerCollection.java:250) [org.eclipse.jetty.server_8.1.3.v20120522.jar:8.1.3.v20120522]
	at org.eclipse.jetty.server.handler.HandlerCollection.handle(HandlerCollection.java:149) [org.eclipse.jetty.server_8.1.3.v20120522.jar:8.1.3.v20120522]
	at org.eclipse.jetty.server.handler.HandlerWrapper.handle(HandlerWrapper.java:111) [org.eclipse.jetty.server_8.1.3.v20120522.jar:8.1.3.v20120522]
	at org.eclipse.jetty.server.Server.handle(Server.java:350) [org.eclipse.jetty.server_8.1.3.v20120522.jar:8.1.3.v20120522]
	at org.eclipse.jetty.server.AbstractHttpConnection.handleRequest(AbstractHttpConnection.java:454) [org.eclipse.jetty.server_8.1.3.v20120522.jar:8.1.3.v20120522]
	at org.eclipse.jetty.server.AbstractHttpConnection.headerComplete(AbstractHttpConnection.java:890) [org.eclipse.jetty.server_8.1.3.v20120522.jar:8.1.3.v20120522]
	at org.eclipse.jetty.server.AbstractHttpConnection$RequestHandler.headerComplete(AbstractHttpConnection.java:944) [org.eclipse.jetty.server_8.1.3.v20120522.jar:8.1.3.v20120522]
	at org.eclipse.jetty.http.HttpParser.parseNext(HttpParser.java:630) [org.eclipse.jetty.http_8.1.3.v20120522.jar:8.1.3.v20120522]
	at org.eclipse.jetty.http.HttpParser.parseAvailable(HttpParser.java:230) [org.eclipse.jetty.http_8.1.3.v20120522.jar:8.1.3.v20120522]
	at org.eclipse.jetty.server.AsyncHttpConnection.handle(AsyncHttpConnection.java:77) [org.eclipse.jetty.server_8.1.3.v20120522.jar:8.1.3.v20120522]
	at org.eclipse.jetty.io.nio.SelectChannelEndPoint.handle(SelectChannelEndPoint.java:606) [org.eclipse.jetty.io_8.1.3.v20120522.jar:8.1.3.v20120522]
	at org.eclipse.jetty.io.nio.SelectChannelEndPoint$1.run(SelectChannelEndPoint.java:46) [org.eclipse.jetty.io_8.1.3.v20120522.jar:8.1.3.v20120522]
	at org.eclipse.jetty.util.thread.QueuedThreadPool.runJob(QueuedThreadPool.java:603) [org.eclipse.jetty.util_8.1.3.v20120522.jar:8.1.3.v20120522]
	at org.eclipse.jetty.util.thread.QueuedThreadPool$3.run(QueuedThreadPool.java:538) [org.eclipse.jetty.util_8.1.3.v20120522.jar:8.1.3.v20120522]
	at java.lang.Thread.run(Thread.java:745) [na:1.7.0_79]
2015-06-18 06:20:57.981 [INFO ] [org.openhab.model.script.pre  ] - pres is working
2015-06-18 06:53:42.832 [INFO ] [penhab.io.rest.RESTApplication] - Stopped REST API
2015-06-18 06:53:46.886 [INFO ] [.o.u.w.i.servlet.WebAppServlet] - Stopped Classic UI
2015-06-18 06:53:49.489 [INFO ] [rg.openhab.io.cv.CVApplication] - Stopped CometVisu API
2015-06-18 06:53:53.510 [INFO ] [.o.io.habmin.HABminApplication] - Stopped HABmin REST API
