2015-05-14 22:05:00,225 - Temperature_GF_Corridor  : 17.70000000
2015-05-14 22:05:03,673 - Temperature_GF_Toilet    : 19.90000000
2015-05-14 22:05:03,797 - Temperature_GF_Living    : 20.00000000
2015-05-14 22:05:03,905 - Temperature_GF_Kitchen   : 17.90000000
2015-05-14 22:05:04,020 - Temperature_FF_Bath      : 18.80000000
2015-05-14 22:05:04,130 - Temperature_FF_Office    : 19.90000000
2015-05-14 22:05:04,236 - Temperature_FF_Child     : 18.70000000
2015-05-14 22:05:04,346 - Temperature_FF_Bed       : 18.70000000
2015-05-14 22:10:00,193 - Temperature_GF_Corridor  : 20.50000000
2015-05-14 22:10:03,584 - Temperature_GF_Toilet    : 20.40000000
2015-05-14 22:10:03,706 - Temperature_GF_Living    : 21.90000000
2015-05-14 22:10:13,990 - Temperature_GF_Kitchen   : 20.80000000
2015-05-14 22:10:14,106 - Temperature_FF_Bath      : 17.60000000
2015-05-14 22:10:14,214 - Temperature_FF_Office    : 22.10000000
2015-05-14 22:10:14,320 - Temperature_FF_Child     : 20.40000000
2015-05-14 22:15:00,207 - Temperature_GF_Corridor  : 19.20000000
2015-05-14 22:15:03,682 - Temperature_GF_Toilet    : 20.90000000
2015-05-14 22:15:03,793 - Temperature_GF_Living    : 21.70000000
2015-05-14 22:15:03,900 - Temperature_GF_Kitchen   : 22.10000000
2015-05-14 22:15:04,010 - Temperature_FF_Bath      : 21.70000000
2015-05-14 22:15:04,157 - Temperature_FF_Child     : 18.10000000
2015-05-14 22:15:04,266 - Temperature_FF_Bed       : 17.60000000
2015-05-14 22:20:00,197 - Temperature_GF_Corridor  : 18.70000000
2015-05-14 22:20:04,923 - Temperature_GF_Toilet    : 19.00000000
2015-05-14 22:20:05,036 - Temperature_GF_Living    : 21.00000000
2015-05-14 22:20:10,444 - Temperature_GF_Kitchen   : 18.90000000
2015-05-14 22:20:13,897 - Temperature_FF_Bath      : 19.50000000
2015-05-14 22:20:14,006 - Temperature_FF_Office    : 18.30000000
2015-05-14 22:20:14,114 - Temperature_FF_Child     : 21.00000000
2015-05-14 22:20:14,225 - Temperature_FF_Bed       : 22.50000000
2015-05-14 22:25:00,188 - Temperature_GF_Corridor  : 18.90000000
2015-05-14 22:25:05,598 - Temperature_GF_Toilet    : 20.70000000
2015-05-14 22:25:08,460 - Temperature_GF_Living    : 19.70000000
2015-05-14 22:25:08,570 - Temperature_GF_Kitchen   : 21.20000000
2015-05-14 22:25:08,678 - Temperature_FF_Bath      : 20.70000000
2015-05-14 22:25:08,793 - Temperature_FF_Office    : 22.10000000
2015-05-14 22:25:08,900 - Temperature_FF_Child     : 20.20000000
2015-05-14 22:25:09,019 - Temperature_FF_Bed       : 22.30000000
2015-05-14 22:30:00,188 - Temperature_GF_Corridor  : 21.70000000
2015-05-14 22:30:04,886 - Temperature_GF_Toilet    : 21.10000000
2015-05-14 22:30:04,997 - Temperature_GF_Living    : 21.80000000
2015-05-14 22:30:13,856 - Temperature_GF_Kitchen   : 21.00000000
2015-05-14 22:30:13,967 - Temperature_FF_Bath      : 19.30000000
2015-05-14 22:30:14,076 - Temperature_FF_Office    : 20.40000000
2015-05-14 22:30:14,193 - Temperature_FF_Child     : 19.50000000
2015-05-14 22:30:14,306 - Temperature_FF_Bed       : 19.50000000
2015-05-14 22:35:00,195 - Temperature_GF_Corridor  : 21.30000000
2015-05-14 22:35:04,243 - Temperature_GF_Toilet    : 18.40000000
2015-05-14 22:35:04,353 - Temperature_GF_Living    : 18.70000000
2015-05-14 22:35:15,307 - Temperature_GF_Kitchen   : 20.00000000
2015-05-14 22:35:20,803 - Temperature_FF_Bath      : 20.60000000
2015-05-14 22:35:24,354 - Temperature_FF_Office    : 20.10000000
2015-05-14 22:35:24,468 - Temperature_FF_Child     : 20.00000000
2015-05-14 22:35:33,375 - Temperature_FF_Bed       : 19.20000000
2015-05-14 22:40:00,220 - Temperature_GF_Corridor  : 18.00000000
2015-05-14 22:40:05,021 - Temperature_GF_Toilet    : 19.50000000
2015-05-14 22:40:09,791 - Temperature_GF_Living    : 21.40000000
2015-05-14 22:40:09,910 - Temperature_GF_Kitchen   : 21.80000000
2015-05-14 22:40:15,986 - Temperature_FF_Office    : 18.50000000
2015-05-14 22:40:19,444 - Temperature_FF_Child     : 22.50000000
2015-05-14 22:40:19,553 - Temperature_FF_Bed       : 19.30000000
2015-05-14 22:45:00,185 - Temperature_GF_Corridor  : 20.60000000
2015-05-14 22:45:04,914 - Temperature_GF_Toilet    : 17.70000000
2015-05-14 22:45:05,023 - Temperature_GF_Living    : 21.70000000
2015-05-14 22:45:13,326 - Temperature_GF_Kitchen   : 22.10000000
2015-05-14 22:45:13,435 - Temperature_FF_Bath      : 21.60000000
2015-05-14 22:45:13,554 - Temperature_FF_Office    : 17.70000000
2015-05-14 22:45:13,663 - Temperature_FF_Child     : 20.50000000
2015-05-14 22:45:13,781 - Temperature_FF_Bed       : 19.20000000
2015-05-14 22:50:00,186 - Temperature_GF_Corridor  : 18.50000000
2015-05-14 22:50:04,849 - Temperature_GF_Toilet    : 22.50000000
2015-05-14 22:50:04,966 - Temperature_GF_Living    : 21.00000000
2015-05-14 22:50:15,193 - Temperature_GF_Kitchen   : 22.30000000
2015-05-14 22:50:19,550 - Temperature_FF_Bath      : 19.10000000
2015-05-14 22:50:19,661 - Temperature_FF_Office    : 18.20000000
2015-05-14 22:50:19,771 - Temperature_FF_Child     : 18.00000000
2015-05-14 22:50:19,886 - Temperature_FF_Bed       : 17.90000000
2015-05-14 22:55:00,196 - Temperature_GF_Corridor  : 20.60000000
2015-05-14 22:55:04,327 - Temperature_GF_Toilet    : 20.50000000
2015-05-14 22:55:04,442 - Temperature_GF_Living    : 20.90000000
2015-05-14 22:55:21,490 - Temperature_GF_Kitchen   : 19.20000000
2015-05-14 22:55:26,314 - Temperature_FF_Bath      : 20.90000000
2015-05-14 22:55:29,843 - Temperature_FF_Office    : 19.60000000
2015-05-14 22:55:29,961 - Temperature_FF_Child     : 19.00000000
2015-05-14 22:55:36,026 - Temperature_FF_Bed       : 18.10000000
2015-05-14 23:00:00,248 - Temperature_GF_Corridor  : 21.60000000
2015-05-14 23:00:05,094 - Temperature_GF_Toilet    : 19.20000000
2015-05-14 23:00:10,005 - Temperature_GF_Living    : 19.90000000
2015-05-14 23:00:15,490 - Temperature_GF_Kitchen   : 18.50000000
2015-05-14 23:00:19,643 - Temperature_FF_Bath      : 20.50000000
2015-05-14 23:00:19,755 - Temperature_FF_Office    : 20.60000000
2015-05-14 23:00:19,867 - Temperature_FF_Child     : 19.90000000
2015-05-14 23:00:19,975 - Temperature_FF_Bed       : 18.90000000
2015-05-14 23:05:00,210 - Temperature_GF_Corridor  : 19.60000000
2015-05-14 23:05:09,006 - Temperature_GF_Toilet    : 19.90000000
2015-05-14 23:05:15,911 - Temperature_GF_Living    : 19.30000000
2015-05-14 23:05:16,025 - Temperature_GF_Kitchen   : 22.40000000
2015-05-14 23:05:16,139 - Temperature_FF_Bath      : 19.70000000
2015-05-14 23:05:16,258 - Temperature_FF_Office    : 22.00000000
2015-05-14 23:05:16,365 - Temperature_FF_Child     : 18.90000000
2015-05-14 23:05:16,482 - Temperature_FF_Bed       : 19.60000000
2015-05-14 23:10:00,188 - Temperature_GF_Corridor  : 20.70000000
2015-05-14 23:10:05,779 - Temperature_GF_Toilet    : 19.40000000
2015-05-14 23:10:05,891 - Temperature_GF_Living    : 19.70000000
2015-05-14 23:10:06,012 - Temperature_GF_Kitchen   : 21.00000000
2015-05-14 23:10:06,122 - Temperature_FF_Bath      : 19.80000000
2015-05-14 23:10:06,233 - Temperature_FF_Office    : 19.70000000
2015-05-14 23:10:06,347 - Temperature_FF_Child     : 21.90000000
2015-05-14 23:10:06,459 - Temperature_FF_Bed       : 17.60000000
2015-05-14 23:20:01,151 - Temperature_GF_Corridor  : 21.60000000
2015-05-14 23:20:07,197 - Temperature_GF_Toilet    : 19.60000000
2015-05-14 23:20:17,009 - Temperature_GF_Living    : 17.80000000
2015-05-14 23:20:28,376 - Temperature_GF_Kitchen   : 18.80000000
2015-05-14 23:20:28,494 - Temperature_FF_Bath      : 20.20000000
2015-05-14 23:20:40,459 - Temperature_FF_Office    : 20.90000000
2015-05-14 23:20:40,587 - Temperature_FF_Child     : 20.60000000
2015-05-14 23:20:40,704 - Temperature_FF_Bed       : 20.40000000
2015-05-14 23:25:00,196 - Temperature_GF_Corridor  : 22.20000000
2015-05-14 23:25:00,316 - Temperature_GF_Toilet    : 21.00000000
2015-05-14 23:25:00,426 - Temperature_GF_Living    : 18.10000000
2015-05-14 23:25:00,540 - Temperature_GF_Kitchen   : 18.60000000
2015-05-14 23:25:00,664 - Temperature_FF_Bath      : 21.70000000
2015-05-14 23:25:00,776 - Temperature_FF_Office    : 19.00000000
2015-05-14 23:25:02,274 - Temperature_FF_Child     : 21.60000000
2015-05-14 23:25:02,383 - Temperature_FF_Bed       : 20.20000000
2015-05-14 23:30:03,263 - Temperature_GF_Corridor  : 21.20000000
2015-05-14 23:30:03,378 - Temperature_GF_Toilet    : 20.50000000
2015-05-14 23:30:04,737 - Temperature_GF_Living    : 20.00000000
2015-05-14 23:30:08,859 - Temperature_GF_Kitchen   : 20.60000000
2015-05-14 23:30:08,971 - Temperature_FF_Bath      : 19.20000000
2015-05-14 23:30:09,086 - Temperature_FF_Office    : 17.70000000
2015-05-14 23:30:09,196 - Temperature_FF_Child     : 18.80000000
2015-05-14 23:30:09,316 - Temperature_FF_Bed       : 21.80000000
2015-05-14 23:35:00,192 - Temperature_GF_Corridor  : 22.50000000
2015-05-14 23:35:00,309 - Temperature_GF_Toilet    : 18.80000000
2015-05-14 23:35:00,419 - Temperature_GF_Living    : 19.70000000
2015-05-14 23:35:00,540 - Temperature_GF_Kitchen   : 21.70000000
2015-05-14 23:35:00,650 - Temperature_FF_Bath      : 19.10000000
2015-05-14 23:35:00,766 - Temperature_FF_Office    : 19.70000000
2015-05-14 23:35:01,652 - Temperature_FF_Bed       : 22.30000000
2015-05-14 23:40:00,285 - Temperature_GF_Corridor  : 18.10000000
2015-05-14 23:40:00,394 - Temperature_GF_Toilet    : 18.90000000
2015-05-14 23:40:00,507 - Temperature_GF_Living    : 19.20000000
2015-05-14 23:40:00,630 - Temperature_GF_Kitchen   : 19.20000000
2015-05-14 23:40:02,062 - Temperature_FF_Bath      : 18.50000000
2015-05-14 23:40:02,173 - Temperature_FF_Office    : 18.10000000
2015-05-14 23:40:02,286 - Temperature_FF_Child     : 22.00000000
2015-05-14 23:40:02,401 - Temperature_FF_Bed       : 21.10000000
2015-05-14 23:45:00,228 - Temperature_GF_Corridor  : 17.90000000
2015-05-14 23:45:01,615 - Temperature_GF_Toilet    : 21.30000000
2015-05-14 23:45:02,338 - Temperature_GF_Living    : 19.90000000
2015-05-14 23:45:02,449 - Temperature_GF_Kitchen   : 22.50000000
2015-05-14 23:45:02,560 - Temperature_FF_Bath      : 22.00000000
2015-05-14 23:45:02,670 - Temperature_FF_Office    : 22.40000000
2015-05-14 23:45:02,790 - Temperature_FF_Child     : 21.20000000
2015-05-14 23:45:02,906 - Temperature_FF_Bed       : 20.30000000
2015-05-14 23:50:00,215 - Temperature_GF_Corridor  : 20.00000000
2015-05-14 23:50:00,329 - Temperature_GF_Toilet    : 20.00000000
2015-05-14 23:50:00,446 - Temperature_GF_Living    : 18.60000000
2015-05-14 23:50:00,560 - Temperature_GF_Kitchen   : 20.50000000
2015-05-14 23:50:00,679 - Temperature_FF_Bath      : 21.20000000
2015-05-14 23:50:00,810 - Temperature_FF_Office    : 17.60000000
2015-05-14 23:50:02,947 - Temperature_FF_Child     : 18.00000000
2015-05-14 23:50:12,479 - Temperature_FF_Bed       : 22.40000000
2015-05-14 23:55:02,574 - Temperature_GF_Toilet    : 21.20000000
2015-05-14 23:55:02,685 - Temperature_GF_Living    : 20.80000000
2015-05-14 23:55:02,809 - Temperature_GF_Kitchen   : 21.80000000
2015-05-14 23:55:02,921 - Temperature_FF_Bath      : 19.60000000
2015-05-14 23:55:03,032 - Temperature_FF_Office    : 21.90000000
2015-05-14 23:55:03,142 - Temperature_FF_Child     : 22.00000000
2015-05-14 23:55:03,267 - Temperature_FF_Bed       : 17.80000000
2015-05-15 00:00:02,886 - Temperature_GF_Corridor  : 22.30000000
2015-05-15 00:00:03,014 - Temperature_GF_Toilet    : 18.10000000
2015-05-15 00:00:03,127 - Temperature_GF_Living    : 21.70000000
2015-05-15 00:00:03,238 - Temperature_GF_Kitchen   : 21.20000000
2015-05-15 00:00:03,354 - Temperature_FF_Bath      : 21.00000000
2015-05-15 00:00:03,464 - Temperature_FF_Office    : 22.00000000
2015-05-15 00:00:06,881 - Temperature_FF_Child     : 22.20000000
2015-05-15 00:00:15,104 - Temperature_FF_Bed       : 21.70000000
2015-05-15 00:05:05,962 - Temperature_GF_Corridor  : 20.70000000
2015-05-15 00:05:12,150 - Temperature_GF_Toilet    : 17.70000000
2015-05-15 00:05:17,310 - Temperature_GF_Living    : 18.60000000
2015-05-15 00:05:23,182 - Temperature_GF_Kitchen   : 20.30000000
2015-05-15 00:05:32,069 - Temperature_FF_Bath      : 22.30000000
2015-05-15 00:05:32,184 - Temperature_FF_Office    : 18.80000000
2015-05-15 00:05:32,293 - Temperature_FF_Child     : 18.70000000
2015-05-15 00:05:32,405 - Temperature_FF_Bed       : 17.90000000
2015-05-15 00:10:04,727 - Temperature_GF_Corridor  : 18.40000000
2015-05-15 00:10:11,655 - Temperature_GF_Toilet    : 18.20000000
2015-05-15 00:10:11,772 - Temperature_GF_Living    : 18.40000000
2015-05-15 00:10:11,884 - Temperature_GF_Kitchen   : 19.40000000
2015-05-15 00:10:12,001 - Temperature_FF_Bath      : 20.10000000
2015-05-15 00:10:12,121 - Temperature_FF_Office    : 19.80000000
2015-05-15 00:10:12,263 - Temperature_FF_Child     : 18.30000000
2015-05-15 00:10:12,385 - Temperature_FF_Bed       : 20.70000000
2015-05-15 00:15:04,587 - Temperature_GF_Corridor  : 20.90000000
2015-05-15 00:15:04,701 - Temperature_GF_Toilet    : 21.30000000
2015-05-15 00:15:11,423 - Temperature_GF_Living    : 19.90000000
2015-05-15 00:15:21,015 - Temperature_GF_Kitchen   : 21.80000000
2015-05-15 00:15:21,129 - Temperature_FF_Bath      : 20.40000000
2015-05-15 00:15:21,239 - Temperature_FF_Office    : 18.70000000
2015-05-15 00:15:21,356 - Temperature_FF_Child     : 21.40000000
2015-05-15 00:15:21,475 - Temperature_FF_Bed       : 19.50000000
2015-05-15 00:20:04,737 - Temperature_GF_Corridor  : 21.40000000
2015-05-15 00:20:14,932 - Temperature_GF_Toilet    : 21.90000000
2015-05-15 00:20:21,819 - Temperature_GF_Living    : 22.10000000
2015-05-15 00:20:27,394 - Temperature_GF_Kitchen   : 19.00000000
2015-05-15 00:20:34,382 - Temperature_FF_Bath      : 17.70000000
2015-05-15 00:20:34,500 - Temperature_FF_Office    : 21.90000000
2015-05-15 00:20:38,617 - Temperature_FF_Child     : 19.30000000
2015-05-15 00:20:38,732 - Temperature_FF_Bed       : 20.70000000
2015-05-15 00:25:00,193 - Temperature_GF_Corridor  : 18.80000000
2015-05-15 00:25:00,316 - Temperature_GF_Toilet    : 19.70000000
2015-05-15 00:25:00,435 - Temperature_GF_Living    : 17.90000000
2015-05-15 00:25:00,552 - Temperature_GF_Kitchen   : 20.50000000
2015-05-15 00:25:00,666 - Temperature_FF_Bath      : 21.10000000
2015-05-15 00:25:00,792 - Temperature_FF_Office    : 17.60000000
2015-05-15 00:25:02,936 - Temperature_FF_Child     : 20.10000000
2015-05-15 00:25:12,423 - Temperature_FF_Bed       : 18.10000000
2015-05-15 00:30:05,620 - Temperature_GF_Corridor  : 19.00000000
2015-05-15 00:30:05,744 - Temperature_GF_Toilet    : 19.30000000
2015-05-15 00:30:07,142 - Temperature_GF_Living    : 18.70000000
2015-05-15 00:30:07,253 - Temperature_GF_Kitchen   : 19.40000000
2015-05-15 00:30:07,364 - Temperature_FF_Bath      : 20.30000000
2015-05-15 00:30:07,478 - Temperature_FF_Office    : 22.20000000
2015-05-15 00:30:07,588 - Temperature_FF_Child     : 20.00000000
2015-05-15 00:30:07,726 - Temperature_FF_Bed       : 19.30000000
2015-05-15 00:35:00,197 - Temperature_GF_Corridor  : 20.40000000
2015-05-15 00:35:00,318 - Temperature_GF_Toilet    : 19.90000000
2015-05-15 00:35:00,435 - Temperature_GF_Living    : 19.50000000
2015-05-15 00:35:00,546 - Temperature_GF_Kitchen   : 20.50000000
2015-05-15 00:35:00,657 - Temperature_FF_Bath      : 21.90000000
2015-05-15 00:35:00,786 - Temperature_FF_Office    : 21.40000000
2015-05-15 00:35:03,621 - Temperature_FF_Child     : 22.20000000
2015-05-15 00:35:04,328 - Temperature_FF_Bed       : 17.60000000
2015-05-15 00:40:04,548 - Temperature_GF_Corridor  : 18.40000000
2015-05-15 00:40:04,663 - Temperature_GF_Toilet    : 19.50000000
2015-05-15 00:40:14,205 - Temperature_GF_Living    : 21.10000000
2015-05-15 00:40:14,319 - Temperature_GF_Kitchen   : 19.10000000
2015-05-15 00:40:14,446 - Temperature_FF_Bath      : 22.30000000
2015-05-15 00:40:14,564 - Temperature_FF_Office    : 21.30000000
2015-05-15 00:40:14,676 - Temperature_FF_Child     : 19.70000000
2015-05-15 00:40:21,111 - Temperature_FF_Bed       : 22.40000000
2015-05-15 00:45:06,659 - Temperature_GF_Corridor  : 18.90000000
2015-05-15 00:45:12,181 - Temperature_GF_Toilet    : 21.60000000
2015-05-15 00:45:17,810 - Temperature_GF_Living    : 21.70000000
2015-05-15 00:45:24,520 - Temperature_GF_Kitchen   : 19.40000000
2015-05-15 00:45:30,732 - Temperature_FF_Bath      : 18.00000000
2015-05-15 00:45:30,843 - Temperature_FF_Office    : 17.90000000
2015-05-15 00:45:30,962 - Temperature_FF_Child     : 19.60000000
2015-05-15 00:45:32,407 - Temperature_FF_Bed       : 21.60000000
2015-05-15 00:55:02,828 - Temperature_GF_Corridor  : 18.80000000
2015-05-15 00:55:10,049 - Temperature_GF_Toilet    : 20.80000000
2015-05-15 00:55:19,632 - Temperature_GF_Living    : 19.20000000
2015-05-15 00:55:19,750 - Temperature_GF_Kitchen   : 21.80000000
2015-05-15 00:55:19,870 - Temperature_FF_Bath      : 20.20000000
2015-05-15 00:55:19,992 - Temperature_FF_Office    : 20.80000000
2015-05-15 00:55:20,111 - Temperature_FF_Child     : 21.30000000
2015-05-15 00:55:20,295 - Temperature_FF_Bed       : 19.90000000
2015-05-15 01:00:00,282 - Temperature_GF_Corridor  : 19.20000000
2015-05-15 01:00:00,421 - Temperature_GF_Toilet    : 21.20000000
2015-05-15 01:00:07,781 - Temperature_GF_Living    : 20.70000000
2015-05-15 01:00:10,935 - Temperature_GF_Kitchen   : 19.20000000
2015-05-15 01:00:15,993 - Temperature_FF_Bath      : 18.00000000
2015-05-15 01:00:16,106 - Temperature_FF_Office    : 19.40000000
2015-05-15 01:00:17,328 - Temperature_FF_Child     : 19.60000000
2015-05-15 01:00:17,438 - Temperature_FF_Bed       : 18.70000000
2015-05-15 01:05:01,688 - Temperature_GF_Corridor  : 19.80000000
2015-05-15 01:05:06,988 - Temperature_GF_Toilet    : 19.40000000
2015-05-15 01:05:11,193 - Temperature_GF_Living    : 20.00000000
2015-05-15 01:05:18,435 - Temperature_GF_Kitchen   : 22.20000000
2015-05-15 01:05:18,557 - Temperature_FF_Bath      : 19.10000000
2015-05-15 01:05:24,651 - Temperature_FF_Office    : 22.10000000
2015-05-15 01:05:24,778 - Temperature_FF_Child     : 19.00000000
2015-05-15 01:05:24,904 - Temperature_FF_Bed       : 22.00000000
2015-05-15 01:10:00,965 - Temperature_GF_Corridor  : 19.30000000
2015-05-15 01:10:05,021 - Temperature_GF_Toilet    : 18.90000000
2015-05-15 01:10:05,170 - Temperature_GF_Kitchen   : 18.70000000
2015-05-15 01:10:05,280 - Temperature_FF_Bath      : 21.40000000
2015-05-15 01:10:05,428 - Temperature_FF_Child     : 22.20000000
2015-05-15 01:10:05,544 - Temperature_FF_Bed       : 21.00000000
2015-05-15 01:15:02,292 - Temperature_GF_Corridor  : 18.00000000
2015-05-15 01:15:06,365 - Temperature_GF_Toilet    : 18.80000000
2015-05-15 01:15:12,009 - Temperature_GF_Living    : 19.30000000
2015-05-15 01:15:16,785 - Temperature_GF_Kitchen   : 20.40000000
2015-05-15 01:15:19,881 - Temperature_FF_Bath      : 19.20000000
2015-05-15 01:15:19,993 - Temperature_FF_Office    : 19.60000000
2015-05-15 01:15:20,109 - Temperature_FF_Child     : 22.40000000
2015-05-15 01:15:20,217 - Temperature_FF_Bed       : 17.90000000
2015-05-15 01:20:00,939 - Temperature_GF_Corridor  : 19.20000000
2015-05-15 01:20:06,931 - Temperature_GF_Toilet    : 18.00000000
2015-05-15 01:20:11,851 - Temperature_GF_Kitchen   : 21.60000000
2015-05-15 01:20:16,003 - Temperature_FF_Bath      : 18.20000000
2015-05-15 01:20:18,193 - Temperature_FF_Office    : 17.60000000
2015-05-15 01:20:18,312 - Temperature_FF_Child     : 17.90000000
2015-05-15 01:20:20,334 - Temperature_FF_Bed       : 17.80000000
2015-05-15 01:25:02,823 - Temperature_GF_Corridor  : 19.40000000
2015-05-15 01:25:08,821 - Temperature_GF_Toilet    : 17.80000000
2015-05-15 01:25:14,435 - Temperature_GF_Living    : 20.90000000
2015-05-15 01:25:19,171 - Temperature_GF_Kitchen   : 20.80000000
2015-05-15 01:25:21,327 - Temperature_FF_Bath      : 18.90000000
2015-05-15 01:25:25,486 - Temperature_FF_Office    : 21.10000000
2015-05-15 01:25:28,963 - Temperature_FF_Child     : 17.80000000
2015-05-15 01:25:29,080 - Temperature_FF_Bed       : 21.70000000
2015-05-15 20:00:00,236 - Temperature_GF_Corridor  : 19.00000000
2015-05-15 20:00:01,690 - Temperature_GF_Toilet    : 18.00000000
2015-05-15 20:00:01,802 - Temperature_GF_Living    : 20.60000000
2015-05-15 20:00:01,904 - Temperature_GF_Kitchen   : 19.40000000
2015-05-15 20:00:02,005 - Temperature_FF_Bath      : 20.90000000
2015-05-15 20:00:02,106 - Temperature_FF_Office    : 20.60000000
2015-05-15 20:00:02,208 - Temperature_FF_Child     : 20.10000000
2015-05-15 20:00:02,310 - Temperature_FF_Bed       : 22.00000000
2015-05-15 20:00:03,049 - Temperature_GF_Corridor  : 19.90000000
2015-05-15 20:00:03,163 - Temperature_GF_Toilet    : 17.90000000
2015-05-15 20:00:03,266 - Temperature_GF_Living    : 18.60000000
2015-05-15 20:00:03,366 - Temperature_GF_Kitchen   : 19.00000000
2015-05-15 20:00:03,468 - Temperature_FF_Bath      : 19.20000000
2015-05-15 20:00:03,570 - Temperature_FF_Office    : 20.10000000
2015-05-15 20:00:03,673 - Temperature_FF_Child     : 19.70000000
2015-05-15 20:00:03,793 - Temperature_FF_Bed       : 21.10000000
2015-05-15 20:05:00,937 - Temperature_GF_Corridor  : 17.90000000
2015-05-15 20:05:01,042 - Temperature_GF_Toilet    : 21.80000000
2015-05-15 20:05:02,395 - Temperature_GF_Living    : 22.30000000
2015-05-15 20:05:02,502 - Temperature_GF_Kitchen   : 22.40000000
2015-05-15 20:05:02,603 - Temperature_FF_Bath      : 17.80000000
2015-05-15 20:05:02,708 - Temperature_FF_Office    : 22.00000000
2015-05-15 20:05:02,807 - Temperature_FF_Child     : 19.30000000
2015-05-15 20:05:02,911 - Temperature_FF_Bed       : 22.40000000
2015-05-15 20:05:03,023 - Temperature_GF_Corridor  : 22.30000000
2015-05-15 20:05:03,125 - Temperature_GF_Toilet    : 21.90000000
2015-05-15 20:05:03,233 - Temperature_GF_Living    : 20.80000000
2015-05-15 20:05:03,342 - Temperature_GF_Kitchen   : 17.90000000
2015-05-15 20:05:03,445 - Temperature_FF_Bath      : 21.20000000
2015-05-15 20:05:03,545 - Temperature_FF_Office    : 18.10000000
2015-05-15 20:05:03,647 - Temperature_FF_Child     : 21.20000000
2015-05-15 20:05:03,756 - Temperature_FF_Bed       : 21.90000000
2015-05-15 20:10:00,234 - Temperature_GF_Corridor  : 20.90000000
2015-05-15 20:10:00,358 - Temperature_GF_Toilet    : 20.60000000
2015-05-15 20:10:00,467 - Temperature_GF_Living    : 18.70000000
2015-05-15 20:10:00,575 - Temperature_GF_Kitchen   : 19.00000000
2015-05-15 20:10:00,683 - Temperature_FF_Bath      : 22.40000000
2015-05-15 20:10:00,785 - Temperature_FF_Office    : 21.40000000
2015-05-15 20:10:00,887 - Temperature_FF_Child     : 18.30000000
2015-05-15 20:10:00,993 - Temperature_FF_Bed       : 21.40000000
2015-05-15 20:10:02,356 - Temperature_GF_Corridor  : 20.40000000
2015-05-15 20:10:02,455 - Temperature_GF_Toilet    : 18.10000000
2015-05-15 20:10:02,556 - Temperature_GF_Living    : 20.40000000
2015-05-15 20:10:02,659 - Temperature_GF_Kitchen   : 18.00000000
2015-05-15 20:10:02,772 - Temperature_FF_Bath      : 19.00000000
2015-05-15 20:10:02,877 - Temperature_FF_Office    : 18.60000000
2015-05-15 20:10:02,984 - Temperature_FF_Child     : 22.10000000
2015-05-15 20:10:03,101 - Temperature_FF_Bed       : 21.50000000
2015-05-15 20:15:00,943 - Temperature_GF_Corridor  : 21.40000000
2015-05-15 20:15:01,046 - Temperature_GF_Toilet    : 19.60000000
2015-05-15 20:15:02,426 - Temperature_GF_Living    : 20.20000000
2015-05-15 20:15:02,527 - Temperature_GF_Kitchen   : 18.50000000
2015-05-15 20:15:02,628 - Temperature_FF_Bath      : 22.20000000
2015-05-15 20:15:02,741 - Temperature_FF_Office    : 22.40000000
2015-05-15 20:15:02,843 - Temperature_FF_Child     : 20.50000000
2015-05-15 20:15:02,948 - Temperature_FF_Bed       : 21.90000000
2015-05-15 20:15:03,057 - Temperature_GF_Corridor  : 19.70000000
2015-05-15 20:15:10,958 - Temperature_GF_Toilet    : 21.20000000
2015-05-15 20:15:11,061 - Temperature_GF_Living    : 17.60000000
2015-05-15 20:15:11,172 - Temperature_GF_Kitchen   : 18.70000000
2015-05-15 20:15:11,273 - Temperature_FF_Bath      : 22.40000000
2015-05-15 20:15:11,380 - Temperature_FF_Office    : 20.70000000
2015-05-15 20:15:11,524 - Temperature_FF_Bed       : 20.50000000
2015-05-15 20:20:00,225 - Temperature_GF_Corridor  : 22.50000000
2015-05-15 20:20:00,377 - Temperature_GF_Toilet    : 18.60000000
2015-05-15 20:20:00,495 - Temperature_GF_Living    : 19.80000000
2015-05-15 20:20:00,597 - Temperature_GF_Kitchen   : 21.70000000
2015-05-15 20:20:00,705 - Temperature_FF_Bath      : 21.90000000
2015-05-15 20:20:00,806 - Temperature_FF_Office    : 22.40000000
2015-05-15 20:20:00,913 - Temperature_FF_Child     : 20.60000000
2015-05-15 20:20:03,026 - Temperature_FF_Bed       : 21.30000000
2015-05-15 20:20:03,129 - Temperature_GF_Corridor  : 20.20000000
2015-05-15 20:20:03,615 - Temperature_GF_Toilet    : 17.80000000
2015-05-15 20:20:03,717 - Temperature_GF_Living    : 17.90000000
2015-05-15 20:20:03,817 - Temperature_GF_Kitchen   : 19.70000000
2015-05-15 20:20:03,924 - Temperature_FF_Bath      : 21.50000000
2015-05-15 20:20:04,033 - Temperature_FF_Office    : 18.90000000
2015-05-15 20:20:04,136 - Temperature_FF_Child     : 18.80000000
2015-05-15 20:20:04,241 - Temperature_FF_Bed       : 17.90000000
2015-05-15 20:25:00,218 - Temperature_GF_Corridor  : 19.70000000
2015-05-15 20:25:00,339 - Temperature_GF_Toilet    : 21.20000000
2015-05-15 20:25:00,452 - Temperature_GF_Living    : 19.80000000
2015-05-15 20:25:00,554 - Temperature_GF_Kitchen   : 21.90000000
2015-05-15 20:25:00,662 - Temperature_FF_Bath      : 19.90000000
2015-05-15 20:25:00,764 - Temperature_FF_Office    : 21.90000000
2015-05-15 20:25:00,868 - Temperature_FF_Child     : 20.50000000
2015-05-15 20:25:01,671 - Temperature_FF_Bed       : 21.20000000
2015-05-15 20:25:01,771 - Temperature_GF_Corridor  : 20.60000000
2015-05-15 20:25:01,872 - Temperature_GF_Toilet    : 20.80000000
2015-05-15 20:25:01,974 - Temperature_GF_Living    : 20.00000000
2015-05-15 20:25:02,077 - Temperature_GF_Kitchen   : 20.20000000
2015-05-15 20:25:02,179 - Temperature_FF_Bath      : 18.60000000
2015-05-15 20:25:02,286 - Temperature_FF_Office    : 21.00000000
2015-05-15 20:25:02,392 - Temperature_FF_Child     : 18.80000000
2015-05-15 20:25:03,114 - Temperature_FF_Bed       : 20.90000000
2015-05-15 20:30:00,207 - Temperature_GF_Corridor  : 20.80000000
2015-05-15 20:30:00,337 - Temperature_GF_Toilet    : 18.40000000
2015-05-15 20:30:01,822 - Temperature_GF_Living    : 22.50000000
2015-05-15 20:30:01,925 - Temperature_GF_Kitchen   : 20.60000000
2015-05-15 20:30:02,059 - Temperature_FF_Bath      : 20.20000000
2015-05-15 20:30:02,161 - Temperature_FF_Office    : 18.90000000
2015-05-15 20:30:02,269 - Temperature_FF_Child     : 18.00000000
2015-05-15 20:30:02,412 - Temperature_GF_Corridor  : 17.60000000
2015-05-15 20:30:02,528 - Temperature_GF_Toilet    : 17.90000000
2015-05-15 20:30:10,390 - Temperature_GF_Living    : 18.50000000
2015-05-15 20:30:16,832 - Temperature_GF_Kitchen   : 21.20000000
2015-05-15 20:30:16,937 - Temperature_FF_Bath      : 19.60000000
2015-05-15 20:30:17,540 - Temperature_FF_Child     : 18.10000000
2015-05-15 20:30:17,642 - Temperature_FF_Bed       : 22.00000000
2015-05-15 20:35:02,108 - Temperature_GF_Corridor  : 19.50000000
2015-05-15 20:35:02,208 - Temperature_GF_Toilet    : 21.20000000
2015-05-15 20:35:02,308 - Temperature_GF_Living    : 21.90000000
2015-05-15 20:35:02,415 - Temperature_GF_Kitchen   : 21.80000000
2015-05-15 20:35:02,515 - Temperature_FF_Bath      : 18.00000000
2015-05-15 20:35:02,616 - Temperature_FF_Office    : 21.20000000
2015-05-15 20:35:02,728 - Temperature_FF_Child     : 20.30000000
2015-05-15 20:35:02,833 - Temperature_FF_Bed       : 18.20000000
2015-05-15 20:35:03,585 - Temperature_GF_Corridor  : 18.00000000
2015-05-15 20:35:03,694 - Temperature_GF_Toilet    : 21.70000000
2015-05-15 20:35:03,794 - Temperature_GF_Living    : 18.60000000
2015-05-15 20:35:03,895 - Temperature_GF_Kitchen   : 20.10000000
2015-05-15 20:35:04,002 - Temperature_FF_Bath      : 17.90000000
2015-05-15 20:35:04,110 - Temperature_FF_Office    : 20.70000000
2015-05-15 20:35:04,220 - Temperature_FF_Child     : 21.20000000
2015-05-15 20:40:00,783 - Temperature_GF_Corridor  : 20.20000000
2015-05-15 20:40:00,887 - Temperature_GF_Toilet    : 18.00000000
2015-05-15 20:40:02,242 - Temperature_GF_Living    : 18.90000000
2015-05-15 20:40:02,344 - Temperature_GF_Kitchen   : 20.50000000
2015-05-15 20:40:02,445 - Temperature_FF_Bath      : 20.60000000
2015-05-15 20:40:02,546 - Temperature_FF_Office    : 18.10000000
2015-05-15 20:40:02,648 - Temperature_FF_Child     : 21.70000000
2015-05-15 20:40:02,750 - Temperature_FF_Bed       : 20.80000000
2015-05-15 20:40:02,877 - Temperature_GF_Corridor  : 21.00000000
2015-05-15 20:40:02,982 - Temperature_GF_Toilet    : 19.80000000
2015-05-15 20:40:03,091 - Temperature_GF_Living    : 21.60000000
2015-05-15 20:40:03,192 - Temperature_GF_Kitchen   : 18.70000000
2015-05-15 20:40:03,294 - Temperature_FF_Bath      : 22.20000000
2015-05-15 20:40:03,400 - Temperature_FF_Office    : 22.10000000
2015-05-15 20:40:03,502 - Temperature_FF_Child     : 21.90000000
2015-05-15 20:40:03,610 - Temperature_FF_Bed       : 18.10000000
2015-05-15 20:45:00,265 - Temperature_GF_Corridor  : 21.70000000
2015-05-15 20:45:00,379 - Temperature_GF_Toilet    : 21.10000000
2015-05-15 20:45:00,484 - Temperature_GF_Living    : 22.30000000
2015-05-15 20:45:00,586 - Temperature_GF_Kitchen   : 20.20000000
2015-05-15 20:45:00,689 - Temperature_FF_Bath      : 21.90000000
2015-05-15 20:45:00,792 - Temperature_FF_Office    : 20.10000000
2015-05-15 20:45:00,905 - Temperature_FF_Child     : 20.30000000
2015-05-15 20:45:01,020 - Temperature_FF_Bed       : 18.50000000
2015-05-15 20:45:01,708 - Temperature_GF_Corridor  : 17.60000000
2015-05-15 20:45:01,815 - Temperature_GF_Toilet    : 20.90000000
2015-05-15 20:45:01,916 - Temperature_GF_Living    : 20.90000000
2015-05-15 20:45:02,018 - Temperature_GF_Kitchen   : 18.70000000
2015-05-15 20:45:02,125 - Temperature_FF_Bath      : 21.40000000
2015-05-15 20:45:02,226 - Temperature_FF_Office    : 18.50000000
2015-05-15 20:45:02,330 - Temperature_FF_Child     : 19.80000000
2015-05-15 20:45:03,135 - Temperature_FF_Bed       : 19.50000000
2015-05-15 20:50:00,277 - Temperature_GF_Toilet    : 17.70000000
2015-05-15 20:50:00,393 - Temperature_GF_Living    : 19.10000000
2015-05-15 20:50:00,502 - Temperature_GF_Kitchen   : 20.00000000
2015-05-15 20:50:00,604 - Temperature_FF_Bath      : 22.20000000
2015-05-15 20:50:00,705 - Temperature_FF_Office    : 18.00000000
2015-05-15 20:50:00,825 - Temperature_FF_Child     : 18.60000000
2015-05-15 20:50:02,320 - Temperature_FF_Bed       : 21.00000000
2015-05-15 20:50:02,425 - Temperature_GF_Corridor  : 21.20000000
2015-05-15 20:50:02,528 - Temperature_GF_Toilet    : 21.10000000
2015-05-15 20:50:02,628 - Temperature_GF_Living    : 20.30000000
2015-05-15 20:50:02,730 - Temperature_GF_Kitchen   : 19.90000000
2015-05-15 20:50:02,833 - Temperature_FF_Bath      : 19.80000000
2015-05-15 20:50:02,936 - Temperature_FF_Office    : 20.90000000
2015-05-15 20:50:03,060 - Temperature_FF_Child     : 18.90000000
2015-05-15 20:50:11,462 - Temperature_FF_Bed       : 21.10000000
2015-05-15 20:55:02,105 - Temperature_GF_Corridor  : 20.00000000
2015-05-15 20:55:02,214 - Temperature_GF_Toilet    : 19.90000000
2015-05-15 20:55:02,919 - Temperature_GF_Living    : 20.10000000
2015-05-15 20:55:03,028 - Temperature_GF_Kitchen   : 19.30000000
2015-05-15 20:55:03,132 - Temperature_FF_Bath      : 22.20000000
2015-05-15 20:55:03,233 - Temperature_FF_Office    : 20.00000000
2015-05-15 20:55:03,341 - Temperature_FF_Child     : 19.70000000
2015-05-15 20:55:03,445 - Temperature_FF_Bed       : 17.60000000
2015-05-15 20:55:03,551 - Temperature_GF_Corridor  : 19.30000000
2015-05-15 20:55:09,753 - Temperature_GF_Toilet    : 21.40000000
2015-05-15 20:55:13,911 - Temperature_GF_Living    : 22.00000000
2015-05-15 20:55:14,016 - Temperature_GF_Kitchen   : 21.30000000
2015-05-15 20:55:27,620 - Temperature_FF_Bath      : 17.80000000
2015-05-15 20:55:31,119 - Temperature_FF_Office    : 18.10000000
2015-05-15 20:55:34,670 - Temperature_FF_Child     : 20.20000000
2015-05-15 20:55:40,281 - Temperature_FF_Bed       : 20.00000000
2015-05-15 21:00:00,199 - Temperature_GF_Corridor  : 20.40000000
2015-05-15 21:00:00,313 - Temperature_GF_Toilet    : 19.80000000
2015-05-15 21:00:00,429 - Temperature_GF_Living    : 19.50000000
2015-05-15 21:00:01,502 - Temperature_GF_Kitchen   : 18.40000000
2015-05-15 21:00:01,633 - Temperature_FF_Bath      : 21.50000000
2015-05-15 21:00:01,735 - Temperature_FF_Office    : 18.90000000
2015-05-15 21:00:01,837 - Temperature_FF_Child     : 20.60000000
2015-05-15 21:00:01,938 - Temperature_FF_Bed       : 21.80000000
2015-05-15 21:00:02,039 - Temperature_GF_Corridor  : 21.90000000
2015-05-15 21:00:02,143 - Temperature_GF_Toilet    : 20.00000000
2015-05-15 21:00:02,264 - Temperature_GF_Living    : 21.80000000
2015-05-15 21:00:03,049 - Temperature_GF_Kitchen   : 20.20000000
2015-05-15 21:00:03,150 - Temperature_FF_Bath      : 18.70000000
2015-05-15 21:00:03,250 - Temperature_FF_Office    : 17.90000000
2015-05-15 21:00:03,353 - Temperature_FF_Child     : 20.80000000
2015-05-15 21:00:03,456 - Temperature_FF_Bed       : 22.10000000
2015-05-15 21:05:00,236 - Temperature_GF_Corridor  : 18.60000000
2015-05-15 21:05:00,358 - Temperature_GF_Toilet    : 18.00000000
2015-05-15 21:05:00,471 - Temperature_GF_Living    : 20.70000000
2015-05-15 21:05:00,572 - Temperature_GF_Kitchen   : 21.70000000
2015-05-15 21:05:00,678 - Temperature_FF_Bath      : 21.60000000
2015-05-15 21:05:00,781 - Temperature_FF_Office    : 20.70000000
2015-05-15 21:05:00,883 - Temperature_FF_Child     : 21.30000000
2015-05-15 21:05:02,359 - Temperature_FF_Bed       : 22.20000000
2015-05-15 21:05:02,460 - Temperature_GF_Corridor  : 21.70000000
2015-05-15 21:05:02,563 - Temperature_GF_Toilet    : 21.10000000
2015-05-15 21:05:02,664 - Temperature_GF_Living    : 19.70000000
2015-05-15 21:05:02,765 - Temperature_GF_Kitchen   : 18.30000000
2015-05-15 21:05:02,867 - Temperature_FF_Bath      : 21.50000000
2015-05-15 21:05:02,985 - Temperature_FF_Office    : 18.90000000
2015-05-15 21:05:03,102 - Temperature_FF_Child     : 17.70000000
2015-05-15 21:05:03,205 - Temperature_FF_Bed       : 19.00000000
2015-05-15 21:10:01,430 - Temperature_GF_Corridor  : 18.70000000
2015-05-15 21:10:01,544 - Temperature_GF_Toilet    : 22.30000000
2015-05-15 21:10:02,903 - Temperature_GF_Living    : 20.00000000
2015-05-15 21:10:03,013 - Temperature_GF_Kitchen   : 20.90000000
2015-05-15 21:10:03,116 - Temperature_FF_Bath      : 18.50000000
2015-05-15 21:10:03,217 - Temperature_FF_Office    : 19.80000000
2015-05-15 21:10:03,326 - Temperature_FF_Child     : 17.60000000
2015-05-15 21:10:03,427 - Temperature_FF_Bed       : 19.30000000
2015-05-15 21:10:03,530 - Temperature_GF_Corridor  : 19.10000000
2015-05-15 21:10:11,789 - Temperature_GF_Toilet    : 18.50000000
2015-05-15 21:10:15,940 - Temperature_GF_Living    : 21.80000000
2015-05-15 21:10:20,337 - Temperature_GF_Kitchen   : 22.30000000
2015-05-15 21:10:25,253 - Temperature_FF_Bath      : 18.70000000
2015-05-15 21:10:30,082 - Temperature_FF_Office    : 21.70000000
2015-05-15 21:10:35,001 - Temperature_FF_Child     : 17.70000000
2015-05-15 21:10:38,542 - Temperature_FF_Bed       : 18.20000000
2015-05-15 21:15:00,250 - Temperature_GF_Corridor  : 18.80000000
2015-05-15 21:15:00,362 - Temperature_GF_Toilet    : 20.10000000
2015-05-15 21:15:00,477 - Temperature_GF_Living    : 22.40000000
2015-05-15 21:15:00,579 - Temperature_GF_Kitchen   : 21.10000000
2015-05-15 21:15:00,680 - Temperature_FF_Bath      : 19.70000000
2015-05-15 21:15:00,782 - Temperature_FF_Office    : 20.10000000
2015-05-15 21:15:00,895 - Temperature_FF_Child     : 18.00000000
2015-05-15 21:15:02,367 - Temperature_FF_Bed       : 18.80000000
2015-05-15 21:15:02,469 - Temperature_GF_Corridor  : 21.00000000
2015-05-15 21:15:02,571 - Temperature_GF_Toilet    : 20.30000000
2015-05-15 21:15:02,673 - Temperature_GF_Living    : 18.20000000
2015-05-15 21:15:02,774 - Temperature_GF_Kitchen   : 19.80000000
2015-05-15 21:15:02,876 - Temperature_FF_Bath      : 20.70000000
2015-05-15 21:15:02,998 - Temperature_FF_Office    : 21.00000000
2015-05-15 21:15:03,118 - Temperature_FF_Child     : 22.00000000
2015-05-15 21:15:03,220 - Temperature_FF_Bed       : 18.90000000
2015-05-15 21:20:00,184 - Temperature_GF_Corridor  : 21.50000000
2015-05-15 21:20:00,307 - Temperature_GF_Toilet    : 20.90000000
2015-05-15 21:20:00,420 - Temperature_GF_Living    : 19.70000000
2015-05-15 21:20:00,523 - Temperature_GF_Kitchen   : 22.50000000
2015-05-15 21:20:00,631 - Temperature_FF_Bath      : 20.90000000
2015-05-15 21:20:00,734 - Temperature_FF_Office    : 22.40000000
2015-05-15 21:20:00,837 - Temperature_FF_Child     : 19.70000000
2015-05-15 21:20:02,270 - Temperature_FF_Bed       : 19.20000000
2015-05-15 21:20:02,373 - Temperature_GF_Corridor  : 18.60000000
2015-05-15 21:20:02,473 - Temperature_GF_Toilet    : 19.00000000
2015-05-15 21:20:02,574 - Temperature_GF_Living    : 22.20000000
2015-05-15 21:20:02,676 - Temperature_GF_Kitchen   : 20.60000000
2015-05-15 21:20:02,776 - Temperature_FF_Bath      : 20.00000000
2015-05-15 21:20:02,879 - Temperature_FF_Office    : 21.30000000
2015-05-15 21:20:03,002 - Temperature_FF_Child     : 22.30000000
2015-05-15 21:20:03,116 - Temperature_FF_Bed       : 21.40000000
2015-05-15 21:25:00,204 - Temperature_GF_Corridor  : 19.30000000
2015-05-15 21:25:00,319 - Temperature_GF_Toilet    : 22.10000000
2015-05-15 21:25:00,435 - Temperature_GF_Living    : 21.00000000
2015-05-15 21:25:00,537 - Temperature_GF_Kitchen   : 19.70000000
2015-05-15 21:25:00,638 - Temperature_FF_Bath      : 21.80000000
2015-05-15 21:25:00,740 - Temperature_FF_Office    : 18.50000000
2015-05-15 21:25:00,856 - Temperature_FF_Child     : 19.40000000
2015-05-15 21:25:02,264 - Temperature_FF_Bed       : 17.60000000
2015-05-15 21:25:02,457 - Temperature_GF_Corridor  : 18.50000000
2015-05-15 21:25:02,589 - Temperature_GF_Toilet    : 17.70000000
2015-05-15 21:25:02,690 - Temperature_GF_Living    : 20.20000000
2015-05-15 21:25:02,792 - Temperature_GF_Kitchen   : 18.60000000
2015-05-15 21:25:02,893 - Temperature_FF_Bath      : 17.60000000
2015-05-15 21:25:03,015 - Temperature_FF_Office    : 19.00000000
2015-05-15 21:25:11,449 - Temperature_FF_Child     : 20.70000000
2015-05-15 21:25:16,301 - Temperature_FF_Bed       : 17.80000000
2015-05-15 21:30:01,608 - Temperature_GF_Corridor  : 20.70000000
2015-05-15 21:30:01,713 - Temperature_GF_Toilet    : 20.20000000
2015-05-15 21:30:02,412 - Temperature_GF_Living    : 21.00000000
2015-05-15 21:30:02,515 - Temperature_GF_Kitchen   : 20.90000000
2015-05-15 21:30:02,617 - Temperature_FF_Bath      : 22.30000000
2015-05-15 21:30:02,718 - Temperature_FF_Office    : 20.10000000
2015-05-15 21:30:02,822 - Temperature_FF_Child     : 22.40000000
2015-05-15 21:30:02,923 - Temperature_FF_Bed       : 19.10000000
2015-05-15 21:30:03,056 - Temperature_GF_Corridor  : 18.60000000
2015-05-15 21:30:03,799 - Temperature_GF_Toilet    : 20.60000000
2015-05-15 21:30:03,899 - Temperature_GF_Living    : 18.00000000
2015-05-15 21:30:04,003 - Temperature_GF_Kitchen   : 18.10000000
2015-05-15 21:30:04,105 - Temperature_FF_Bath      : 18.30000000
2015-05-15 21:30:04,206 - Temperature_FF_Office    : 18.40000000
2015-05-15 21:30:04,308 - Temperature_FF_Child     : 22.30000000
2015-05-15 21:30:09,202 - Temperature_FF_Bed       : 20.40000000
2015-05-15 21:35:00,221 - Temperature_GF_Corridor  : 20.20000000
2015-05-15 21:35:00,342 - Temperature_GF_Toilet    : 20.80000000
2015-05-15 21:35:00,450 - Temperature_GF_Living    : 19.30000000
2015-05-15 21:35:00,554 - Temperature_GF_Kitchen   : 20.90000000
2015-05-15 21:35:00,664 - Temperature_FF_Bath      : 21.70000000
2015-05-15 21:35:00,776 - Temperature_FF_Office    : 21.10000000
2015-05-15 21:35:00,905 - Temperature_FF_Child     : 22.00000000
2015-05-15 21:35:02,466 - Temperature_FF_Bed       : 19.20000000
2015-05-15 21:35:02,570 - Temperature_GF_Corridor  : 21.70000000
2015-05-15 21:35:02,673 - Temperature_GF_Toilet    : 20.90000000
2015-05-15 21:35:02,775 - Temperature_GF_Living    : 18.00000000
2015-05-15 21:35:02,884 - Temperature_GF_Kitchen   : 21.90000000
2015-05-15 21:35:03,021 - Temperature_FF_Bath      : 18.60000000
2015-05-15 21:35:03,126 - Temperature_FF_Office    : 18.90000000
2015-05-15 21:35:03,227 - Temperature_FF_Child     : 21.00000000
2015-05-15 21:35:03,335 - Temperature_FF_Bed       : 21.60000000
2015-05-15 21:40:00,218 - Temperature_GF_Corridor  : 20.00000000
2015-05-15 21:40:00,339 - Temperature_GF_Toilet    : 18.10000000
2015-05-15 21:40:00,451 - Temperature_GF_Living    : 18.70000000
2015-05-15 21:40:00,558 - Temperature_GF_Kitchen   : 18.00000000
2015-05-15 21:40:00,665 - Temperature_FF_Bath      : 19.30000000
2015-05-15 21:40:00,772 - Temperature_FF_Office    : 19.20000000
2015-05-15 21:40:00,876 - Temperature_FF_Child     : 21.60000000
2015-05-15 21:40:02,326 - Temperature_FF_Bed       : 20.20000000
2015-05-15 21:40:02,428 - Temperature_GF_Corridor  : 19.50000000
2015-05-15 21:40:02,534 - Temperature_GF_Toilet    : 17.80000000
2015-05-15 21:40:02,638 - Temperature_GF_Living    : 17.70000000
2015-05-15 21:40:02,739 - Temperature_GF_Kitchen   : 17.80000000
2015-05-15 21:40:02,846 - Temperature_FF_Bath      : 19.00000000
2015-05-15 21:40:02,960 - Temperature_FF_Office    : 20.20000000
2015-05-15 21:40:03,073 - Temperature_FF_Child     : 22.40000000
2015-05-15 21:40:12,863 - Temperature_FF_Bed       : 22.10000000
2015-05-15 21:45:02,095 - Temperature_GF_Corridor  : 20.30000000
2015-05-15 21:45:02,204 - Temperature_GF_Toilet    : 18.60000000
2015-05-15 21:45:02,911 - Temperature_GF_Living    : 19.30000000
2015-05-15 21:45:03,025 - Temperature_GF_Kitchen   : 20.10000000
2015-05-15 21:45:03,127 - Temperature_FF_Bath      : 17.70000000
2015-05-15 21:45:03,229 - Temperature_FF_Office    : 19.80000000
2015-05-15 21:45:03,336 - Temperature_FF_Child     : 17.80000000
2015-05-15 21:45:03,437 - Temperature_FF_Bed       : 20.40000000
2015-05-15 21:45:03,541 - Temperature_GF_Corridor  : 18.90000000
2015-05-15 21:45:04,294 - Temperature_GF_Toilet    : 19.90000000
2015-05-15 21:45:13,166 - Temperature_GF_Living    : 18.60000000
2015-05-15 21:45:13,271 - Temperature_GF_Kitchen   : 22.20000000
2015-05-15 21:45:13,373 - Temperature_FF_Bath      : 17.90000000
2015-05-15 21:45:13,516 - Temperature_FF_Child     : 21.30000000
2015-05-15 21:45:13,619 - Temperature_FF_Bed       : 19.40000000
2015-05-15 21:50:00,180 - Temperature_GF_Corridor  : 21.50000000
2015-05-15 21:50:00,309 - Temperature_GF_Toilet    : 19.60000000
2015-05-15 21:50:00,485 - Temperature_GF_Living    : 21.30000000
2015-05-15 21:50:00,589 - Temperature_GF_Kitchen   : 20.00000000
2015-05-15 21:50:00,690 - Temperature_FF_Bath      : 22.10000000
2015-05-15 21:50:00,807 - Temperature_FF_Office    : 20.50000000
2015-05-15 21:50:02,254 - Temperature_FF_Child     : 21.00000000
2015-05-15 21:50:02,357 - Temperature_FF_Bed       : 22.40000000
2015-05-15 21:50:02,459 - Temperature_GF_Corridor  : 18.70000000
2015-05-15 21:50:02,562 - Temperature_GF_Toilet    : 19.00000000
2015-05-15 21:50:02,667 - Temperature_GF_Living    : 22.50000000
2015-05-15 21:50:02,768 - Temperature_GF_Kitchen   : 22.50000000
2015-05-15 21:50:02,871 - Temperature_FF_Bath      : 20.50000000
2015-05-15 21:50:02,989 - Temperature_FF_Office    : 18.80000000
2015-05-15 21:50:05,038 - Temperature_FF_Child     : 19.70000000
2015-05-15 21:50:11,134 - Temperature_FF_Bed       : 21.00000000
2015-05-15 21:55:01,938 - Temperature_GF_Corridor  : 19.20000000
2015-05-15 21:55:02,045 - Temperature_GF_Toilet    : 21.10000000
2015-05-15 21:55:03,431 - Temperature_GF_Living    : 18.80000000
2015-05-15 21:55:03,533 - Temperature_GF_Kitchen   : 19.30000000
2015-05-15 21:55:03,634 - Temperature_FF_Bath      : 17.90000000
2015-05-15 21:55:03,738 - Temperature_FF_Office    : 17.80000000
2015-05-15 21:55:03,843 - Temperature_FF_Child     : 21.60000000
2015-05-15 21:55:03,957 - Temperature_FF_Bed       : 18.80000000
2015-05-15 21:55:04,074 - Temperature_GF_Corridor  : 18.40000000
2015-05-15 21:55:10,198 - Temperature_GF_Toilet    : 19.70000000
2015-05-15 21:55:15,693 - Temperature_GF_Living    : 22.10000000
2015-05-15 21:55:23,982 - Temperature_GF_Kitchen   : 21.20000000
2015-05-15 21:55:24,095 - Temperature_FF_Bath      : 19.30000000
2015-05-15 21:55:24,196 - Temperature_FF_Office    : 18.40000000
2015-05-15 21:55:24,297 - Temperature_FF_Child     : 20.50000000
2015-05-15 21:55:30,835 - Temperature_FF_Bed       : 22.30000000
2015-05-15 22:00:00,228 - Temperature_GF_Corridor  : 22.00000000
2015-05-15 22:00:00,343 - Temperature_GF_Toilet    : 18.70000000
2015-05-15 22:00:00,518 - Temperature_GF_Kitchen   : 21.80000000
2015-05-15 22:00:00,627 - Temperature_FF_Bath      : 18.90000000
2015-05-15 22:00:00,767 - Temperature_FF_Child     : 19.20000000
2015-05-15 22:00:00,876 - Temperature_FF_Bed       : 17.80000000
2015-05-15 22:00:02,339 - Temperature_GF_Corridor  : 18.30000000
2015-05-15 22:00:02,484 - Temperature_GF_Living    : 19.30000000
2015-05-15 22:00:02,586 - Temperature_GF_Kitchen   : 18.90000000
2015-05-15 22:00:02,687 - Temperature_FF_Bath      : 19.90000000
2015-05-15 22:00:02,794 - Temperature_FF_Office    : 21.30000000
2015-05-15 22:00:02,896 - Temperature_FF_Child     : 22.00000000
2015-05-15 22:00:03,004 - Temperature_FF_Bed       : 18.30000000
2015-05-15 22:05:03,309 - Temperature_GF_Corridor  : 22.00000000
2015-05-15 22:05:03,412 - Temperature_GF_Toilet    : 18.80000000
2015-05-15 22:05:03,514 - Temperature_GF_Living    : 21.40000000
2015-05-15 22:05:03,621 - Temperature_GF_Kitchen   : 20.40000000
2015-05-15 22:05:03,725 - Temperature_FF_Bath      : 18.90000000
2015-05-15 22:05:03,826 - Temperature_FF_Office    : 19.00000000
2015-05-15 22:05:03,933 - Temperature_FF_Child     : 22.40000000
2015-05-15 22:05:04,036 - Temperature_FF_Bed       : 20.70000000
2015-05-15 22:05:10,165 - Temperature_GF_Corridor  : 20.60000000
2015-05-15 22:05:18,415 - Temperature_GF_Toilet    : 21.40000000
2015-05-15 22:05:18,524 - Temperature_GF_Living    : 18.80000000
2015-05-15 22:05:19,288 - Temperature_GF_Kitchen   : 18.50000000
2015-05-15 22:05:28,185 - Temperature_FF_Bath      : 17.70000000
2015-05-15 22:05:28,291 - Temperature_FF_Office    : 17.90000000
2015-05-15 22:05:33,714 - Temperature_FF_Child     : 21.60000000
2015-05-15 22:05:33,822 - Temperature_FF_Bed       : 21.70000000
2015-05-15 22:10:00,204 - Temperature_GF_Corridor  : 22.50000000
2015-05-15 22:10:00,327 - Temperature_GF_Toilet    : 19.90000000
2015-05-15 22:10:00,438 - Temperature_GF_Living    : 18.70000000
2015-05-15 22:10:00,546 - Temperature_GF_Kitchen   : 19.20000000
2015-05-15 22:10:00,654 - Temperature_FF_Bath      : 19.20000000
2015-05-15 22:10:00,754 - Temperature_FF_Office    : 19.50000000
2015-05-15 22:10:00,857 - Temperature_FF_Child     : 20.80000000
2015-05-15 22:10:01,635 - Temperature_FF_Bed       : 18.80000000
2015-05-15 22:10:01,737 - Temperature_GF_Corridor  : 22.20000000
2015-05-15 22:10:01,837 - Temperature_GF_Toilet    : 22.40000000
2015-05-15 22:10:01,939 - Temperature_GF_Living    : 22.50000000
2015-05-15 22:10:02,040 - Temperature_GF_Kitchen   : 19.60000000
2015-05-15 22:10:02,143 - Temperature_FF_Bath      : 19.60000000
2015-05-15 22:10:02,258 - Temperature_FF_Office    : 22.40000000
2015-05-15 22:10:03,034 - Temperature_FF_Child     : 21.50000000
2015-05-15 22:10:03,140 - Temperature_FF_Bed       : 18.50000000
2015-05-15 22:15:03,284 - Temperature_GF_Corridor  : 18.80000000
2015-05-15 22:15:03,392 - Temperature_GF_Toilet    : 22.10000000
2015-05-15 22:15:04,074 - Temperature_GF_Living    : 20.90000000
2015-05-15 22:15:04,176 - Temperature_GF_Kitchen   : 17.60000000
2015-05-15 22:15:04,282 - Temperature_FF_Bath      : 18.70000000
2015-05-15 22:15:04,384 - Temperature_FF_Office    : 20.50000000
2015-05-15 22:15:04,485 - Temperature_FF_Child     : 18.60000000
2015-05-15 22:15:04,632 - Temperature_GF_Corridor  : 19.10000000
2015-05-15 22:15:08,883 - Temperature_GF_Toilet    : 17.70000000
2015-05-15 22:15:08,986 - Temperature_GF_Living    : 20.80000000
2015-05-15 22:15:15,364 - Temperature_GF_Kitchen   : 17.80000000
2015-05-15 22:15:19,529 - Temperature_FF_Bath      : 18.40000000
2015-05-15 22:15:25,712 - Temperature_FF_Office    : 19.90000000
2015-05-15 22:15:30,617 - Temperature_FF_Bed       : 20.70000000
2015-05-15 22:20:02,620 - Temperature_GF_Corridor  : 21.30000000
2015-05-15 22:20:02,733 - Temperature_GF_Toilet    : 22.10000000
2015-05-15 22:20:03,434 - Temperature_GF_Living    : 21.40000000
2015-05-15 22:20:03,538 - Temperature_GF_Kitchen   : 20.90000000
2015-05-15 22:20:03,644 - Temperature_FF_Bath      : 20.70000000
2015-05-15 22:20:03,745 - Temperature_FF_Office    : 19.30000000
2015-05-15 22:20:03,846 - Temperature_FF_Child     : 20.10000000
2015-05-15 22:20:03,953 - Temperature_FF_Bed       : 19.30000000
2015-05-15 22:20:04,062 - Temperature_GF_Corridor  : 21.50000000
2015-05-15 22:20:09,518 - Temperature_GF_Toilet    : 21.80000000
2015-05-15 22:20:14,395 - Temperature_GF_Living    : 19.20000000
2015-05-15 22:20:22,665 - Temperature_GF_Kitchen   : 19.50000000
2015-05-15 22:20:22,771 - Temperature_FF_Bath      : 20.40000000
2015-05-15 22:20:22,880 - Temperature_FF_Office    : 21.40000000
2015-05-15 22:20:22,980 - Temperature_FF_Child     : 20.80000000
2015-05-15 22:20:23,091 - Temperature_FF_Bed       : 21.00000000
2015-05-15 22:25:00,216 - Temperature_GF_Corridor  : 21.80000000
2015-05-15 22:25:00,339 - Temperature_GF_Toilet    : 21.00000000
2015-05-15 22:25:01,848 - Temperature_GF_Living    : 18.10000000
2015-05-15 22:25:01,949 - Temperature_GF_Kitchen   : 17.90000000
2015-05-15 22:25:02,052 - Temperature_FF_Bath      : 22.40000000
2015-05-15 22:25:02,154 - Temperature_FF_Office    : 19.10000000
2015-05-15 22:25:02,255 - Temperature_FF_Child     : 21.40000000
2015-05-15 22:25:02,356 - Temperature_FF_Bed       : 21.10000000
2015-05-15 22:25:02,456 - Temperature_GF_Corridor  : 20.90000000
2015-05-15 22:25:02,574 - Temperature_GF_Toilet    : 21.20000000
2015-05-15 22:25:11,711 - Temperature_GF_Living    : 21.40000000
2015-05-15 22:25:20,586 - Temperature_GF_Kitchen   : 17.60000000
2015-05-15 22:25:20,690 - Temperature_FF_Bath      : 21.20000000
2015-05-15 22:25:22,064 - Temperature_FF_Office    : 21.30000000
2015-05-15 22:25:22,166 - Temperature_FF_Child     : 17.70000000
2015-05-15 22:25:22,306 - Temperature_FF_Bed       : 19.90000000
2015-05-15 22:30:01,962 - Temperature_GF_Corridor  : 21.40000000
2015-05-15 22:30:02,066 - Temperature_GF_Toilet    : 18.00000000
2015-05-15 22:30:02,781 - Temperature_GF_Living    : 19.70000000
2015-05-15 22:30:02,895 - Temperature_GF_Kitchen   : 18.80000000
2015-05-15 22:30:02,997 - Temperature_FF_Bath      : 20.00000000
2015-05-15 22:30:03,113 - Temperature_FF_Office    : 18.30000000
2015-05-15 22:30:03,214 - Temperature_FF_Child     : 19.50000000
2015-05-15 22:30:03,322 - Temperature_FF_Bed       : 19.50000000
2015-05-15 22:30:03,425 - Temperature_GF_Corridor  : 18.50000000
2015-05-15 22:30:08,881 - Temperature_GF_Toilet    : 22.50000000
2015-05-15 22:30:08,984 - Temperature_GF_Living    : 18.60000000
2015-05-15 22:30:09,085 - Temperature_GF_Kitchen   : 21.00000000
2015-05-15 22:30:09,228 - Temperature_FF_Office    : 22.40000000
2015-05-15 22:30:09,331 - Temperature_FF_Child     : 18.40000000
2015-05-15 22:30:13,727 - Temperature_FF_Bed       : 19.70000000
2015-05-15 22:35:00,185 - Temperature_GF_Corridor  : 22.40000000
2015-05-15 22:35:00,301 - Temperature_GF_Toilet    : 22.40000000
2015-05-15 22:35:00,415 - Temperature_GF_Living    : 18.00000000
2015-05-15 22:35:00,518 - Temperature_GF_Kitchen   : 21.20000000
2015-05-15 22:35:00,621 - Temperature_FF_Bath      : 17.80000000
2015-05-15 22:35:00,723 - Temperature_FF_Office    : 21.60000000
2015-05-15 22:35:00,838 - Temperature_FF_Child     : 22.40000000
2015-05-15 22:35:02,255 - Temperature_FF_Bed       : 18.80000000
2015-05-15 22:35:02,356 - Temperature_GF_Corridor  : 19.90000000
2015-05-15 22:35:02,463 - Temperature_GF_Toilet    : 22.20000000
2015-05-15 22:35:02,564 - Temperature_GF_Living    : 19.10000000
2015-05-15 22:35:02,666 - Temperature_GF_Kitchen   : 21.00000000
2015-05-15 22:35:02,772 - Temperature_FF_Bath      : 22.00000000
2015-05-15 22:35:02,873 - Temperature_FF_Office    : 18.30000000
2015-05-15 22:35:02,976 - Temperature_FF_Child     : 22.20000000
2015-05-15 22:35:09,368 - Temperature_FF_Bed       : 21.10000000
2015-05-15 22:40:03,339 - Temperature_GF_Corridor  : 21.30000000
2015-05-15 22:40:03,443 - Temperature_GF_Toilet    : 20.60000000
2015-05-15 22:40:03,546 - Temperature_GF_Living    : 18.90000000
2015-05-15 22:40:03,650 - Temperature_GF_Kitchen   : 21.50000000
2015-05-15 22:40:03,751 - Temperature_FF_Bath      : 22.10000000
2015-05-15 22:40:03,854 - Temperature_FF_Office    : 21.80000000
2015-05-15 22:40:03,956 - Temperature_FF_Child     : 21.60000000
2015-05-15 22:40:04,073 - Temperature_FF_Bed       : 20.20000000
2015-05-15 22:40:10,543 - Temperature_GF_Corridor  : 20.50000000
2015-05-15 22:40:16,015 - Temperature_GF_Toilet    : 21.00000000
2015-05-15 22:40:21,508 - Temperature_GF_Living    : 20.10000000
2015-05-15 22:40:26,384 - Temperature_GF_Kitchen   : 22.00000000
2015-05-15 22:40:36,594 - Temperature_FF_Bath      : 19.20000000
2015-05-15 22:40:36,705 - Temperature_FF_Office    : 18.60000000
2015-05-15 22:40:36,807 - Temperature_FF_Child     : 17.70000000
2015-05-15 22:40:36,913 - Temperature_FF_Bed       : 21.50000000
2015-05-15 22:45:00,180 - Temperature_GF_Corridor  : 21.00000000
2015-05-15 22:45:00,293 - Temperature_GF_Toilet    : 21.90000000
2015-05-15 22:45:00,406 - Temperature_GF_Living    : 19.50000000
2015-05-15 22:45:00,508 - Temperature_GF_Kitchen   : 18.40000000
2015-05-15 22:45:00,609 - Temperature_FF_Bath      : 19.10000000
2015-05-15 22:45:00,718 - Temperature_FF_Office    : 18.50000000
2015-05-15 22:45:00,833 - Temperature_FF_Child     : 20.10000000
2015-05-15 22:45:02,246 - Temperature_FF_Bed       : 21.10000000
2015-05-15 22:45:02,348 - Temperature_GF_Corridor  : 19.00000000
2015-05-15 22:45:02,488 - Temperature_GF_Toilet    : 19.80000000
2015-05-15 22:45:02,629 - Temperature_GF_Kitchen   : 18.20000000
2015-05-15 22:45:02,739 - Temperature_FF_Bath      : 19.20000000
2015-05-15 22:45:02,842 - Temperature_FF_Office    : 20.70000000
2015-05-15 22:45:02,984 - Temperature_FF_Bed       : 20.70000000
2015-05-15 22:50:00,232 - Temperature_GF_Corridor  : 19.30000000
2015-05-15 22:50:00,354 - Temperature_GF_Toilet    : 19.40000000
2015-05-15 22:50:00,467 - Temperature_GF_Living    : 18.80000000
2015-05-15 22:50:00,569 - Temperature_GF_Kitchen   : 17.60000000
2015-05-15 22:50:00,676 - Temperature_FF_Bath      : 18.40000000
2015-05-15 22:50:00,777 - Temperature_FF_Office    : 22.40000000
2015-05-15 22:50:00,881 - Temperature_FF_Child     : 19.30000000
2015-05-15 22:50:01,671 - Temperature_FF_Bed       : 20.10000000
2015-05-15 22:50:01,773 - Temperature_GF_Corridor  : 20.60000000
2015-05-15 22:50:01,880 - Temperature_GF_Toilet    : 20.40000000
2015-05-15 22:50:01,981 - Temperature_GF_Living    : 19.70000000
2015-05-15 22:50:02,083 - Temperature_GF_Kitchen   : 19.40000000
2015-05-15 22:50:02,198 - Temperature_FF_Bath      : 17.80000000
2015-05-15 22:50:02,300 - Temperature_FF_Office    : 20.60000000
2015-05-15 22:50:03,074 - Temperature_FF_Child     : 20.00000000
2015-05-15 22:50:03,175 - Temperature_FF_Bed       : 18.70000000
2015-05-15 22:55:00,179 - Temperature_GF_Corridor  : 21.10000000
2015-05-15 22:55:00,294 - Temperature_GF_Toilet    : 19.20000000
2015-05-15 22:55:00,411 - Temperature_GF_Living    : 19.40000000
2015-05-15 22:55:00,514 - Temperature_GF_Kitchen   : 18.60000000
2015-05-15 22:55:00,615 - Temperature_FF_Bath      : 19.40000000
2015-05-15 22:55:00,717 - Temperature_FF_Office    : 21.70000000
2015-05-15 22:55:00,832 - Temperature_FF_Child     : 19.50000000
2015-05-15 22:55:02,287 - Temperature_GF_Corridor  : 22.20000000
2015-05-15 22:55:02,389 - Temperature_GF_Toilet    : 22.20000000
2015-05-15 22:55:02,497 - Temperature_GF_Living    : 21.60000000
2015-05-15 22:55:02,598 - Temperature_GF_Kitchen   : 18.70000000
2015-05-15 22:55:02,706 - Temperature_FF_Bath      : 18.60000000
2015-05-15 22:55:02,807 - Temperature_FF_Office    : 19.10000000
2015-05-15 22:55:02,910 - Temperature_FF_Child     : 22.30000000
2015-05-15 22:55:11,380 - Temperature_FF_Bed       : 20.80000000
2015-05-15 23:00:00,190 - Temperature_GF_Corridor  : 22.30000000
2015-05-15 23:00:00,303 - Temperature_GF_Toilet    : 20.30000000
2015-05-15 23:00:00,418 - Temperature_GF_Living    : 17.60000000
2015-05-15 23:00:00,537 - Temperature_GF_Kitchen   : 22.00000000
2015-05-15 23:00:00,638 - Temperature_FF_Bath      : 19.00000000
2015-05-15 23:00:00,742 - Temperature_FF_Office    : 18.10000000
2015-05-15 23:00:00,859 - Temperature_FF_Child     : 20.60000000
2015-05-15 23:00:02,276 - Temperature_FF_Bed       : 22.40000000
2015-05-15 23:00:02,377 - Temperature_GF_Corridor  : 19.10000000
2015-05-15 23:00:02,479 - Temperature_GF_Toilet    : 19.70000000
2015-05-15 23:00:02,579 - Temperature_GF_Living    : 20.60000000
2015-05-15 23:00:02,680 - Temperature_GF_Kitchen   : 19.20000000
2015-05-15 23:00:02,781 - Temperature_FF_Bath      : 18.20000000
2015-05-15 23:00:02,900 - Temperature_FF_Office    : 17.80000000
2015-05-15 23:00:03,036 - Temperature_FF_Child     : 20.80000000
2015-05-15 23:00:03,138 - Temperature_FF_Bed       : 20.00000000
2015-05-15 23:05:02,636 - Temperature_GF_Corridor  : 22.20000000
2015-05-15 23:05:02,748 - Temperature_GF_Toilet    : 22.20000000
2015-05-15 23:05:03,431 - Temperature_GF_Living    : 20.10000000
2015-05-15 23:05:03,533 - Temperature_GF_Kitchen   : 20.00000000
2015-05-15 23:05:03,640 - Temperature_FF_Bath      : 22.00000000
2015-05-15 23:05:03,743 - Temperature_FF_Office    : 21.30000000
2015-05-15 23:05:03,845 - Temperature_FF_Child     : 21.10000000
2015-05-15 23:05:03,947 - Temperature_FF_Bed       : 19.60000000
2015-05-15 23:05:04,063 - Temperature_GF_Corridor  : 18.30000000
2015-05-15 23:05:08,234 - Temperature_GF_Toilet    : 20.30000000
2015-05-15 23:05:08,350 - Temperature_GF_Living    : 17.70000000
2015-05-15 23:05:08,457 - Temperature_GF_Kitchen   : 21.70000000
2015-05-15 23:05:08,568 - Temperature_FF_Bath      : 21.50000000
2015-05-15 23:05:08,671 - Temperature_FF_Office    : 20.70000000
2015-05-15 23:05:08,778 - Temperature_FF_Child     : 17.80000000
2015-05-15 23:05:08,879 - Temperature_FF_Bed       : 20.40000000
2015-05-18 02:00:08,350 - Temperature_GF_Corridor  : 20.20000000
2015-05-18 02:00:12,715 - Temperature_GF_Toilet    : 21.30000000
2015-05-18 02:00:12,828 - Temperature_GF_Living    : 19.50000000
2015-05-18 02:00:16,888 - Temperature_GF_Kitchen   : 21.10000000
2015-05-18 02:00:16,998 - Temperature_FF_Bath      : 20.40000000
2015-05-18 02:00:17,115 - Temperature_FF_Office    : 19.00000000
2015-05-18 02:00:17,232 - Temperature_FF_Child     : 21.60000000
2015-05-18 02:00:17,342 - Temperature_FF_Bed       : 21.70000000
2015-05-18 02:05:02,982 - Temperature_GF_Corridor  : 18.40000000
2015-05-18 02:05:03,093 - Temperature_GF_Toilet    : 22.20000000
2015-05-18 02:05:03,200 - Temperature_GF_Living    : 21.30000000
2015-05-18 02:05:09,051 - Temperature_GF_Kitchen   : 20.70000000
2015-05-18 02:05:15,234 - Temperature_FF_Bath      : 20.00000000
2015-05-18 02:05:21,391 - Temperature_FF_Office    : 18.10000000
2015-05-18 02:05:29,635 - Temperature_FF_Child     : 20.50000000
2015-05-18 02:05:29,754 - Temperature_FF_Bed       : 18.60000000
2015-05-18 02:10:03,010 - Temperature_GF_Corridor  : 21.80000000
2015-05-18 02:10:03,132 - Temperature_GF_Toilet    : 18.90000000
2015-05-18 02:10:03,245 - Temperature_GF_Living    : 19.80000000
2015-05-18 02:10:18,652 - Temperature_GF_Kitchen   : 22.30000000
2015-05-18 02:10:24,205 - Temperature_FF_Bath      : 22.50000000
2015-05-18 02:10:28,773 - Temperature_FF_Office    : 18.40000000
2015-05-18 02:10:34,333 - Temperature_FF_Child     : 22.40000000
2015-05-18 02:10:34,442 - Temperature_FF_Bed       : 21.70000000
2015-05-18 02:15:02,594 - Temperature_GF_Corridor  : 22.10000000
2015-05-18 02:15:02,709 - Temperature_GF_Toilet    : 19.30000000
2015-05-18 02:15:02,819 - Temperature_GF_Living    : 21.30000000
2015-05-18 02:15:02,932 - Temperature_GF_Kitchen   : 20.60000000
2015-05-18 02:15:03,045 - Temperature_FF_Bath      : 20.50000000
2015-05-18 02:15:03,168 - Temperature_FF_Office    : 21.60000000
2015-05-18 02:15:12,075 - Temperature_FF_Child     : 18.90000000
2015-05-18 02:15:18,241 - Temperature_FF_Bed       : 21.20000000
2015-05-18 02:20:02,280 - Temperature_GF_Corridor  : 18.00000000
2015-05-18 02:20:02,399 - Temperature_GF_Toilet    : 17.80000000
2015-05-18 02:20:02,509 - Temperature_GF_Living    : 19.80000000
2015-05-18 02:20:02,619 - Temperature_GF_Kitchen   : 20.40000000
2015-05-18 02:20:02,741 - Temperature_FF_Bath      : 22.00000000
2015-05-18 02:20:02,866 - Temperature_FF_Office    : 19.90000000
2015-05-18 02:20:14,534 - Temperature_FF_Child     : 21.60000000
2015-05-18 02:20:19,340 - Temperature_FF_Bed       : 21.00000000
2015-05-18 02:25:04,647 - Temperature_GF_Corridor  : 20.70000000
2015-05-18 02:25:10,684 - Temperature_GF_Toilet    : 21.10000000
2015-05-18 02:25:16,846 - Temperature_GF_Living    : 21.10000000
2015-05-18 02:25:24,478 - Temperature_GF_Kitchen   : 18.50000000
2015-05-18 02:25:29,375 - Temperature_FF_Bath      : 22.20000000
2015-05-18 02:25:34,231 - Temperature_FF_Office    : 18.00000000
2015-05-18 02:25:39,833 - Temperature_FF_Child     : 20.90000000
2015-05-18 02:25:45,645 - Temperature_FF_Bed       : 20.30000000
2015-05-18 02:30:02,652 - Temperature_GF_Corridor  : 18.90000000
2015-05-18 02:30:02,776 - Temperature_GF_Toilet    : 18.20000000
2015-05-18 02:30:02,888 - Temperature_GF_Living    : 21.00000000
2015-05-18 02:30:02,997 - Temperature_GF_Kitchen   : 22.30000000
2015-05-18 02:30:03,106 - Temperature_FF_Bath      : 20.80000000
2015-05-18 02:30:03,239 - Temperature_FF_Office    : 17.80000000
2015-05-18 02:30:16,190 - Temperature_FF_Child     : 18.00000000
2015-05-18 02:30:19,011 - Temperature_FF_Bed       : 19.40000000
2015-05-18 02:35:02,648 - Temperature_GF_Corridor  : 17.60000000
2015-05-18 02:35:02,773 - Temperature_GF_Toilet    : 20.10000000
2015-05-18 02:35:02,887 - Temperature_GF_Living    : 18.30000000
2015-05-18 02:35:03,002 - Temperature_GF_Kitchen   : 17.70000000
2015-05-18 02:35:03,112 - Temperature_FF_Bath      : 18.90000000
2015-05-18 02:35:03,223 - Temperature_FF_Office    : 19.50000000
2015-05-18 02:35:10,100 - Temperature_FF_Child     : 21.50000000
2015-05-18 02:35:14,272 - Temperature_FF_Bed       : 19.10000000
2015-05-18 02:40:02,972 - Temperature_GF_Corridor  : 20.10000000
2015-05-18 02:40:03,086 - Temperature_GF_Toilet    : 18.40000000
2015-05-18 02:40:03,241 - Temperature_GF_Living    : 20.20000000
2015-05-18 02:40:12,454 - Temperature_GF_Kitchen   : 20.60000000
2015-05-18 02:40:12,571 - Temperature_FF_Bath      : 19.10000000
2015-05-18 02:40:12,681 - Temperature_FF_Office    : 20.50000000
2015-05-18 02:40:12,792 - Temperature_FF_Child     : 20.20000000
2015-05-18 02:40:12,907 - Temperature_FF_Bed       : 18.60000000
2015-05-18 02:45:01,611 - Temperature_GF_Corridor  : 18.70000000
2015-05-18 02:45:01,734 - Temperature_GF_Toilet    : 18.70000000
2015-05-18 02:45:01,848 - Temperature_GF_Living    : 17.70000000
2015-05-18 02:45:01,957 - Temperature_GF_Kitchen   : 21.20000000
2015-05-18 02:45:02,113 - Temperature_FF_Office    : 19.00000000
2015-05-18 02:45:02,224 - Temperature_FF_Child     : 18.50000000
2015-05-18 02:45:13,255 - Temperature_FF_Bed       : 19.50000000
2015-05-18 02:50:02,649 - Temperature_GF_Corridor  : 18.00000000
2015-05-18 02:50:02,763 - Temperature_GF_Toilet    : 20.90000000
2015-05-18 02:50:02,874 - Temperature_GF_Living    : 21.00000000
2015-05-18 02:50:02,993 - Temperature_GF_Kitchen   : 18.20000000
2015-05-18 02:50:03,106 - Temperature_FF_Bath      : 21.10000000
2015-05-18 02:50:03,218 - Temperature_FF_Office    : 21.20000000
2015-05-18 02:50:12,108 - Temperature_FF_Child     : 19.20000000
2015-05-18 02:50:18,256 - Temperature_FF_Bed       : 18.70000000
2015-05-18 02:55:02,959 - Temperature_GF_Corridor  : 22.20000000
2015-05-18 02:55:03,073 - Temperature_GF_Toilet    : 21.40000000
2015-05-18 02:55:03,186 - Temperature_GF_Living    : 20.10000000
2015-05-18 02:55:06,964 - Temperature_GF_Kitchen   : 19.30000000
2015-05-18 02:55:07,079 - Temperature_FF_Bath      : 18.80000000
2015-05-18 02:55:07,193 - Temperature_FF_Office    : 21.00000000
2015-05-18 02:55:07,303 - Temperature_FF_Child     : 19.00000000
2015-05-18 02:55:07,412 - Temperature_FF_Bed       : 19.70000000
2015-05-18 03:00:02,637 - Temperature_GF_Corridor  : 18.50000000
2015-05-18 03:00:02,760 - Temperature_GF_Toilet    : 20.80000000
2015-05-18 03:00:02,879 - Temperature_GF_Living    : 18.80000000
2015-05-18 03:00:02,993 - Temperature_GF_Kitchen   : 17.90000000
2015-05-18 03:00:03,111 - Temperature_FF_Bath      : 18.40000000
2015-05-18 03:00:03,227 - Temperature_FF_Office    : 19.10000000
2015-05-18 03:00:09,371 - Temperature_FF_Child     : 22.50000000
2015-05-18 03:00:17,520 - Temperature_FF_Bed       : 17.70000000
2015-05-18 03:05:03,011 - Temperature_GF_Corridor  : 20.70000000
2015-05-18 03:05:03,123 - Temperature_GF_Toilet    : 22.30000000
2015-05-18 03:05:03,234 - Temperature_GF_Living    : 18.00000000
2015-05-18 03:05:15,176 - Temperature_GF_Kitchen   : 19.90000000
2015-05-18 03:05:19,339 - Temperature_FF_Bath      : 20.80000000
2015-05-18 03:05:24,864 - Temperature_FF_Office    : 17.70000000
2015-05-18 03:05:30,340 - Temperature_FF_Child     : 22.20000000
2015-05-18 03:05:36,551 - Temperature_FF_Bed       : 20.30000000
2015-05-18 03:10:04,069 - Temperature_GF_Corridor  : 22.00000000
2015-05-18 03:10:10,761 - Temperature_GF_Living    : 21.40000000
2015-05-18 03:10:15,630 - Temperature_GF_Kitchen   : 17.70000000
2015-05-18 03:10:19,798 - Temperature_FF_Bath      : 20.00000000
2015-05-18 03:10:29,476 - Temperature_FF_Office    : 19.80000000
2015-05-18 03:10:31,078 - Temperature_FF_Child     : 19.50000000
2015-05-18 03:10:31,192 - Temperature_FF_Bed       : 22.40000000
2015-05-18 03:15:03,314 - Temperature_GF_Corridor  : 18.80000000
2015-05-18 03:15:08,025 - Temperature_GF_Toilet    : 21.10000000
2015-05-18 03:15:08,137 - Temperature_GF_Living    : 20.50000000
2015-05-18 03:15:08,247 - Temperature_GF_Kitchen   : 18.40000000
2015-05-18 03:15:14,900 - Temperature_FF_Bath      : 18.40000000
2015-05-18 03:15:19,728 - Temperature_FF_Office    : 17.70000000
2015-05-18 03:15:25,988 - Temperature_FF_Child     : 20.60000000
2015-05-18 03:15:26,103 - Temperature_FF_Bed       : 18.80000000
2015-05-18 03:20:03,007 - Temperature_GF_Corridor  : 22.50000000
2015-05-18 03:20:03,124 - Temperature_GF_Toilet    : 17.60000000
2015-05-18 03:20:03,237 - Temperature_GF_Living    : 18.60000000
2015-05-18 03:20:07,009 - Temperature_GF_Kitchen   : 20.10000000
2015-05-18 03:20:07,120 - Temperature_FF_Bath      : 19.10000000
2015-05-18 03:20:07,230 - Temperature_FF_Office    : 21.60000000
2015-05-18 03:20:07,341 - Temperature_FF_Child     : 19.30000000
2015-05-18 03:20:07,457 - Temperature_FF_Bed       : 21.60000000
2015-05-18 03:25:02,283 - Temperature_GF_Corridor  : 17.70000000
2015-05-18 03:25:02,398 - Temperature_GF_Toilet    : 18.80000000
2015-05-18 03:25:02,509 - Temperature_GF_Living    : 21.10000000
2015-05-18 03:25:02,631 - Temperature_GF_Kitchen   : 20.80000000
2015-05-18 03:25:02,747 - Temperature_FF_Bath      : 20.90000000
2015-05-18 03:25:02,880 - Temperature_FF_Office    : 19.60000000
2015-05-18 03:25:02,997 - Temperature_FF_Child     : 19.00000000
2015-05-18 03:25:19,299 - Temperature_FF_Bed       : 21.70000000
2015-05-18 03:30:02,294 - Temperature_GF_Corridor  : 22.20000000
2015-05-18 03:30:02,414 - Temperature_GF_Toilet    : 19.60000000
2015-05-18 03:30:02,524 - Temperature_GF_Living    : 21.80000000
2015-05-18 03:30:02,635 - Temperature_GF_Kitchen   : 17.80000000
2015-05-18 03:30:02,758 - Temperature_FF_Bath      : 21.50000000
2015-05-18 03:30:02,871 - Temperature_FF_Office    : 20.00000000
2015-05-18 03:30:13,816 - Temperature_FF_Child     : 18.70000000
2015-05-18 03:30:13,929 - Temperature_FF_Bed       : 20.90000000
2015-05-18 03:35:03,329 - Temperature_GF_Corridor  : 19.60000000
2015-05-18 03:35:07,986 - Temperature_GF_Toilet    : 22.10000000
2015-05-18 03:35:08,104 - Temperature_GF_Living    : 20.20000000
2015-05-18 03:35:08,215 - Temperature_GF_Kitchen   : 21.80000000
2015-05-18 03:35:16,974 - Temperature_FF_Bath      : 18.70000000
2015-05-18 03:35:17,088 - Temperature_FF_Office    : 22.00000000
2015-05-18 03:35:23,149 - Temperature_FF_Child     : 21.30000000
2015-05-18 03:35:23,262 - Temperature_FF_Bed       : 20.60000000
2015-05-18 03:40:02,273 - Temperature_GF_Corridor  : 20.80000000
2015-05-18 03:40:02,394 - Temperature_GF_Toilet    : 21.90000000
2015-05-18 03:40:02,503 - Temperature_GF_Living    : 18.30000000
2015-05-18 03:40:02,627 - Temperature_GF_Kitchen   : 18.70000000
2015-05-18 03:40:02,738 - Temperature_FF_Bath      : 21.80000000
2015-05-18 03:40:02,862 - Temperature_FF_Office    : 19.10000000
2015-05-18 03:40:09,031 - Temperature_FF_Child     : 18.10000000
2015-05-18 03:40:15,849 - Temperature_FF_Bed       : 20.20000000
2015-05-18 03:45:02,339 - Temperature_GF_Corridor  : 20.30000000
2015-05-18 03:45:02,458 - Temperature_GF_Toilet    : 18.10000000
2015-05-18 03:45:02,577 - Temperature_GF_Living    : 18.80000000
2015-05-18 03:45:02,696 - Temperature_GF_Kitchen   : 20.00000000
2015-05-18 03:45:02,806 - Temperature_FF_Bath      : 20.20000000
2015-05-18 03:45:02,918 - Temperature_FF_Office    : 19.80000000
2015-05-18 03:45:11,110 - Temperature_FF_Child     : 19.50000000
2015-05-18 03:45:20,633 - Temperature_FF_Bed       : 20.90000000
2015-05-18 03:50:01,949 - Temperature_GF_Corridor  : 19.80000000
2015-05-18 03:50:02,071 - Temperature_GF_Toilet    : 22.40000000
2015-05-18 03:50:02,181 - Temperature_GF_Living    : 20.10000000
2015-05-18 03:50:02,297 - Temperature_GF_Kitchen   : 21.50000000
2015-05-18 03:50:02,416 - Temperature_FF_Bath      : 20.00000000
2015-05-18 03:50:02,528 - Temperature_FF_Office    : 20.70000000
2015-05-18 03:50:09,443 - Temperature_FF_Child     : 17.90000000
2015-05-18 03:50:24,490 - Temperature_FF_Bed       : 22.50000000
2015-05-18 03:55:02,924 - Temperature_GF_Corridor  : 21.20000000
2015-05-18 03:55:03,037 - Temperature_GF_Toilet    : 21.20000000
2015-05-18 03:55:03,156 - Temperature_GF_Living    : 18.00000000
2015-05-18 03:55:03,274 - Temperature_GF_Kitchen   : 19.40000000
2015-05-18 03:55:07,608 - Temperature_FF_Bath      : 22.40000000
2015-05-18 03:55:07,721 - Temperature_FF_Office    : 21.20000000
2015-05-18 03:55:07,831 - Temperature_FF_Child     : 21.70000000
2015-05-18 03:55:07,942 - Temperature_FF_Bed       : 19.60000000
2015-05-18 04:00:02,265 - Temperature_GF_Corridor  : 21.80000000
2015-05-18 04:00:02,379 - Temperature_GF_Toilet    : 18.50000000
2015-05-18 04:00:02,489 - Temperature_GF_Living    : 22.20000000
2015-05-18 04:00:02,601 - Temperature_GF_Kitchen   : 21.10000000
2015-05-18 04:00:02,726 - Temperature_FF_Bath      : 21.60000000
2015-05-18 04:00:02,844 - Temperature_FF_Office    : 19.90000000
2015-05-18 04:00:11,111 - Temperature_FF_Child     : 22.40000000
2015-05-18 04:00:15,928 - Temperature_FF_Bed       : 20.30000000
2015-05-18 04:05:03,345 - Temperature_GF_Corridor  : 18.90000000
2015-05-18 04:05:07,998 - Temperature_GF_Toilet    : 21.30000000
2015-05-18 04:05:08,109 - Temperature_GF_Living    : 19.90000000
2015-05-18 04:05:08,231 - Temperature_GF_Kitchen   : 22.10000000
2015-05-18 04:05:12,834 - Temperature_FF_Bath      : 19.60000000
2015-05-18 04:05:12,951 - Temperature_FF_Office    : 21.10000000
2015-05-18 04:05:13,061 - Temperature_FF_Child     : 21.70000000
2015-05-18 04:05:13,197 - Temperature_FF_Bed       : 20.60000000
2015-05-18 04:10:04,682 - Temperature_GF_Corridor  : 20.10000000
2015-05-18 04:10:08,707 - Temperature_GF_Toilet    : 22.40000000
2015-05-18 04:10:14,901 - Temperature_GF_Living    : 21.40000000
2015-05-18 04:10:19,068 - Temperature_GF_Kitchen   : 19.20000000
2015-05-18 04:10:25,236 - Temperature_FF_Bath      : 17.90000000
2015-05-18 04:10:28,734 - Temperature_FF_Office    : 19.20000000
2015-05-18 04:10:34,258 - Temperature_FF_Child     : 18.90000000
2015-05-18 04:10:43,178 - Temperature_FF_Bed       : 18.20000000
2015-05-18 04:15:09,643 - Temperature_GF_Corridor  : 19.70000000
2015-05-18 04:15:14,453 - Temperature_GF_Toilet    : 20.10000000
2015-05-18 04:15:18,598 - Temperature_GF_Living    : 18.70000000
2015-05-18 04:15:28,141 - Temperature_GF_Kitchen   : 22.40000000
2015-05-18 04:15:28,264 - Temperature_FF_Bath      : 20.10000000
2015-05-18 04:15:33,300 - Temperature_FF_Office    : 20.50000000
2015-05-18 04:15:38,819 - Temperature_FF_Child     : 22.10000000
2015-05-18 04:15:42,948 - Temperature_FF_Bed       : 18.30000000
2015-05-18 04:20:03,408 - Temperature_GF_Corridor  : 17.70000000
2015-05-18 04:20:12,067 - Temperature_GF_Toilet    : 22.20000000
2015-05-18 04:20:16,895 - Temperature_GF_Living    : 18.50000000
2015-05-18 04:20:21,744 - Temperature_GF_Kitchen   : 20.30000000
2015-05-18 04:20:26,543 - Temperature_FF_Bath      : 19.50000000
2015-05-18 04:20:33,366 - Temperature_FF_Office    : 18.80000000
2015-05-18 04:20:33,490 - Temperature_FF_Child     : 20.30000000
2015-05-18 04:20:35,483 - Temperature_FF_Bed       : 18.90000000
2015-05-18 04:25:03,316 - Temperature_GF_Corridor  : 22.20000000
2015-05-18 04:25:07,986 - Temperature_GF_Toilet    : 21.50000000
2015-05-18 04:25:08,098 - Temperature_GF_Living    : 18.60000000
2015-05-18 04:25:08,208 - Temperature_GF_Kitchen   : 17.70000000
2015-05-18 04:25:14,790 - Temperature_FF_Bath      : 21.10000000
2015-05-18 04:25:19,612 - Temperature_FF_Office    : 21.60000000
2015-05-18 04:25:23,726 - Temperature_FF_Child     : 19.70000000
2015-05-18 04:25:28,211 - Temperature_FF_Bed       : 20.20000000
2015-05-18 04:30:02,312 - Temperature_GF_Corridor  : 21.90000000
2015-05-18 04:30:02,433 - Temperature_GF_Toilet    : 22.30000000
2015-05-18 04:30:02,543 - Temperature_GF_Living    : 21.50000000
2015-05-18 04:30:02,658 - Temperature_GF_Kitchen   : 17.60000000
2015-05-18 04:30:02,809 - Temperature_FF_Office    : 20.40000000
2015-05-18 04:30:02,921 - Temperature_FF_Child     : 21.90000000
2015-05-18 04:30:12,436 - Temperature_FF_Bed       : 19.40000000
2015-05-18 04:35:02,245 - Temperature_GF_Corridor  : 18.60000000
2015-05-18 04:35:02,364 - Temperature_GF_Toilet    : 21.80000000
2015-05-18 04:35:02,477 - Temperature_GF_Living    : 21.40000000
2015-05-18 04:35:02,597 - Temperature_GF_Kitchen   : 19.90000000
2015-05-18 04:35:02,713 - Temperature_FF_Bath      : 21.40000000
2015-05-18 04:35:02,825 - Temperature_FF_Office    : 19.80000000
2015-05-18 04:35:11,060 - Temperature_FF_Child     : 19.60000000
2015-05-18 04:35:18,652 - Temperature_FF_Bed       : 21.80000000
2015-05-18 04:40:03,081 - Temperature_GF_Corridor  : 18.00000000
2015-05-18 04:40:03,195 - Temperature_GF_Toilet    : 21.00000000
2015-05-18 04:40:07,677 - Temperature_GF_Living    : 22.00000000
2015-05-18 04:40:07,788 - Temperature_GF_Kitchen   : 19.10000000
2015-05-18 04:40:07,899 - Temperature_FF_Bath      : 17.90000000
2015-05-18 04:40:08,014 - Temperature_FF_Office    : 21.70000000
2015-05-18 04:40:08,132 - Temperature_FF_Child     : 21.80000000
2015-05-18 04:40:08,243 - Temperature_FF_Bed       : 21.20000000
2015-05-18 04:45:04,462 - Temperature_GF_Corridor  : 20.30000000
2015-05-18 04:45:09,833 - Temperature_GF_Toilet    : 18.80000000
2015-05-18 04:45:13,951 - Temperature_GF_Living    : 21.60000000
2015-05-18 04:45:19,467 - Temperature_GF_Kitchen   : 19.40000000
2015-05-18 04:45:27,704 - Temperature_FF_Office    : 20.60000000
2015-05-18 04:45:27,822 - Temperature_FF_Child     : 20.40000000
2015-05-18 04:45:33,228 - Temperature_FF_Bed       : 20.40000000
2015-05-18 04:50:01,594 - Temperature_GF_Corridor  : 19.30000000
2015-05-18 04:50:01,709 - Temperature_GF_Toilet    : 22.20000000
2015-05-18 04:50:01,848 - Temperature_GF_Living    : 18.00000000
2015-05-18 04:50:01,966 - Temperature_GF_Kitchen   : 18.80000000
2015-05-18 04:50:02,082 - Temperature_FF_Bath      : 19.40000000
2015-05-18 04:50:02,194 - Temperature_FF_Office    : 20.20000000
2015-05-18 04:50:09,689 - Temperature_FF_Child     : 21.70000000
2015-05-18 04:55:02,947 - Temperature_GF_Corridor  : 21.30000000
2015-05-18 04:55:03,063 - Temperature_GF_Toilet    : 19.70000000
2015-05-18 04:55:03,174 - Temperature_GF_Living    : 20.60000000
2015-05-18 04:55:03,285 - Temperature_GF_Kitchen   : 19.30000000
2015-05-18 04:55:10,246 - Temperature_FF_Bath      : 19.20000000
2015-05-18 04:55:16,406 - Temperature_FF_Office    : 19.00000000
2015-05-18 04:55:22,628 - Temperature_FF_Child     : 19.40000000
2015-05-18 04:55:22,749 - Temperature_FF_Bed       : 22.10000000
2015-05-18 05:00:03,028 - Temperature_GF_Corridor  : 20.50000000
2015-05-18 05:00:03,152 - Temperature_GF_Toilet    : 17.80000000
2015-05-18 05:00:03,280 - Temperature_GF_Living    : 19.60000000
2015-05-18 05:00:07,753 - Temperature_GF_Kitchen   : 17.90000000
2015-05-18 05:00:07,867 - Temperature_FF_Bath      : 19.60000000
2015-05-18 05:00:07,978 - Temperature_FF_Office    : 17.70000000
2015-05-18 05:00:08,093 - Temperature_FF_Child     : 19.50000000
2015-05-18 05:00:08,203 - Temperature_FF_Bed       : 21.90000000
2015-05-18 05:05:02,288 - Temperature_GF_Corridor  : 21.00000000
2015-05-18 05:05:02,460 - Temperature_GF_Toilet    : 19.20000000
2015-05-18 05:05:02,574 - Temperature_GF_Living    : 18.60000000
2015-05-18 05:05:02,684 - Temperature_GF_Kitchen   : 22.00000000
2015-05-18 05:05:02,804 - Temperature_FF_Bath      : 18.20000000
2015-05-18 05:05:02,933 - Temperature_FF_Office    : 18.60000000
2015-05-18 05:05:11,076 - Temperature_FF_Child     : 18.70000000
2015-05-18 05:05:15,929 - Temperature_FF_Bed       : 21.70000000
2015-05-18 05:10:02,926 - Temperature_GF_Corridor  : 18.00000000
2015-05-18 05:10:03,047 - Temperature_GF_Toilet    : 21.10000000
2015-05-18 05:10:03,158 - Temperature_GF_Living    : 21.00000000
2015-05-18 05:10:03,273 - Temperature_GF_Kitchen   : 21.80000000
2015-05-18 05:10:06,963 - Temperature_FF_Bath      : 19.30000000
2015-05-18 05:10:07,075 - Temperature_FF_Office    : 17.80000000
2015-05-18 05:10:07,190 - Temperature_FF_Child     : 18.30000000
2015-05-18 05:10:07,301 - Temperature_FF_Bed       : 18.70000000
2015-05-18 05:15:03,359 - Temperature_GF_Corridor  : 21.30000000
2015-05-18 05:15:08,038 - Temperature_GF_Toilet    : 20.50000000
2015-05-18 05:15:08,196 - Temperature_GF_Kitchen   : 21.10000000
2015-05-18 05:15:12,871 - Temperature_FF_Bath      : 17.60000000
2015-05-18 05:15:12,983 - Temperature_FF_Office    : 17.60000000
2015-05-18 05:15:13,094 - Temperature_FF_Child     : 20.00000000
2015-05-18 05:15:13,205 - Temperature_FF_Bed       : 21.30000000
2015-05-18 05:20:02,934 - Temperature_GF_Corridor  : 17.60000000
2015-05-18 05:20:03,054 - Temperature_GF_Toilet    : 20.20000000
2015-05-18 05:20:03,165 - Temperature_GF_Living    : 20.70000000
2015-05-18 05:20:03,282 - Temperature_GF_Kitchen   : 21.00000000
2015-05-18 05:20:06,986 - Temperature_FF_Bath      : 20.50000000
2015-05-18 05:20:07,100 - Temperature_FF_Office    : 20.90000000
2015-05-18 05:20:07,216 - Temperature_FF_Child     : 17.90000000
2015-05-18 05:20:07,327 - Temperature_FF_Bed       : 20.00000000
2015-05-18 05:25:03,660 - Temperature_GF_Corridor  : 20.20000000
2015-05-18 05:25:08,364 - Temperature_GF_Toilet    : 21.80000000
2015-05-18 05:25:13,206 - Temperature_GF_Living    : 22.00000000
2015-05-18 05:25:18,054 - Temperature_GF_Kitchen   : 20.90000000
2015-05-18 05:25:18,166 - Temperature_FF_Bath      : 17.80000000
2015-05-18 05:25:18,277 - Temperature_FF_Office    : 20.70000000
2015-05-18 05:25:21,507 - Temperature_FF_Child     : 22.30000000
2015-05-18 05:25:21,627 - Temperature_FF_Bed       : 21.80000000
2015-05-18 05:30:02,332 - Temperature_GF_Toilet    : 21.50000000
2015-05-18 05:30:02,447 - Temperature_GF_Living    : 17.60000000
2015-05-18 05:30:02,568 - Temperature_GF_Kitchen   : 18.70000000
2015-05-18 05:30:02,683 - Temperature_FF_Bath      : 21.70000000
2015-05-18 05:30:02,794 - Temperature_FF_Office    : 21.20000000
2015-05-18 05:30:02,907 - Temperature_FF_Child     : 20.90000000
2015-05-18 05:30:10,393 - Temperature_FF_Bed       : 19.60000000
2015-05-18 05:35:03,316 - Temperature_GF_Corridor  : 22.40000000
2015-05-18 05:35:08,018 - Temperature_GF_Toilet    : 21.20000000
2015-05-18 05:35:08,131 - Temperature_GF_Living    : 22.20000000
2015-05-18 05:35:08,252 - Temperature_GF_Kitchen   : 21.40000000
2015-05-18 05:35:14,847 - Temperature_FF_Bath      : 19.20000000
2015-05-18 05:35:21,665 - Temperature_FF_Office    : 22.10000000
2015-05-18 05:35:26,635 - Temperature_FF_Child     : 21.60000000
2015-05-18 05:35:26,759 - Temperature_FF_Bed       : 17.90000000
2015-05-18 05:40:14,636 - Temperature_GF_Corridor  : 19.90000000
2015-05-18 05:40:21,410 - Temperature_GF_Toilet    : 19.90000000
2015-05-18 05:40:26,226 - Temperature_GF_Living    : 20.50000000
2015-05-18 05:40:30,337 - Temperature_GF_Kitchen   : 21.90000000
2015-05-18 05:40:37,215 - Temperature_FF_Bath      : 21.60000000
2015-05-18 05:40:41,977 - Temperature_FF_Office    : 20.60000000
2015-05-18 05:40:50,796 - Temperature_FF_Child     : 17.70000000
2015-05-18 05:40:50,913 - Temperature_FF_Bed       : 17.80000000
2015-05-18 05:45:10,049 - Temperature_GF_Corridor  : 20.30000000
2015-05-18 05:45:14,749 - Temperature_GF_Toilet    : 20.70000000
2015-05-18 05:45:18,901 - Temperature_GF_Living    : 19.90000000
2015-05-18 05:45:24,397 - Temperature_GF_Kitchen   : 19.90000000
2015-05-18 05:45:27,899 - Temperature_FF_Bath      : 21.20000000
2015-05-18 05:45:28,016 - Temperature_FF_Office    : 19.10000000
2015-05-18 05:45:38,755 - Temperature_FF_Child     : 19.40000000
2015-05-18 05:45:38,865 - Temperature_FF_Bed       : 21.30000000
2015-05-18 05:50:02,296 - Temperature_GF_Corridor  : 18.60000000
2015-05-18 05:50:02,415 - Temperature_GF_Toilet    : 17.70000000
2015-05-18 05:50:02,525 - Temperature_GF_Living    : 19.00000000
2015-05-18 05:50:02,635 - Temperature_GF_Kitchen   : 19.20000000
2015-05-18 05:50:02,753 - Temperature_FF_Bath      : 17.70000000
2015-05-18 05:50:02,871 - Temperature_FF_Office    : 21.50000000
2015-05-18 05:50:12,342 - Temperature_FF_Child     : 20.60000000
2015-05-18 05:50:19,137 - Temperature_FF_Bed       : 19.30000000
2015-05-18 05:55:02,240 - Temperature_GF_Corridor  : 21.70000000
2015-05-18 05:55:02,355 - Temperature_GF_Toilet    : 19.90000000
2015-05-18 05:55:02,467 - Temperature_GF_Living    : 20.40000000
2015-05-18 05:55:02,586 - Temperature_GF_Kitchen   : 19.00000000
2015-05-18 05:55:02,702 - Temperature_FF_Bath      : 20.60000000
2015-05-18 05:55:02,820 - Temperature_FF_Office    : 18.10000000
2015-05-18 05:55:12,343 - Temperature_FF_Child     : 18.50000000
2015-05-18 05:55:16,443 - Temperature_FF_Bed       : 22.20000000
2015-05-18 06:00:10,075 - Temperature_GF_Corridor  : 19.70000000
2015-05-18 06:00:17,429 - Temperature_GF_Toilet    : 20.70000000
2015-05-18 06:00:17,543 - Temperature_GF_Living    : 22.00000000
2015-05-18 06:00:18,239 - Temperature_GF_Kitchen   : 22.30000000
2015-05-18 06:00:18,350 - Temperature_FF_Bath      : 18.90000000
2015-05-18 06:00:18,462 - Temperature_FF_Office    : 19.80000000
2015-05-18 06:00:18,572 - Temperature_FF_Child     : 22.00000000
2015-05-18 06:00:18,683 - Temperature_FF_Bed       : 18.60000000
2015-05-18 06:05:09,465 - Temperature_GF_Corridor  : 18.50000000
2015-05-18 06:05:14,777 - Temperature_GF_Toilet    : 19.00000000
2015-05-18 06:05:18,239 - Temperature_GF_Living    : 18.40000000
2015-05-18 06:05:25,739 - Temperature_GF_Kitchen   : 21.60000000
2015-05-18 06:05:29,218 - Temperature_FF_Bath      : 21.80000000
2015-05-18 06:05:36,090 - Temperature_FF_Office    : 19.30000000
2015-05-18 06:05:36,247 - Temperature_FF_Child     : 21.10000000
2015-05-18 06:05:36,358 - Temperature_FF_Bed       : 18.90000000
2015-05-18 06:10:02,613 - Temperature_GF_Corridor  : 17.80000000
2015-05-18 06:10:02,743 - Temperature_GF_Toilet    : 18.20000000
2015-05-18 06:10:02,864 - Temperature_GF_Living    : 17.90000000
2015-05-18 06:10:02,974 - Temperature_GF_Kitchen   : 19.00000000
2015-05-18 06:10:03,084 - Temperature_FF_Bath      : 18.10000000
2015-05-18 06:10:03,206 - Temperature_FF_Office    : 21.90000000
2015-05-18 06:10:10,690 - Temperature_FF_Child     : 21.70000000
2015-05-18 06:10:15,516 - Temperature_FF_Bed       : 22.20000000
2015-05-18 06:15:04,031 - Temperature_GF_Corridor  : 21.60000000
2015-05-18 06:15:09,410 - Temperature_GF_Toilet    : 20.00000000
2015-05-18 06:15:12,852 - Temperature_GF_Living    : 20.20000000
2015-05-18 06:15:12,967 - Temperature_GF_Kitchen   : 20.90000000
2015-05-18 06:15:18,693 - Temperature_FF_Bath      : 21.70000000
2015-05-18 06:15:21,839 - Temperature_FF_Office    : 20.60000000
2015-05-18 06:15:21,963 - Temperature_FF_Child     : 20.70000000
2015-05-18 06:15:22,073 - Temperature_FF_Bed       : 20.80000000
2015-05-18 06:20:02,981 - Temperature_GF_Corridor  : 22.30000000
2015-05-18 06:20:03,093 - Temperature_GF_Toilet    : 19.70000000
2015-05-18 06:20:03,204 - Temperature_GF_Living    : 17.60000000
2015-05-18 06:20:08,963 - Temperature_GF_Kitchen   : 19.90000000
2015-05-18 06:20:13,806 - Temperature_FF_Bath      : 17.90000000
2015-05-18 06:20:17,965 - Temperature_FF_Office    : 18.10000000
2015-05-18 06:20:18,079 - Temperature_FF_Child     : 17.70000000
2015-05-18 06:20:23,468 - Temperature_FF_Bed       : 17.90000000
2015-05-18 06:25:03,256 - Temperature_GF_Corridor  : 17.80000000
2015-05-18 06:25:14,019 - Temperature_GF_Toilet    : 18.60000000
2015-05-18 06:25:18,852 - Temperature_GF_Living    : 22.10000000
2015-05-18 06:25:22,964 - Temperature_GF_Kitchen   : 18.40000000
2015-05-18 06:25:23,085 - Temperature_FF_Bath      : 20.70000000
2015-05-18 06:25:32,555 - Temperature_FF_Office    : 19.60000000
2015-05-18 06:25:32,673 - Temperature_FF_Child     : 21.20000000
2015-05-18 06:25:46,094 - Temperature_FF_Bed       : 19.50000000
2015-05-18 06:30:02,269 - Temperature_GF_Corridor  : 21.60000000
2015-05-18 06:30:02,389 - Temperature_GF_Toilet    : 21.10000000
2015-05-18 06:30:02,501 - Temperature_GF_Living    : 18.70000000
2015-05-18 06:30:02,618 - Temperature_GF_Kitchen   : 21.70000000
2015-05-18 06:30:02,735 - Temperature_FF_Bath      : 22.30000000
2015-05-18 06:30:02,848 - Temperature_FF_Office    : 18.90000000
2015-05-18 06:30:16,475 - Temperature_FF_Child     : 22.30000000
2015-05-18 06:30:19,219 - Temperature_FF_Bed       : 21.00000000
2015-05-18 06:35:04,233 - Temperature_GF_Corridor  : 21.10000000
2015-05-18 06:35:17,888 - Temperature_GF_Toilet    : 18.40000000
2015-05-18 06:35:18,008 - Temperature_GF_Living    : 19.70000000
2015-05-18 06:35:25,386 - Temperature_GF_Kitchen   : 21.60000000
2015-05-18 06:35:30,891 - Temperature_FF_Bath      : 18.90000000
2015-05-18 06:35:36,036 - Temperature_FF_Office    : 18.60000000
2015-05-18 06:35:41,884 - Temperature_FF_Child     : 18.60000000
2015-05-18 06:35:45,659 - Temperature_FF_Bed       : 18.90000000
2015-05-18 06:40:02,285 - Temperature_GF_Corridor  : 21.90000000
2015-05-18 06:40:02,404 - Temperature_GF_Toilet    : 22.50000000
2015-05-18 06:40:02,515 - Temperature_GF_Living    : 18.30000000
2015-05-18 06:40:02,626 - Temperature_GF_Kitchen   : 19.50000000
2015-05-18 06:40:02,747 - Temperature_FF_Bath      : 21.10000000
2015-05-18 06:40:02,859 - Temperature_FF_Office    : 18.00000000
2015-05-18 06:40:11,011 - Temperature_FF_Child     : 20.20000000
2015-05-18 06:40:15,860 - Temperature_FF_Bed       : 18.10000000
2015-05-18 06:45:02,268 - Temperature_GF_Corridor  : 22.50000000
2015-05-18 06:45:02,382 - Temperature_GF_Toilet    : 21.80000000
2015-05-18 06:45:02,493 - Temperature_GF_Living    : 18.50000000
2015-05-18 06:45:02,615 - Temperature_GF_Kitchen   : 20.10000000
2015-05-18 06:45:02,725 - Temperature_FF_Bath      : 18.90000000
2015-05-18 06:45:02,849 - Temperature_FF_Office    : 19.80000000
2015-05-18 06:45:16,396 - Temperature_FF_Child     : 21.00000000
2015-05-18 06:45:19,170 - Temperature_FF_Bed       : 21.90000000
2015-05-18 06:50:02,994 - Temperature_GF_Corridor  : 21.90000000
2015-05-18 06:50:03,110 - Temperature_GF_Toilet    : 19.60000000
2015-05-18 06:50:03,240 - Temperature_GF_Living    : 21.50000000
2015-05-18 06:50:07,611 - Temperature_GF_Kitchen   : 20.00000000
2015-05-18 06:50:07,726 - Temperature_FF_Bath      : 20.20000000
2015-05-18 06:50:07,851 - Temperature_FF_Office    : 18.60000000
2015-05-18 06:50:07,963 - Temperature_FF_Child     : 18.30000000
2015-05-18 06:50:08,079 - Temperature_FF_Bed       : 21.70000000
2015-05-18 06:55:02,231 - Temperature_GF_Corridor  : 19.40000000
2015-05-18 06:55:02,345 - Temperature_GF_Toilet    : 22.30000000
2015-05-18 06:55:02,456 - Temperature_GF_Living    : 19.50000000
2015-05-18 06:55:02,567 - Temperature_GF_Kitchen   : 20.90000000
2015-05-18 06:55:02,686 - Temperature_FF_Bath      : 22.40000000
2015-05-18 06:55:02,831 - Temperature_FF_Office    : 22.20000000
2015-05-18 06:55:10,291 - Temperature_FF_Child     : 21.50000000
2015-05-18 06:55:19,844 - Temperature_FF_Bed       : 17.60000000
2015-05-18 07:00:03,940 - Temperature_GF_Corridor  : 20.80000000
2015-05-18 07:00:09,923 - Temperature_GF_Toilet    : 17.80000000
2015-05-18 07:00:14,694 - Temperature_GF_Living    : 18.10000000
2015-05-18 07:00:24,145 - Temperature_GF_Kitchen   : 18.90000000
2015-05-18 07:00:24,264 - Temperature_FF_Bath      : 19.80000000
2015-05-18 07:00:26,290 - Temperature_FF_Office    : 20.40000000
2015-05-18 07:00:26,442 - Temperature_FF_Bed       : 18.10000000
2015-05-18 07:05:02,388 - Temperature_GF_Corridor  : 22.00000000
2015-05-18 07:05:02,498 - Temperature_GF_Toilet    : 18.40000000
2015-05-18 07:05:02,617 - Temperature_GF_Living    : 21.70000000
2015-05-18 07:05:02,728 - Temperature_GF_Kitchen   : 22.10000000
2015-05-18 07:05:02,838 - Temperature_FF_Bath      : 19.30000000
2015-05-18 07:05:02,965 - Temperature_FF_Office    : 18.70000000
2015-05-18 07:05:13,018 - Temperature_FF_Child     : 17.60000000
2015-05-18 07:05:19,912 - Temperature_FF_Bed       : 19.30000000
2015-05-18 07:10:04,989 - Temperature_GF_Corridor  : 18.10000000
2015-05-18 07:10:18,451 - Temperature_GF_Toilet    : 19.70000000
2015-05-18 07:10:18,572 - Temperature_GF_Living    : 20.40000000
2015-05-18 07:10:18,684 - Temperature_GF_Kitchen   : 20.00000000
2015-05-18 07:10:18,802 - Temperature_FF_Bath      : 18.30000000
2015-05-18 07:10:18,921 - Temperature_FF_Office    : 21.10000000
2015-05-18 07:10:19,031 - Temperature_FF_Child     : 20.90000000
2015-05-18 07:10:19,148 - Temperature_FF_Bed       : 21.50000000
2015-06-10 02:50:12,505 - Temperature_GF_Corridor  : 19.50000000
2015-06-10 02:50:19,285 - Temperature_GF_Toilet    : 19.10000000
2015-06-10 02:50:36,675 - Temperature_GF_Living    : 18.50000000
2015-06-10 02:50:39,415 - Temperature_GF_Kitchen   : 19.40000000
2015-06-10 02:50:50,180 - Temperature_FF_Bath      : 22.10000000
2015-06-10 02:50:55,621 - Temperature_FF_Office    : 18.90000000
2015-06-10 02:50:55,774 - Temperature_FF_Child     : 21.20000000
2015-06-10 02:50:55,966 - Temperature_FF_Bed       : 20.00000000
2015-06-10 02:50:56,111 - temp_home                : 20.20000000
2015-06-10 02:55:00,990 - Temperature_GF_Corridor  : 19.40000000
2015-06-10 02:55:01,133 - Temperature_GF_Toilet    : 21.50000000
2015-06-10 02:55:01,501 - Temperature_GF_Living    : 21.30000000
2015-06-10 02:55:03,635 - Temperature_GF_Kitchen   : 17.90000000
2015-06-10 02:55:04,908 - Temperature_FF_Bath      : 18.10000000
2015-06-10 02:55:13,838 - Temperature_FF_Office    : 21.60000000
2015-06-10 02:55:22,703 - Temperature_FF_Child     : 22.00000000
2015-06-10 02:55:22,846 - Temperature_FF_Bed       : 18.80000000
2015-06-10 02:55:22,948 - temp_home                : 22.20000000
2015-06-10 05:10:59,645 - tempHome                 : 25.0
2015-06-10 05:11:16,993 - tempHome                 : 25.99
2015-06-10 05:11:26,459 - tempHome                 : 23
2015-06-10 06:24:53,391 - tempHome                 : 68
2015-06-10 06:24:58,929 - tempHome                 : 23
2015-06-10 06:49:52,872 - tempHome                 : 28
2015-06-10 06:55:20,293 - tempHome                 : 27.5
2015-06-10 07:01:09,609 - tempHome                 : 24.4
2015-06-10 22:14:40,707 - tempHome                 : 22.9
2015-06-10 22:22:40,632 - tempHome                 : 23.9
2015-06-10 22:29:23,785 - tempHome                 : 24
